#
# A fatal error has been detected by the Java Runtime Environment:
#
#  EXCEPTION_ACCESS_VIOLATION (0xc0000005) at pc=0x0000000066b20000, pid=14332, tid=14904
#
# JRE version: OpenJDK Runtime Environment (23.0.1+11) (build 23.0.1+11-39)
# Java VM: OpenJDK 64-Bit Server VM (23.0.1+11-39, mixed mode, sharing, tiered, compressed oops, compressed class ptrs, g1 gc, windows-amd64)
# Problematic frame:
# C  [gdx-box2d64.dll+0x20000]
#
# No core dump will be written. Minidumps are not enabled by default on client versions of Windows
#
# If you would like to submit a bug report, please visit:
#   https://bugreport.java.com/bugreport/crash.jsp
# The crash happened outside the Java Virtual Machine in native code.
# See problematic frame for where to report the bug.
#

---------------  S U M M A R Y ------------

Command Line: -Dfile.encoding=UTF-8 -Duser.country=US -Duser.language=en -Duser.variant io.angrybirds.lwjgl3.Lwjgl3Launcher

Host: Intel(R) Core(TM) i7-10610U CPU @ 1.80GHz, 8 cores, 15G,  Windows 11 , 64 bit Build 26100 (10.0.26100.2161)
Time: Wed Nov 27 18:45:15 2024 India Standard Time elapsed time: 4.643068 seconds (0d 0h 0m 4s)

---------------  T H R E A D  ---------------

Current thread (0x000002048bb5f290):  JavaThread "main"             [_thread_in_native, id=14904, stack(0x000000dc35700000,0x000000dc35800000) (1024K)]

Stack: [0x000000dc35700000,0x000000dc35800000],  sp=0x000000dc357fec98,  free space=1019k
Native frames: (J=compiled Java code, j=interpreted, Vv=VM code, C=native code)
C  [gdx-box2d64.dll+0x20000]  (no source info available)
C  [gdx-box2d64.dll+0x263aa]  (no source info available)
C  0x000002049da7d207  (no source info available)

The last pc belongs to native method entry point (kind = native) (printed below).
Java frames: (J=compiled Java code, j=interpreted, Vv=VM code)
j  com.badlogic.gdx.physics.box2d.World.jniStep(JFII)V+0
j  com.badlogic.gdx.physics.box2d.World.step(FII)V+8
j  io.angrybirds.screens.LevelScreen.update(F)V+9
j  io.angrybirds.screens.LevelScreen.render(F)V+30
j  io.angrybirds.screens.PauseScreen.render(F)V+17
j  com.badlogic.gdx.Game.render()V+19
j  io.angrybirds.Main.render()V+5
j  com.badlogic.gdx.backends.lwjgl3.Lwjgl3Window.update()Z+282
j  com.badlogic.gdx.backends.lwjgl3.Lwjgl3Application.loop()V+120
j  com.badlogic.gdx.backends.lwjgl3.Lwjgl3Application.<init>(Lcom/badlogic/gdx/ApplicationListener;Lcom/badlogic/gdx/backends/lwjgl3/Lwjgl3ApplicationConfiguration;)V+269
j  io.angrybirds.lwjgl3.Lwjgl3Launcher.createApplication()Lcom/badlogic/gdx/backends/lwjgl3/Lwjgl3Application;+14
j  io.angrybirds.lwjgl3.Lwjgl3Launcher.main([Ljava/lang/String;)V+7
v  ~StubRoutines::call_stub 0x000002049da70fcd

siginfo: EXCEPTION_ACCESS_VIOLATION (0xc0000005), writing address 0x00000204fa963378


Registers:
RAX=0x0000000066b46700, RBX=0x00000204ef7b0ed0, RCX=0x00000204fa94a070, RDX=0x000000dc357fecc0
RSP=0x000000dc357fec98, RBP=0x000000dc357fedc0, RSI=0x00000204ae25bea0, RDI=0x000002049da78700
R8 =0x00000204fa94a070, R9 =0x000000dc357fec90, R10=0x000002049da7d1d8, R11=0x0000000000000102
R12=0x00000204fa94a070, R13=0x00000204ef7b0ed0, R14=0x000000dc357fee08, R15=0x000002048bb5f290
RIP=0x0000000066b20000, EFLAGS=0x0000000000010206


Register to memory mapping:

RAX=0x0000000066b46700 gdx-box2d64.dll
RBX={method} {0x00000204ef7b0ed8} 'jniStep' '(JFII)V' in 'com/badlogic/gdx/physics/box2d/World'
RCX=0x00000204fa94a070 points into unknown readable memory: 0x00000204fb7f0080 | 80 00 7f fb 04 02 00 00
RDX=0x000000dc357fecc0 is pointing into the stack for thread: 0x000002048bb5f290
RSP=0x000000dc357fec98 is pointing into the stack for thread: 0x000002048bb5f290
RBP=0x000000dc357fedc0 is pointing into the stack for thread: 0x000002048bb5f290
RSI=0x00000204ae25bea0 is a pointer to class: 
java.lang.invoke.DirectMethodHandle$Constructor {0x00000204ae25bea8}
 - instance size:     6
 - klass size:        116
 - access:            final synchronized 
 - flags:             rewritten has_nonstatic_fields is_shared_boot_class has_localvariable_table 
 - state:             fully_initialized
 - name:              'java/lang/invoke/DirectMethodHandle$Constructor'
 - super:             'java/lang/invoke/DirectMethodHandle'
 - sub:               
 - arrays:            null
 - methods:           Array<T>(0x00000204ae8b91d0)
 - method ordering:   Array<T>(0x00000204ae693860)
 - local interfaces:  Array<T>(0x00000204ae665d60)
 - trans. interfaces: Array<T>(0x00000204ae775560)
 - secondary supers: Array<T>(0x00000204ae775560)
 - hash_slot:         34
 - bitmap:            0x8000000000000000
 - constants:         constant pool [91] {0x00000204ae8b8da0} for 'java/lang/invoke/DirectMethodHandle$Constructor' cache=0x00000204ae25c298
 - class loader data:  loader data: 0x00000204acfecf10 of 'bootstrap'
 - source file:       'DirectMethodHandle.java'
 - class annotations:       Array<T>(0x0000000000000000)
 - class type annotations:  Array<T>(0x0000000000000000)
 - field annotations:       Array<T>(0x0000000000000000)
 - field type annotations:  Array<T>(0x0000000000000000)
 - inner classes:     Array<T>(0x00000204ae693810)
 - nest members:     Array<T>(0x00000204ae665d58)
 - permitted subclasses:     Array<T>(0x00000204ae665d58)
 - java mirror:       a 'java/lang/Class'{0x0000000714445c60} = 'java/lang/invoke/DirectMethodHandle$Constructor'
 - vtable length      52  (start addr: 0x00000204ae25c070)
 - itable length      5 (start addr: 0x00000204ae25c210)
 - ---- static fields (1 words):
 - static final synthetic '$assertionsDisabled' 'Z' @112 
 - ---- non-static fields (8 words):
 - private 'customizationCount' 'B' @12 
 - private volatile 'updateInProgress' 'Z' @13 
 - private final 'type' 'Ljava/lang/invoke/MethodType;' @16 
 - final 'form' 'Ljava/lang/invoke/LambdaForm;' @20 
 - private 'asTypeCache' 'Ljava/lang/invoke/MethodHandle;' @24 
 - private 'asTypeSoftCache' 'Ljava/lang/ref/SoftReference;' @28 
 - final 'crackable' 'Z' @14 
 - final 'member' 'Ljava/lang/invoke/MemberName;' @32 
 - final 'initMethod' 'Ljava/lang/invoke/MemberName;' @36 
 - final 'instanceClass' 'Ljava/lang/Class;' @40 
 - non-static oop maps: 16-40 
RDI=0x000002049da78700 is at code_begin+1280 in an Interpreter codelet
return entry points  [0x000002049da78200, 0x000002049da78e90]  3216 bytes
R8 =0x00000204fa94a070 points into unknown readable memory: 0x00000204fb7f0080 | 80 00 7f fb 04 02 00 00
R9 =0x000000dc357fec90 is pointing into the stack for thread: 0x000002048bb5f290
R10=0x000002049da7d1d8 is at code_begin+1016 in an Interpreter codelet
native method entry point (kind = native)  [0x000002049da7cde0, 0x000002049da7d938]  2904 bytes
R11=0x0000000000000102 is an unknown value
R12=0x00000204fa94a070 points into unknown readable memory: 0x00000204fb7f0080 | 80 00 7f fb 04 02 00 00
R13={method} {0x00000204ef7b0ed8} 'jniStep' '(JFII)V' in 'com/badlogic/gdx/physics/box2d/World'
R14=0x000000dc357fee08 is pointing into the stack for thread: 0x000002048bb5f290
R15=0x000002048bb5f290 is a thread

Top of Stack: (sp=0x000000dc357fec98)
0x000000dc357fec98:   0000000066b263aa 000000dc357fee10
0x000000dc357feca8:   000000dc357feda0 0000000000004000
0x000000dc357fecb8:   00000000000002d0 0000000066b466a0
0x000000dc357fecc8:   000002048bb5f650 000000dc357fee08
0x000000dc357fecd8:   0000000000000000 0000000066b46700
0x000000dc357fece8:   000002048bb5f650 000000dc357fee08
0x000000dc357fecf8:   000000dc000002d0 000000003f800000
0x000000dc357fed08:   0000000000000000 0000000000000000
0x000000dc357fed18:   000002049da7d207 000000dc357fedac
0x000000dc357fed28:   00000204ef695e58 3e19999a3e19999a
0x000000dc357fed38:   3f8000003e4ccccd 0000020400000008
0x000000dc357fed48:   000000dc00000003 000000dc357fee30
0x000000dc357fed58:   0000000000000000 00000204f4d235d0
0x000000dc357fed68:   0000000000004000 000000dc357fee20
0x000000dc357fed78:   fffffffffffffff7 0000000000000000
0x000000dc357fed88:   0000000000000009 00000204ef7c2ed0
0x000000dc357fed98:   0000000000000000 00000007139fd9f8
0x000000dc357feda8:   00000204ef7b0ed0 0000000000000000
0x000000dc357fedb8:   000000dc357fede0 000000dc357fee58
0x000000dc357fedc8:   000002049da78700 0000000000000000
0x000000dc357fedd8:   000002049da7a5d7 0000000000000003
0x000000dc357fede8:   0000000000000008 000000003c888889
0x000000dc357fedf8:   00000204fa94a070 0000000000000000
0x000000dc357fee08:   00000007136497b8 fffffffffffffff7
0x000000dc357fee18:   00000204ef7b0e00 0000000000000005
0x000000dc357fee28:   00000204ef7c2ed0 0000000000000000
0x000000dc357fee38:   00000007139fd9f8 00000204ef7b0e40
0x000000dc357fee48:   fffffffffffffff1 000000dc357fee68
0x000000dc357fee58:   000000dc357feed0 000002049da78700
0x000000dc357fee68:   0000000000000003 0000000000000008
0x000000dc357fee78:   000000dc3c888889 00000007136497b8
0x000000dc357fee88:   fffffffffffffff7 00000204ef7a7921 

Instructions: (pc=0x0000000066b20000)
0x0000000066b1ff00:   89 a4 24 18 93 01 00 49 c7 84 24 60 93 01 00 00
0x0000000066b1ff10:   00 00 00 49 c7 84 24 68 93 01 00 00 00 00 00 49
0x0000000066b1ff20:   c7 84 24 70 93 01 00 00 00 00 00 49 c7 84 24 78
0x0000000066b1ff30:   93 01 00 00 00 00 00 48 83 c4 20 5b 41 5c 41 5d
0x0000000066b1ff40:   c3 49 89 c5 4c 89 e1 e8 24 ae fe ff 4c 89 e9 e8
0x0000000066b1ff50:   7c 37 01 00 48 89 c3 4c 89 e9 e8 91 b7 fe ff 49
0x0000000066b1ff60:   89 dd eb e0 66 66 2e 0f 1f 84 00 00 00 00 00 90
0x0000000066b1ff70:   41 54 56 53 48 83 ec 20 48 8b b1 20 93 01 00 49
0x0000000066b1ff80:   89 cc 48 85 f6 74 39 48 89 f0 48 8b 76 68 48 8b
0x0000000066b1ff90:   58 70 48 85 db 74 eb 66 0f 1f 84 00 00 00 00 00
0x0000000066b1ffa0:   48 89 d9 48 8b 5b 08 4c 89 e2 c7 41 30 00 00 00
0x0000000066b1ffb0:   00 e8 5a e8 ff ff 48 85 db 75 e5 48 85 f6 75 c7
0x0000000066b1ffc0:   49 8d 8c 24 a0 92 01 00 e8 93 35 fe ff 49 8d 8c
0x0000000066b1ffd0:   24 80 00 00 00 e8 16 b7 fe ff 4c 89 e1 48 83 c4
0x0000000066b1ffe0:   20 5b 5e 41 5c e9 86 ad fe ff 66 0f 1f 44 00 00
0x0000000066b1fff0:   48 89 91 48 93 01 00 c3 0f 1f 84 00 00 00 00 00
0x0000000066b20000:   48 89 91 08 93 01 00 c3 0f 1f 84 00 00 00 00 00
0x0000000066b20010:   48 89 91 10 93 01 00 c3 0f 1f 84 00 00 00 00 00
0x0000000066b20020:   48 89 91 50 93 01 00 c3 0f 1f 84 00 00 00 00 00
0x0000000066b20030:   41 55 41 54 53 48 83 ec 20 48 89 cb 49 89 d5 f6
0x0000000066b20040:   81 98 92 01 00 02 75 58 ba b8 00 00 00 48 89 d9
0x0000000066b20050:   e8 6b ad fe ff 49 89 d8 4c 89 ea 49 89 c4 48 89
0x0000000066b20060:   c1 e8 4a cf ff ff 49 c7 44 24 60 00 00 00 00 48
0x0000000066b20070:   8b 83 20 93 01 00 49 89 44 24 68 48 85 c0 74 04
0x0000000066b20080:   4c 89 60 60 83 83 30 93 01 00 01 4c 89 e0 4c 89
0x0000000066b20090:   a3 20 93 01 00 48 83 c4 20 5b 41 5c 41 5d c3 90
0x0000000066b200a0:   41 b8 6d 00 00 00 48 8d 15 73 26 02 00 48 8d 0d
0x0000000066b200b0:   ca 26 02 00 45 31 e4 ff 15 f7 62 03 00 f6 83 98
0x0000000066b200c0:   92 01 00 02 74 82 4c 89 e0 48 83 c4 20 5b 41 5c
0x0000000066b200d0:   41 5d c3 90 66 66 2e 0f 1f 84 00 00 00 00 00 90
0x0000000066b200e0:   56 53 48 83 ec 28 48 89 cb 48 89 d6 f6 81 98 92
0x0000000066b200f0:   01 00 02 0f 85 e7 00 00 00 48 89 da 48 89 f1 e8 


Stack slot to memory mapping:

stack at sp + 0 slots: 0x0000000066b263aa gdx-box2d64.dll
stack at sp + 1 slots: 0x000000dc357fee10 is pointing into the stack for thread: 0x000002048bb5f290
stack at sp + 2 slots: 0x000000dc357feda0 is pointing into the stack for thread: 0x000002048bb5f290
stack at sp + 3 slots: 0x0000000000004000 is an unknown value
stack at sp + 4 slots: 0x00000000000002d0 is an unknown value
stack at sp + 5 slots: 0x0000000066b466a0 gdx-box2d64.dll
stack at sp + 6 slots: 0x000002048bb5f650 points into unknown readable memory: 0x00000204ad9c44f0 | f0 44 9c ad 04 02 00 00
stack at sp + 7 slots: 0x000000dc357fee08 is pointing into the stack for thread: 0x000002048bb5f290

Lock stack of current Java thread (top to bottom):

native method entry point (kind = native)  [0x000002049da7cde0, 0x000002049da7d938]  2904 bytes
[MachCode]
  0x000002049da7cde0: 488b 4b08 | 0fb7 492e | 584c 8d74 | ccf8 6800 | 0000 0068 | 0000 0000 | 5055 488b | ec41 5568 
  0x000002049da7ce00: 0000 0000 | 4c8b 6b08 | 4d8d 6d38 | 5348 8b53 | 0848 8b52 | 0848 8b52 | 1848 8b52 | 7048 8b12 
  0x000002049da7ce20: 5248 8b53 | 1048 85d2 | 0f84 0700 | 0000 4881 | c210 0100 | 0052 488b | 5308 488b | 5208 488b 
  0x000002049da7ce40: 5210 5249 | 8bc6 482b | c548 c1e8 | 0350 6800 | 0000 0068 | f7ff ffff | 41c6 8771 | 0400 0001 
  0x000002049da7ce60: 488b 4310 | 4885 c074 | 208b 88cc | 0000 0083 | c102 8988 | cc00 0000 | 2388 e000 | 0000 0f84 
  0x000002049da7ce80: 000a 0000 | e9cf 0000 | 0048 8b43 | 1848 85c0 | 0f85 b000 | 0000 e805 | 0000 00e9 | 9900 0000 
  0x000002049da7cea0: 488b d348 | 8d44 2408 | 4c89 6dc0 | 498b cfc5 | f877 4989 | afb0 0300 | 0049 8987 | a003 0000 
  0x000002049da7cec0: 4883 ec20 | 40f6 c40f | 0f84 1900 | 0000 4883 | ec08 48b8 | 9026 8b75 | fd7f 0000 | ffd0 4883 
  0x000002049da7cee0: c408 e90c | 0000 0048 | b890 268b | 75fd 7f00 | 00ff d048 | 83c4 2049 | c787 a003 | 0000 0000 
  0x000002049da7cf00: 0000 49c7 | 87b0 0300 | 0000 0000 | 0049 c787 | a803 0000 | 0000 0000 | c5f8 7749 | 837f 0800 
  0x000002049da7cf20: 0f84 0500 | 0000 e995 | 3fff ff4c | 8b6d c04c | 8b75 c84e | 8d74 f500 | c348 8b43 | 1848 85c0 
  0x000002049da7cf40: 0f84 1200 | 0000 8b48 | 0883 c102 | 8948 0823 | 481c 0f84 | 2c09 0000 | 493b a7e8 | 0400 000f 
  0x000002049da7cf60: 8748 0000 | 0089 8424 | 00f0 ffff | 8984 2400 | e0ff ff89 | 8424 00d0 | ffff 8984 | 2400 c0ff 
  0x000002049da7cf80: ff89 8424 | 00b0 ffff | 8984 2400 | a0ff ff89 | 8424 0090 | ffff 8984 | 2400 80ff | ff49 3ba7 
  0x000002049da7cfa0: e004 0000 | 7607 4989 | a7e8 0400 | 0041 c687 | 7104 0000 | 0049 ba41 | ad12 76fd | 7f00 0041 
  0x000002049da7cfc0: 803a 000f | 843e 0000 | 0048 8b55 | e849 8bcf | 4883 ec20 | 40f6 c40f | 0f84 1900 | 0000 4883 
  0x000002049da7cfe0: ec08 48b8 | 10ee c275 | fd7f 0000 | ffd0 4883 | c408 e90c | 0000 0048 | b810 eec2 | 75fd 7f00 
  0x000002049da7d000: 00ff d048 | 83c4 2048 | 8b5d e84c | 8b5b 0845 | 0fb7 5b2e | 41c1 e303 | 492b e348 | 83ec 2048 
  0x000002049da7d020: 83e4 f04c | 8b5b 604d | 85db 0f85 | ab00 0000 | e805 0000 | 00e9 9900 | 0000 488b | d348 8d44 
  0x000002049da7d040: 2408 4c89 | 6dc0 498b | cfc5 f877 | 4989 afb0 | 0300 0049 | 8987 a003 | 0000 4883 | ec20 40f6 
  0x000002049da7d060: c40f 0f84 | 1900 0000 | 4883 ec08 | 48b8 f04d | 8b75 fd7f | 0000 ffd0 | 4883 c408 | e90c 0000 
  0x000002049da7d080: 0048 b8f0 | 4d8b 75fd | 7f00 00ff | d048 83c4 | 2049 c787 | a003 0000 | 0000 0000 | 49c7 87b0 
  0x000002049da7d0a0: 0300 0000 | 0000 0049 | c787 a803 | 0000 0000 | 0000 c5f8 | 7749 837f | 0800 0f84 | 0500 0000 
  0x000002049da7d0c0: e9fb 3dff | ff4c 8b6d | c04c 8b75 | c84e 8d74 | f500 c348 | 8b5d e84c | 8b5b 6041 | ffd3 488b 
  0x000002049da7d0e0: 5de8 4889 | 4518 448b | 5b28 41f6 | c308 0f84 | 1b00 0000 | 4c8b 5b08 | 4d8b 5b08 | 4d8b 5b18 
  0x000002049da7d100: 4d8b 5b70 | 4d8b 1b4c | 895d 1048 | 8d55 1048 | 8b43 5849 | ba60 3cc3 | 75fd 7f00 | 0049 3bc2 
  0x000002049da7d120: 0f85 ab00 | 0000 e805 | 0000 00e9 | 9900 0000 | 488b d348 | 8d44 2408 | 4c89 6dc0 | 498b cfc5 
  0x000002049da7d140: f877 4989 | afb0 0300 | 0049 8987 | a003 0000 | 4883 ec20 | 40f6 c40f | 0f84 1900 | 0000 4883 
  0x000002049da7d160: ec08 48b8 | f04d 8b75 | fd7f 0000 | ffd0 4883 | c408 e90c | 0000 0048 | b8f0 4d8b | 75fd 7f00 
  0x000002049da7d180: 00ff d048 | 83c4 2049 | c787 a003 | 0000 0000 | 0000 49c7 | 87b0 0300 | 0000 0000 | 0049 c787 
  0x000002049da7d1a0: a803 0000 | 0000 0000 | c5f8 7749 | 837f 0800 | 0f84 0500 | 0000 e905 | 3dff ff4c | 8b6d c04c 
  0x000002049da7d1c0: 8b75 c84e | 8d74 f500 | c348 8b5d | e848 8b43 | 5849 8d8f | c003 0000 | c5f8 7749 | 89af b003 
  0x000002049da7d1e0: 0000 49ba | d8d1 a79d | 0402 0000 | 4d89 97a8 | 0300 0049 | 89a7 a003 | 0000 41c7 | 8744 0400 
  0x000002049da7d200: 0004 0000 | 00ff d0c5 | f877 4883 | ec10 c5fb | 1104 2448 | 83ec 1048 | 8904 2448 | c744 2408 
  0x000002049da7d220: 0000 0000 | 41c7 8744 | 0400 0005 | 0000 00f0 | 8344 24c0 | 0049 3baf | 4804 0000 | 0f87 0e00 
  0x000002049da7d240: 0000 4183 | bf40 0400 | 0000 0f84 | 2000 0000 | 498b cf4c | 8be4 4883 | ec20 4883 | e4f0 48b8 
  0x000002049da7d260: 90a9 8c75 | fd7f 0000 | ffd0 498b | e44d 33e4 | 41c7 8744 | 0400 0008 | 0000 0049 | c787 a003 
  0x000002049da7d280: 0000 0000 | 0000 49c7 | 87b0 0300 | 0000 0000 | 0049 c787 | a803 0000 | 0000 0000 | c5f8 774d 
  0x000002049da7d2a0: 8b9f 3004 | 0000 41c7 | 8300 0100 | 0000 0000 | 0049 bbda | a5a7 9d04 | 0200 004c | 3b5d 180f 
  0x000002049da7d2c0: 8524 0200 | 0048 8b04 | 2448 83c4 | 1048 85c0 | 0f84 fe01 | 0000 a803 | 0f85 0800 | 0000 488b 
  0x000002049da7d2e0: 00e9 ee01 | 0000 a801 | 0f85 0900 | 0000 488b | 40fe e9dd | 0100 0048 | 8b40 ff41 | 807f 3800 
  0x000002049da7d300: 0f84 ce01 | 0000 4883 | f800 0f84 | c401 0000 | 4d8b 5f28 | 4983 fb00 | 0f84 1400 | 0000 4983 
  0x000002049da7d320: eb08 4d89 | 5f28 4d03 | 5f30 4989 | 03e9 a201 | 0000 4881 | ecd0 0000 | 0048 8904 | 2448 894c 
  0x000002049da7d340: 2408 4889 | 5424 1048 | 8974 2418 | 4889 7c24 | 204c 8944 | 2428 4c89 | 4c24 304c | 8954 2438 
  0x000002049da7d360: 4c89 5c24 | 40c5 fb11 | 4424 50c5 | fb11 4c24 | 58c5 fb11 | 5424 60c5 | fb11 5c24 | 68c5 fb11 
  0x000002049da7d380: 6424 70c5 | fb11 6c24 | 78c5 fb11 | b424 8000 | 0000 c5fb | 11bc 2488 | 0000 00c5 | 7b11 8424 
  0x000002049da7d3a0: 9000 0000 | c57b 118c | 2498 0000 | 00c5 7b11 | 9424 a000 | 0000 c57b | 119c 24a8 | 0000 00c5 
  0x000002049da7d3c0: 7b11 a424 | b000 0000 | c57b 11ac | 24b8 0000 | 00c5 7b11 | b424 c000 | 0000 c57b | 11bc 24c8 
  0x000002049da7d3e0: 0000 0049 | 8bd7 488b | c848 83ec | 2040 f6c4 | 0f0f 8419 | 0000 0048 | 83ec 0848 | b8e0 0780 
  0x000002049da7d400: 75fd 7f00 | 00ff d048 | 83c4 08e9 | 0c00 0000 | 48b8 e007 | 8075 fd7f | 0000 ffd0 | 4883 c420 
  0x000002049da7d420: c57b 10bc | 24c8 0000 | 00c5 7b10 | b424 c000 | 0000 c57b | 10ac 24b8 | 0000 00c5 | 7b10 a424 
  0x000002049da7d440: b000 0000 | c57b 109c | 24a8 0000 | 00c5 7b10 | 9424 a000 | 0000 c57b | 108c 2498 | 0000 00c5 
  0x000002049da7d460: 7b10 8424 | 9000 0000 | c5fb 10bc | 2488 0000 | 00c5 fb10 | b424 8000 | 0000 c5fb | 106c 2478 
  0x000002049da7d480: c5fb 1064 | 2470 c5fb | 105c 2468 | c5fb 1054 | 2460 c5fb | 104c 2458 | c5fb 1044 | 2450 4c8b 
  0x000002049da7d4a0: 5c24 404c | 8b54 2438 | 4c8b 4c24 | 304c 8b44 | 2428 488b | 7c24 2048 | 8b74 2418 | 488b 5424 
  0x000002049da7d4c0: 1048 8b4c | 2408 488b | 0424 4881 | c4d0 0000 | 00c5 f877 | 4889 4510 | 4883 ec10 | 4889 0424 
  0x000002049da7d4e0: 48c7 4424 | 0800 0000 | 0041 83bf | c804 0000 | 020f 85bf | 0000 0048 | 81ec 8000 | 0000 4889 
  0x000002049da7d500: 4424 7848 | 894c 2470 | 4889 5424 | 6848 895c | 2460 4889 | 6c24 5048 | 8974 2448 | 4889 7c24 
  0x000002049da7d520: 404c 8944 | 2438 4c89 | 4c24 304c | 8954 2428 | 4c89 5c24 | 204c 8964 | 2418 4c89 | 6c24 104c 
  0x000002049da7d540: 8974 2408 | 4c89 3c24 | 4c8b e448 | 83ec 2048 | 83e4 f048 | b8c0 22c3 | 75fd 7f00 | 00ff d049 
  0x000002049da7d560: 8be4 4c8b | 3c24 4c8b | 7424 084c | 8b6c 2410 | 4c8b 6424 | 184c 8b5c | 2420 4c8b | 5424 284c 
  0x000002049da7d580: 8b4c 2430 | 4c8b 4424 | 3848 8b7c | 2440 488b | 7424 4848 | 8b6c 2450 | 488b 5c24 | 6048 8b54 
  0x000002049da7d5a0: 2468 488b | 4c24 7048 | 8b44 2478 | 4881 c480 | 0000 004d | 33e4 488b | 5de8 4c8b | 6b08 4d8d 
  0x000002049da7d5c0: 6d38 4983 | 7f08 000f | 84bb 0000 | 00e8 0500 | 0000 e996 | 0000 0048 | 8d44 2408 | 4c89 6dc0 
  0x000002049da7d5e0: 498b cfc5 | f877 4989 | afb0 0300 | 0049 8987 | a003 0000 | 4883 ec20 | 40f6 c40f | 0f84 1900 
  0x000002049da7d600: 0000 4883 | ec08 48b8 | 006c 8b75 | fd7f 0000 | ffd0 4883 | c408 e90c | 0000 0048 | b800 6c8b 
  0x000002049da7d620: 75fd 7f00 | 00ff d048 | 83c4 2049 | c787 a003 | 0000 0000 | 0000 49c7 | 87b0 0300 | 0000 0000 
  0x000002049da7d640: 0049 c787 | a803 0000 | 0000 0000 | c5f8 7749 | 837f 0800 | 0f84 0500 | 0000 e961 | 38ff ff4c 
  0x000002049da7d660: 8b6d c04c | 8b75 c84e | 8d74 f500 | c348 b930 | d5ea 75fd | 7f00 0048 | 83e4 f048 | b870 4ab1 
  0x000002049da7d680: 75fd 7f00 | 00ff d0f4 | 448b 5b28 | 41f6 c320 | 0f84 7901 | 0000 488d | 55a8 4c8b | 5a08 4d85 
  0x000002049da7d6a0: db0f 85bb | 0000 00e8 | 0500 0000 | e996 0000 | 0048 8d44 | 2408 4c89 | 6dc0 498b | cfc5 f877 
  0x000002049da7d6c0: 4989 afb0 | 0300 0049 | 8987 a003 | 0000 4883 | ec20 40f6 | c40f 0f84 | 1900 0000 | 4883 ec08 
  0x000002049da7d6e0: 48b8 306b | 8b75 fd7f | 0000 ffd0 | 4883 c408 | e90c 0000 | 0048 b830 | 6b8b 75fd | 7f00 00ff 
  0x000002049da7d700: d048 83c4 | 2049 c787 | a003 0000 | 0000 0000 | 49c7 87b0 | 0300 0000 | 0000 0049 | c787 a803 
  0x000002049da7d720: 0000 0000 | 0000 c5f8 | 7749 837f | 0800 0f84 | 0500 0000 | e987 37ff | ff4c 8b6d | c04c 8b75 
  0x000002049da7d740: c84e 8d74 | f500 c348 | b930 d5ea | 75fd 7f00 | 0048 83e4 | f048 b870 | 4ab1 75fd | 7f00 00ff 
  0x000002049da7d760: d0f4 4c89 | 6dc0 4c8b | 4a08 48c7 | 4208 0000 | 0000 458b | 8718 0600 | 004f 3b4c | 07f8 0f85 
  0x000002049da7d780: 4900 0000 | 4183 af18 | 0600 0008 | 4f3b 4c07 | f00f 842a | 0000 0049 | 8b01 a802 | 0f85 1200 
  0x000002049da7d7a0: 0000 4c8b | c049 83c8 | 01f0 4d0f | b101 0f84 | 0d00 0000 | 4183 8718 | 0600 0008 | e90c 0000 
  0x000002049da7d7c0: 0049 ff8f | 5005 0000 | e93e 0000 | 004c 894a | 0848 8bca | 4883 ec20 | 40f6 c40f | 0f84 1900 
  0x000002049da7d7e0: 0000 4883 | ec08 48b8 | f03d 8b75 | fd7f 0000 | ffd0 4883 | c408 e90c | 0000 0048 | b8f0 3d8b 
  0x000002049da7d800: 75fd 7f00 | 00ff d048 | 83c4 204c | 8b6d c049 | ba41 ad12 | 76fd 7f00 | 0041 803a | 000f 843e 
  0x000002049da7d820: 0000 0048 | 8b55 e849 | 8bcf 4883 | ec20 40f6 | c40f 0f84 | 1900 0000 | 4883 ec08 | 48b8 10ee 
  0x000002049da7d840: c275 fd7f | 0000 ffd0 | 4883 c408 | e90c 0000 | 0048 b810 | eec2 75fd | 7f00 00ff | d048 83c4 
  0x000002049da7d860: 2048 8b04 | 2448 83c4 | 10c5 fb10 | 0424 4883 | c410 4c8b | 5d18 41ff | d34c 8b5d | f8c9 5f49 
  0x000002049da7d880: 8be3 ffe7 | ba00 0000 | 00e8 0500 | 0000 e996 | 0000 0048 | 8d44 2408 | 4c89 6dc0 | 498b cfc5 
  0x000002049da7d8a0: f877 4989 | afb0 0300 | 0049 8987 | a003 0000 | 4883 ec20 | 40f6 c40f | 0f84 1900 | 0000 4883 
  0x000002049da7d8c0: ec08 48b8 | a031 8b75 | fd7f 0000 | ffd0 4883 | c408 e90c | 0000 0048 | b8a0 318b | 75fd 7f00 
  0x000002049da7d8e0: 00ff d048 | 83c4 2049 | c787 a003 | 0000 0000 | 0000 49c7 | 87b0 0300 | 0000 0000 | 0049 c787 
  0x000002049da7d900: a803 0000 | 0000 0000 | c5f8 7749 | 837f 0800 | 0f84 0500 | 0000 e9a5 | 35ff ff4c | 8b6d c04c 
  0x000002049da7d920: 8b75 c84e | 8d74 f500 | c348 8b5d | e8e9 26f6 | ffff 660f | 1f44 0000 
[/MachCode]

---------------  P R O C E S S  ---------------

Threads class SMR info:
_java_thread_list=0x00000204f51c68d0, length=13, elements={
0x000002048bb5f290, 0x00000204ad1507e0, 0x00000204ad152160, 0x00000204ad1579b0,
0x00000204ad15a420, 0x00000204ad1608d0, 0x00000204ad183020, 0x00000204ad18e830,
0x00000204ad1938a0, 0x00000204ad2e3110, 0x00000204ad2e2a80, 0x00000204ad2e37a0,
0x00000204ad2e3e30
}

Java Threads: ( => current thread )
=>0x000002048bb5f290 JavaThread "main"                              [_thread_in_native, id=14904, stack(0x000000dc35700000,0x000000dc35800000) (1024K)]
  0x00000204ad1507e0 JavaThread "Reference Handler"          daemon [_thread_blocked, id=16488, stack(0x000000dc35f00000,0x000000dc36000000) (1024K)]
  0x00000204ad152160 JavaThread "Finalizer"                  daemon [_thread_blocked, id=12988, stack(0x000000dc36000000,0x000000dc36100000) (1024K)]
  0x00000204ad1579b0 JavaThread "Signal Dispatcher"          daemon [_thread_blocked, id=15272, stack(0x000000dc36100000,0x000000dc36200000) (1024K)]
  0x00000204ad15a420 JavaThread "Attach Listener"            daemon [_thread_blocked, id=2252, stack(0x000000dc36200000,0x000000dc36300000) (1024K)]
  0x00000204ad1608d0 JavaThread "Service Thread"             daemon [_thread_blocked, id=9452, stack(0x000000dc36300000,0x000000dc36400000) (1024K)]
  0x00000204ad183020 JavaThread "Monitor Deflation Thread"   daemon [_thread_blocked, id=8416, stack(0x000000dc36400000,0x000000dc36500000) (1024K)]
  0x00000204ad18e830 JavaThread "C2 CompilerThread0"         daemon [_thread_blocked, id=16724, stack(0x000000dc36500000,0x000000dc36600000) (1024K)]
  0x00000204ad1938a0 JavaThread "C1 CompilerThread0"         daemon [_thread_blocked, id=1800, stack(0x000000dc36600000,0x000000dc36700000) (1024K)]
  0x00000204ad2e3110 JavaThread "Notification Thread"        daemon [_thread_blocked, id=6924, stack(0x000000dc36700000,0x000000dc36800000) (1024K)]
  0x00000204ad2e2a80 JavaThread "Common-Cleaner"             daemon [_thread_blocked, id=16248, stack(0x000000dc36800000,0x000000dc36900000) (1024K)]
  0x00000204ad2e37a0 JavaThread "Thread-0"                   daemon [_thread_blocked, id=16844, stack(0x000000dc37000000,0x000000dc37100000) (1024K)]
  0x00000204ad2e3e30 JavaThread "LWJGL3 Timer"               daemon [_thread_blocked, id=13064, stack(0x000000dc36900000,0x000000dc36a00000) (1024K)]
Total: 13

Other Threads:
  0x00000204ad137f40 VMThread "VM Thread"                           [id=16904, stack(0x000000dc35e00000,0x000000dc35f00000) (1024K)]
  0x00000204ad11e270 WatcherThread "VM Periodic Task Thread"        [id=8812, stack(0x000000dc35d00000,0x000000dc35e00000) (1024K)]
  0x000002048de7ccc0 WorkerThread "GC Thread#0"                     [id=3484, stack(0x000000dc35800000,0x000000dc35900000) (1024K)]
  0x000002048de92c10 ConcurrentGCThread "G1 Main Marker"            [id=16816, stack(0x000000dc35900000,0x000000dc35a00000) (1024K)]
  0x000002048de93ec0 WorkerThread "G1 Conc#0"                       [id=15228, stack(0x000000dc35a00000,0x000000dc35b00000) (1024K)]
  0x00000204acff01e0 ConcurrentGCThread "G1 Refine#0"               [id=8552, stack(0x000000dc35b00000,0x000000dc35c00000) (1024K)]
  0x00000204acff0c70 ConcurrentGCThread "G1 Service"                [id=6616, stack(0x000000dc35c00000,0x000000dc35d00000) (1024K)]
Total: 7

Threads with active compile tasks:
Total: 0

VM state: not at safepoint (normal execution)

VM Mutex/Monitor currently owned by a thread: None

Heap address: 0x0000000704e00000, size: 4018 MB, Compressed Oops mode: Zero based, Oop shift amount: 3

CDS archive(s) mapped at: [0x00000204ae000000-0x00000204aed70000-0x00000204aed70000), size 14090240, SharedBaseAddress: 0x00000204ae000000, ArchiveRelocationMode: 1.
Compressed class space mapped at: 0x00000204af000000-0x00000204ef000000, reserved size: 1073741824
Narrow klass base: 0x00000204ae000000, Narrow klass shift: 0, Narrow klass range: 0x41000000

GC Precious Log:
 CardTable entry size: 512
 Card Set container configuration: InlinePtr #cards 4 size 8 Array Of Cards #cards 16 size 48 Howl #buckets 8 coarsen threshold 3686 Howl Bitmap #cards 512 size 80 coarsen threshold 460 Card regions per heap region 1 cards per card region 4096
 CPUs: 8 total, 8 available
 Memory: 16066M
 Large Page Support: Disabled
 NUMA Support: Disabled
 Compressed Oops: Enabled (Zero based)
 Heap Region Size: 2M
 Heap Min Capacity: 8M
 Heap Initial Capacity: 252M
 Heap Max Capacity: 4018M
 Pre-touch: Disabled
 Parallel Workers: 8
 Concurrent Workers: 2
 Concurrent Refinement Workers: 8
 Periodic GC: Disabled

Heap:
 garbage-first heap   total reserved 4114432K, committed 258048K, used 73728K [0x0000000704e00000, 0x0000000800000000)
  region size 2048K, 12 young (24576K), 0 survivors (0K)
 Metaspace       used 7147K, committed 7360K, reserved 1114112K
  class space    used 537K, committed 640K, reserved 1048576K

Heap Regions: E=young(eden), S=young(survivor), O=old, HS=humongous(starts), HC=humongous(continues), CS=collection set, F=free, TAMS=top-at-mark-start, PB=parsable bottom
|   0|0x0000000704e00000, 0x0000000705000000, 0x0000000705000000|100%|HS|  |TAMS 0x0000000704e00000| PB 0x0000000704e00000| Complete |  0
|   1|0x0000000705000000, 0x0000000705200000, 0x0000000705200000|100%|HS|  |TAMS 0x0000000705000000| PB 0x0000000705000000| Complete |  0
|   2|0x0000000705200000, 0x0000000705400000, 0x0000000705400000|100%|HC|  |TAMS 0x0000000705200000| PB 0x0000000705200000| Complete |  0
|   3|0x0000000705400000, 0x0000000705600000, 0x0000000705600000|100%|HS|  |TAMS 0x0000000705400000| PB 0x0000000705400000| Complete |  0
|   4|0x0000000705600000, 0x0000000705800000, 0x0000000705800000|100%|HC|  |TAMS 0x0000000705600000| PB 0x0000000705600000| Complete |  0
|   5|0x0000000705800000, 0x0000000705a00000, 0x0000000705a00000|100%|HS|  |TAMS 0x0000000705800000| PB 0x0000000705800000| Complete |  0
|   6|0x0000000705a00000, 0x0000000705c00000, 0x0000000705c00000|100%|HC|  |TAMS 0x0000000705a00000| PB 0x0000000705a00000| Complete |  0
|   7|0x0000000705c00000, 0x0000000705e00000, 0x0000000705e00000|100%|HS|  |TAMS 0x0000000705c00000| PB 0x0000000705c00000| Complete |  0
|   8|0x0000000705e00000, 0x0000000706000000, 0x0000000706000000|100%|HC|  |TAMS 0x0000000705e00000| PB 0x0000000705e00000| Complete |  0
|   9|0x0000000706000000, 0x0000000706200000, 0x0000000706200000|100%|HS|  |TAMS 0x0000000706000000| PB 0x0000000706000000| Complete |  0
|  10|0x0000000706200000, 0x0000000706400000, 0x0000000706400000|100%|HC|  |TAMS 0x0000000706200000| PB 0x0000000706200000| Complete |  0
|  11|0x0000000706400000, 0x0000000706600000, 0x0000000706600000|100%|HS|  |TAMS 0x0000000706400000| PB 0x0000000706400000| Complete |  0
|  12|0x0000000706600000, 0x0000000706800000, 0x0000000706800000|100%|HC|  |TAMS 0x0000000706600000| PB 0x0000000706600000| Complete |  0
|  13|0x0000000706800000, 0x0000000706a00000, 0x0000000706a00000|100%|HS|  |TAMS 0x0000000706800000| PB 0x0000000706800000| Complete |  0
|  14|0x0000000706a00000, 0x0000000706c00000, 0x0000000706c00000|100%|HC|  |TAMS 0x0000000706a00000| PB 0x0000000706a00000| Complete |  0
|  15|0x0000000706c00000, 0x0000000706e00000, 0x0000000706e00000|100%|HS|  |TAMS 0x0000000706c00000| PB 0x0000000706c00000| Complete |  0
|  16|0x0000000706e00000, 0x0000000707000000, 0x0000000707000000|100%|HC|  |TAMS 0x0000000706e00000| PB 0x0000000706e00000| Complete |  0
|  17|0x0000000707000000, 0x0000000707200000, 0x0000000707200000|100%|HS|  |TAMS 0x0000000707000000| PB 0x0000000707000000| Complete |  0
|  18|0x0000000707200000, 0x0000000707400000, 0x0000000707400000|100%|HC|  |TAMS 0x0000000707200000| PB 0x0000000707200000| Complete |  0
|  19|0x0000000707400000, 0x0000000707600000, 0x0000000707600000|100%|HS|  |TAMS 0x0000000707400000| PB 0x0000000707400000| Complete |  0
|  20|0x0000000707600000, 0x0000000707800000, 0x0000000707800000|100%|HC|  |TAMS 0x0000000707600000| PB 0x0000000707600000| Complete |  0
|  21|0x0000000707800000, 0x0000000707a00000, 0x0000000707a00000|100%|HS|  |TAMS 0x0000000707800000| PB 0x0000000707800000| Complete |  0
|  22|0x0000000707a00000, 0x0000000707c00000, 0x0000000707c00000|100%|HC|  |TAMS 0x0000000707a00000| PB 0x0000000707a00000| Complete |  0
|  23|0x0000000707c00000, 0x0000000707e00000, 0x0000000707e00000|100%|HS|  |TAMS 0x0000000707c00000| PB 0x0000000707c00000| Complete |  0
|  24|0x0000000707e00000, 0x0000000708000000, 0x0000000708000000|100%|HC|  |TAMS 0x0000000707e00000| PB 0x0000000707e00000| Complete |  0
|  25|0x0000000708000000, 0x0000000708200000, 0x0000000708200000|100%|HS|  |TAMS 0x0000000708000000| PB 0x0000000708000000| Complete |  0
|  26|0x0000000708200000, 0x0000000708200000, 0x0000000708400000|  0%| F|  |TAMS 0x0000000708200000| PB 0x0000000708200000| Untracked |  0
|  27|0x0000000708400000, 0x0000000708400000, 0x0000000708600000|  0%| F|  |TAMS 0x0000000708400000| PB 0x0000000708400000| Untracked |  0
|  28|0x0000000708600000, 0x0000000708600000, 0x0000000708800000|  0%| F|  |TAMS 0x0000000708600000| PB 0x0000000708600000| Untracked |  0
|  29|0x0000000708800000, 0x0000000708800000, 0x0000000708a00000|  0%| F|  |TAMS 0x0000000708800000| PB 0x0000000708800000| Untracked |  0
|  30|0x0000000708a00000, 0x0000000708a00000, 0x0000000708c00000|  0%| F|  |TAMS 0x0000000708a00000| PB 0x0000000708a00000| Untracked |  0
|  31|0x0000000708c00000, 0x0000000708c00000, 0x0000000708e00000|  0%| F|  |TAMS 0x0000000708c00000| PB 0x0000000708c00000| Untracked |  0
|  32|0x0000000708e00000, 0x0000000708e00000, 0x0000000709000000|  0%| F|  |TAMS 0x0000000708e00000| PB 0x0000000708e00000| Untracked |  0
|  33|0x0000000709000000, 0x0000000709000000, 0x0000000709200000|  0%| F|  |TAMS 0x0000000709000000| PB 0x0000000709000000| Untracked |  0
|  34|0x0000000709200000, 0x0000000709200000, 0x0000000709400000|  0%| F|  |TAMS 0x0000000709200000| PB 0x0000000709200000| Untracked |  0
|  35|0x0000000709400000, 0x0000000709400000, 0x0000000709600000|  0%| F|  |TAMS 0x0000000709400000| PB 0x0000000709400000| Untracked |  0
|  36|0x0000000709600000, 0x0000000709600000, 0x0000000709800000|  0%| F|  |TAMS 0x0000000709600000| PB 0x0000000709600000| Untracked |  0
|  37|0x0000000709800000, 0x0000000709800000, 0x0000000709a00000|  0%| F|  |TAMS 0x0000000709800000| PB 0x0000000709800000| Untracked |  0
|  38|0x0000000709a00000, 0x0000000709a00000, 0x0000000709c00000|  0%| F|  |TAMS 0x0000000709a00000| PB 0x0000000709a00000| Untracked |  0
|  39|0x0000000709c00000, 0x0000000709c00000, 0x0000000709e00000|  0%| F|  |TAMS 0x0000000709c00000| PB 0x0000000709c00000| Untracked |  0
|  40|0x0000000709e00000, 0x0000000709e00000, 0x000000070a000000|  0%| F|  |TAMS 0x0000000709e00000| PB 0x0000000709e00000| Untracked |  0
|  41|0x000000070a000000, 0x000000070a000000, 0x000000070a200000|  0%| F|  |TAMS 0x000000070a000000| PB 0x000000070a000000| Untracked |  0
|  42|0x000000070a200000, 0x000000070a200000, 0x000000070a400000|  0%| F|  |TAMS 0x000000070a200000| PB 0x000000070a200000| Untracked |  0
|  43|0x000000070a400000, 0x000000070a400000, 0x000000070a600000|  0%| F|  |TAMS 0x000000070a400000| PB 0x000000070a400000| Untracked |  0
|  44|0x000000070a600000, 0x000000070a600000, 0x000000070a800000|  0%| F|  |TAMS 0x000000070a600000| PB 0x000000070a600000| Untracked |  0
|  45|0x000000070a800000, 0x000000070a800000, 0x000000070aa00000|  0%| F|  |TAMS 0x000000070a800000| PB 0x000000070a800000| Untracked |  0
|  46|0x000000070aa00000, 0x000000070aa00000, 0x000000070ac00000|  0%| F|  |TAMS 0x000000070aa00000| PB 0x000000070aa00000| Untracked |  0
|  47|0x000000070ac00000, 0x000000070ac00000, 0x000000070ae00000|  0%| F|  |TAMS 0x000000070ac00000| PB 0x000000070ac00000| Untracked |  0
|  48|0x000000070ae00000, 0x000000070ae00000, 0x000000070b000000|  0%| F|  |TAMS 0x000000070ae00000| PB 0x000000070ae00000| Untracked |  0
|  49|0x000000070b000000, 0x000000070b000000, 0x000000070b200000|  0%| F|  |TAMS 0x000000070b000000| PB 0x000000070b000000| Untracked |  0
|  50|0x000000070b200000, 0x000000070b200000, 0x000000070b400000|  0%| F|  |TAMS 0x000000070b200000| PB 0x000000070b200000| Untracked |  0
|  51|0x000000070b400000, 0x000000070b400000, 0x000000070b600000|  0%| F|  |TAMS 0x000000070b400000| PB 0x000000070b400000| Untracked |  0
|  52|0x000000070b600000, 0x000000070b600000, 0x000000070b800000|  0%| F|  |TAMS 0x000000070b600000| PB 0x000000070b600000| Untracked |  0
|  53|0x000000070b800000, 0x000000070b800000, 0x000000070ba00000|  0%| F|  |TAMS 0x000000070b800000| PB 0x000000070b800000| Untracked |  0
|  54|0x000000070ba00000, 0x000000070ba00000, 0x000000070bc00000|  0%| F|  |TAMS 0x000000070ba00000| PB 0x000000070ba00000| Untracked |  0
|  55|0x000000070bc00000, 0x000000070bc00000, 0x000000070be00000|  0%| F|  |TAMS 0x000000070bc00000| PB 0x000000070bc00000| Untracked |  0
|  56|0x000000070be00000, 0x000000070be00000, 0x000000070c000000|  0%| F|  |TAMS 0x000000070be00000| PB 0x000000070be00000| Untracked |  0
|  57|0x000000070c000000, 0x000000070c000000, 0x000000070c200000|  0%| F|  |TAMS 0x000000070c000000| PB 0x000000070c000000| Untracked |  0
|  58|0x000000070c200000, 0x000000070c200000, 0x000000070c400000|  0%| F|  |TAMS 0x000000070c200000| PB 0x000000070c200000| Untracked |  0
|  59|0x000000070c400000, 0x000000070c400000, 0x000000070c600000|  0%| F|  |TAMS 0x000000070c400000| PB 0x000000070c400000| Untracked |  0
|  60|0x000000070c600000, 0x000000070c600000, 0x000000070c800000|  0%| F|  |TAMS 0x000000070c600000| PB 0x000000070c600000| Untracked |  0
|  61|0x000000070c800000, 0x000000070c800000, 0x000000070ca00000|  0%| F|  |TAMS 0x000000070c800000| PB 0x000000070c800000| Untracked |  0
|  62|0x000000070ca00000, 0x000000070ca00000, 0x000000070cc00000|  0%| F|  |TAMS 0x000000070ca00000| PB 0x000000070ca00000| Untracked |  0
|  63|0x000000070cc00000, 0x000000070cc00000, 0x000000070ce00000|  0%| F|  |TAMS 0x000000070cc00000| PB 0x000000070cc00000| Untracked |  0
|  64|0x000000070ce00000, 0x000000070ce00000, 0x000000070d000000|  0%| F|  |TAMS 0x000000070ce00000| PB 0x000000070ce00000| Untracked |  0
|  65|0x000000070d000000, 0x000000070d000000, 0x000000070d200000|  0%| F|  |TAMS 0x000000070d000000| PB 0x000000070d000000| Untracked |  0
|  66|0x000000070d200000, 0x000000070d200000, 0x000000070d400000|  0%| F|  |TAMS 0x000000070d200000| PB 0x000000070d200000| Untracked |  0
|  67|0x000000070d400000, 0x000000070d400000, 0x000000070d600000|  0%| F|  |TAMS 0x000000070d400000| PB 0x000000070d400000| Untracked |  0
|  68|0x000000070d600000, 0x000000070d600000, 0x000000070d800000|  0%| F|  |TAMS 0x000000070d600000| PB 0x000000070d600000| Untracked |  0
|  69|0x000000070d800000, 0x000000070d800000, 0x000000070da00000|  0%| F|  |TAMS 0x000000070d800000| PB 0x000000070d800000| Untracked |  0
|  70|0x000000070da00000, 0x000000070da00000, 0x000000070dc00000|  0%| F|  |TAMS 0x000000070da00000| PB 0x000000070da00000| Untracked |  0
|  71|0x000000070dc00000, 0x000000070dc00000, 0x000000070de00000|  0%| F|  |TAMS 0x000000070dc00000| PB 0x000000070dc00000| Untracked |  0
|  72|0x000000070de00000, 0x000000070de00000, 0x000000070e000000|  0%| F|  |TAMS 0x000000070de00000| PB 0x000000070de00000| Untracked |  0
|  73|0x000000070e000000, 0x000000070e000000, 0x000000070e200000|  0%| F|  |TAMS 0x000000070e000000| PB 0x000000070e000000| Untracked |  0
|  74|0x000000070e200000, 0x000000070e200000, 0x000000070e400000|  0%| F|  |TAMS 0x000000070e200000| PB 0x000000070e200000| Untracked |  0
|  75|0x000000070e400000, 0x000000070e400000, 0x000000070e600000|  0%| F|  |TAMS 0x000000070e400000| PB 0x000000070e400000| Untracked |  0
|  76|0x000000070e600000, 0x000000070e600000, 0x000000070e800000|  0%| F|  |TAMS 0x000000070e600000| PB 0x000000070e600000| Untracked |  0
|  77|0x000000070e800000, 0x000000070e800000, 0x000000070ea00000|  0%| F|  |TAMS 0x000000070e800000| PB 0x000000070e800000| Untracked |  0
|  78|0x000000070ea00000, 0x000000070ea00000, 0x000000070ec00000|  0%| F|  |TAMS 0x000000070ea00000| PB 0x000000070ea00000| Untracked |  0
|  79|0x000000070ec00000, 0x000000070ec00000, 0x000000070ee00000|  0%| F|  |TAMS 0x000000070ec00000| PB 0x000000070ec00000| Untracked |  0
|  80|0x000000070ee00000, 0x000000070ee00000, 0x000000070f000000|  0%| F|  |TAMS 0x000000070ee00000| PB 0x000000070ee00000| Untracked |  0
|  81|0x000000070f000000, 0x000000070f000000, 0x000000070f200000|  0%| F|  |TAMS 0x000000070f000000| PB 0x000000070f000000| Untracked |  0
|  82|0x000000070f200000, 0x000000070f200000, 0x000000070f400000|  0%| F|  |TAMS 0x000000070f200000| PB 0x000000070f200000| Untracked |  0
|  83|0x000000070f400000, 0x000000070f400000, 0x000000070f600000|  0%| F|  |TAMS 0x000000070f400000| PB 0x000000070f400000| Untracked |  0
|  84|0x000000070f600000, 0x000000070f600000, 0x000000070f800000|  0%| F|  |TAMS 0x000000070f600000| PB 0x000000070f600000| Untracked |  0
|  85|0x000000070f800000, 0x000000070f800000, 0x000000070fa00000|  0%| F|  |TAMS 0x000000070f800000| PB 0x000000070f800000| Untracked |  0
|  86|0x000000070fa00000, 0x000000070fa00000, 0x000000070fc00000|  0%| F|  |TAMS 0x000000070fa00000| PB 0x000000070fa00000| Untracked |  0
|  87|0x000000070fc00000, 0x000000070fc00000, 0x000000070fe00000|  0%| F|  |TAMS 0x000000070fc00000| PB 0x000000070fc00000| Untracked |  0
|  88|0x000000070fe00000, 0x000000070fe00000, 0x0000000710000000|  0%| F|  |TAMS 0x000000070fe00000| PB 0x000000070fe00000| Untracked |  0
|  89|0x0000000710000000, 0x0000000710000000, 0x0000000710200000|  0%| F|  |TAMS 0x0000000710000000| PB 0x0000000710000000| Untracked |  0
|  90|0x0000000710200000, 0x0000000710200000, 0x0000000710400000|  0%| F|  |TAMS 0x0000000710200000| PB 0x0000000710200000| Untracked |  0
|  91|0x0000000710400000, 0x0000000710400000, 0x0000000710600000|  0%| F|  |TAMS 0x0000000710400000| PB 0x0000000710400000| Untracked |  0
|  92|0x0000000710600000, 0x0000000710600000, 0x0000000710800000|  0%| F|  |TAMS 0x0000000710600000| PB 0x0000000710600000| Untracked |  0
|  93|0x0000000710800000, 0x0000000710800000, 0x0000000710a00000|  0%| F|  |TAMS 0x0000000710800000| PB 0x0000000710800000| Untracked |  0
|  94|0x0000000710a00000, 0x0000000710a00000, 0x0000000710c00000|  0%| F|  |TAMS 0x0000000710a00000| PB 0x0000000710a00000| Untracked |  0
|  95|0x0000000710c00000, 0x0000000710c00000, 0x0000000710e00000|  0%| F|  |TAMS 0x0000000710c00000| PB 0x0000000710c00000| Untracked |  0
|  96|0x0000000710e00000, 0x0000000710e00000, 0x0000000711000000|  0%| F|  |TAMS 0x0000000710e00000| PB 0x0000000710e00000| Untracked |  0
|  97|0x0000000711000000, 0x0000000711000000, 0x0000000711200000|  0%| F|  |TAMS 0x0000000711000000| PB 0x0000000711000000| Untracked |  0
|  98|0x0000000711200000, 0x0000000711200000, 0x0000000711400000|  0%| F|  |TAMS 0x0000000711200000| PB 0x0000000711200000| Untracked |  0
|  99|0x0000000711400000, 0x0000000711400000, 0x0000000711600000|  0%| F|  |TAMS 0x0000000711400000| PB 0x0000000711400000| Untracked |  0
| 100|0x0000000711600000, 0x0000000711600000, 0x0000000711800000|  0%| F|  |TAMS 0x0000000711600000| PB 0x0000000711600000| Untracked |  0
| 101|0x0000000711800000, 0x0000000711800000, 0x0000000711a00000|  0%| F|  |TAMS 0x0000000711800000| PB 0x0000000711800000| Untracked |  0
| 102|0x0000000711a00000, 0x0000000711a00000, 0x0000000711c00000|  0%| F|  |TAMS 0x0000000711a00000| PB 0x0000000711a00000| Untracked |  0
| 103|0x0000000711c00000, 0x0000000711c00000, 0x0000000711e00000|  0%| F|  |TAMS 0x0000000711c00000| PB 0x0000000711c00000| Untracked |  0
| 104|0x0000000711e00000, 0x0000000711e00000, 0x0000000712000000|  0%| F|  |TAMS 0x0000000711e00000| PB 0x0000000711e00000| Untracked |  0
| 105|0x0000000712000000, 0x0000000712000000, 0x0000000712200000|  0%| F|  |TAMS 0x0000000712000000| PB 0x0000000712000000| Untracked |  0
| 106|0x0000000712200000, 0x0000000712200000, 0x0000000712400000|  0%| F|  |TAMS 0x0000000712200000| PB 0x0000000712200000| Untracked |  0
| 107|0x0000000712400000, 0x0000000712400000, 0x0000000712600000|  0%| F|  |TAMS 0x0000000712400000| PB 0x0000000712400000| Untracked |  0
| 108|0x0000000712600000, 0x0000000712600000, 0x0000000712800000|  0%| F|  |TAMS 0x0000000712600000| PB 0x0000000712600000| Untracked |  0
| 109|0x0000000712800000, 0x0000000712800000, 0x0000000712a00000|  0%| F|  |TAMS 0x0000000712800000| PB 0x0000000712800000| Untracked |  0
| 110|0x0000000712a00000, 0x0000000712a00000, 0x0000000712c00000|  0%| F|  |TAMS 0x0000000712a00000| PB 0x0000000712a00000| Untracked |  0
| 111|0x0000000712c00000, 0x0000000712c00000, 0x0000000712e00000|  0%| F|  |TAMS 0x0000000712c00000| PB 0x0000000712c00000| Untracked |  0
| 112|0x0000000712e00000, 0x0000000712e00000, 0x0000000713000000|  0%| F|  |TAMS 0x0000000712e00000| PB 0x0000000712e00000| Untracked |  0
| 113|0x0000000713000000, 0x0000000713000000, 0x0000000713200000|  0%| F|  |TAMS 0x0000000713000000| PB 0x0000000713000000| Untracked |  0
| 114|0x0000000713200000, 0x0000000713390fa8, 0x0000000713400000| 78%| E|  |TAMS 0x0000000713200000| PB 0x0000000713200000| Complete |  0
| 115|0x0000000713400000, 0x0000000713600000, 0x0000000713600000|100%| E|CS|TAMS 0x0000000713400000| PB 0x0000000713400000| Complete |  0
| 116|0x0000000713600000, 0x0000000713800000, 0x0000000713800000|100%| E|  |TAMS 0x0000000713600000| PB 0x0000000713600000| Complete |  0
| 117|0x0000000713800000, 0x0000000713a00000, 0x0000000713a00000|100%| E|CS|TAMS 0x0000000713800000| PB 0x0000000713800000| Complete |  0
| 118|0x0000000713a00000, 0x0000000713c00000, 0x0000000713c00000|100%| E|CS|TAMS 0x0000000713a00000| PB 0x0000000713a00000| Complete |  0
| 119|0x0000000713c00000, 0x0000000713e00000, 0x0000000713e00000|100%| E|CS|TAMS 0x0000000713c00000| PB 0x0000000713c00000| Complete |  0
| 120|0x0000000713e00000, 0x0000000714000000, 0x0000000714000000|100%| E|CS|TAMS 0x0000000713e00000| PB 0x0000000713e00000| Complete |  0
| 121|0x0000000714000000, 0x0000000714200000, 0x0000000714200000|100%| E|CS|TAMS 0x0000000714000000| PB 0x0000000714000000| Complete |  0
| 122|0x0000000714200000, 0x0000000714400000, 0x0000000714400000|100%| E|CS|TAMS 0x0000000714200000| PB 0x0000000714200000| Complete |  0
| 123|0x0000000714400000, 0x0000000714600000, 0x0000000714600000|100%| E|CS|TAMS 0x0000000714400000| PB 0x0000000714400000| Complete |  0
| 124|0x0000000714600000, 0x0000000714800000, 0x0000000714800000|100%| E|CS|TAMS 0x0000000714600000| PB 0x0000000714600000| Complete |  0
| 125|0x0000000714800000, 0x0000000714a00000, 0x0000000714a00000|100%| E|CS|TAMS 0x0000000714800000| PB 0x0000000714800000| Complete |  0

Card table byte_map: [0x00000204a6050000,0x00000204a6830000] _byte_map_base: 0x00000204a2829000

Marking Bits: (CMBitMap*) 0x000002048de7d3d0
 Bits: [0x00000204a6830000, 0x00000204aa6f8000)

Polling page: 0x000002048d540000

Metaspace:

Usage:
  Non-class:      6.45 MB used.
      Class:    537.77 KB used.
       Both:      6.98 MB used.

Virtual space:
  Non-class space:       64.00 MB reserved,       6.56 MB ( 10%) committed,  1 nodes.
      Class space:        1.00 GB reserved,     640.00 KB ( <1%) committed,  1 nodes.
             Both:        1.06 GB reserved,       7.19 MB ( <1%) committed. 

Chunk freelists:
   Non-Class:  7.80 MB
       Class:  15.39 MB
        Both:  23.18 MB

MaxMetaspaceSize: unlimited
CompressedClassSpaceSize: 1.00 GB
Initial GC threshold: 21.00 MB
Current GC threshold: 21.00 MB
CDS: on
 - commit_granule_bytes: 65536.
 - commit_granule_words: 8192.
 - virtual_space_node_default_size: 8388608.
 - enlarge_chunks_in_place: 1.
 - use_allocation_guard: 0.


Internal statistics:

num_allocs_failed_limit: 0.
num_arena_births: 116.
num_arena_deaths: 0.
num_vsnodes_births: 2.
num_vsnodes_deaths: 0.
num_space_committed: 114.
num_space_uncommitted: 0.
num_chunks_returned_to_freelist: 0.
num_chunks_taken_from_freelist: 312.
num_chunk_merges: 0.
num_chunk_splits: 215.
num_chunks_enlarged: 163.
num_inconsistent_stats: 0.

CodeHeap 'non-profiled nmethods': size=120064Kb used=528Kb max_used=528Kb free=119535Kb
 bounds [0x000002049e000000, 0x000002049e270000, 0x00000204a5540000]
CodeHeap 'profiled nmethods': size=120000Kb used=1968Kb max_used=1968Kb free=118031Kb
 bounds [0x0000020496540000, 0x00000204967b0000, 0x000002049da70000]
CodeHeap 'non-nmethods': size=5696Kb used=2167Kb max_used=2193Kb free=3528Kb
 bounds [0x000002049da70000, 0x000002049dce0000, 0x000002049e000000]
CodeCache: size=245760Kb, used=4663Kb, max_used=4689Kb, free=241094Kb
 total_blobs=2611, nmethods=1450, adapters=1067, full_count=0
Compilation: enabled, stopped_count=0, restarted_count=0

Compilation events (20 events):
Event: 4.528 Thread 0x00000204ad1938a0 nmethod 1444 0x0000020496728188 code [0x00000204967282a0, 0x0000020496728458]
Event: 4.545 Thread 0x00000204ad1938a0 1445       3       java.io.FileDescriptor::<init> (17 bytes)
Event: 4.545 Thread 0x00000204ad1938a0 nmethod 1445 0x0000020496728488 code [0x00000204967285a0, 0x0000020496728718]
Event: 4.545 Thread 0x00000204ad1938a0 1446       3       java.io.FileCleanable::register (49 bytes)
Event: 4.546 Thread 0x00000204ad1938a0 nmethod 1446 0x0000020496728788 code [0x0000020496728920, 0x00000204967291d0]
Event: 4.625 Thread 0x00000204ad1938a0 1447       3       java.util.regex.Pattern::peek (26 bytes)
Event: 4.626 Thread 0x00000204ad1938a0 nmethod 1447 0x0000020496729288 code [0x00000204967293c0, 0x0000020496729610]
Event: 4.626 Thread 0x00000204ad1938a0 1448       3       java.io.BufferedReader::readLine (7 bytes)
Event: 4.626 Thread 0x00000204ad18e830 1450       4       java.util.StringTokenizer::scanToken (179 bytes)
Event: 4.626 Thread 0x00000204ad1938a0 nmethod 1448 0x0000020496729688 code [0x00000204967297a0, 0x0000020496729908]
Event: 4.626 Thread 0x00000204ad1938a0 1449   !   3       java.io.BufferedReader::readLine (72 bytes)
Event: 4.627 Thread 0x00000204ad1938a0 nmethod 1449 0x0000020496729988 code [0x0000020496729b80, 0x000002049672aa10]
Event: 4.627 Thread 0x00000204ad1938a0 1451       3       java.util.StringTokenizer::<init> (52 bytes)
Event: 4.627 Thread 0x00000204ad1938a0 nmethod 1451 0x000002049672aa88 code [0x000002049672abe0, 0x000002049672af58]
Event: 4.627 Thread 0x00000204ad1938a0 1452       3       com.badlogic.gdx.graphics.g2d.BitmapFont$BitmapFontData::setGlyph (42 bytes)
Event: 4.627 Thread 0x00000204ad1938a0 nmethod 1452 0x000002049672af88 code [0x000002049672b0c0, 0x000002049672b5f8]
Event: 4.629 Thread 0x00000204ad18e830 nmethod 1450 0x000002049e083808 code [0x000002049e083940, 0x000002049e083d78]
Event: 4.629 Thread 0x00000204ad18e830 1453       4       java.lang.String::startsWith (7 bytes)
Event: 4.630 Thread 0x00000204ad1938a0 1454       3       com.badlogic.gdx.graphics.g2d.BitmapFont$BitmapFontData::setGlyphRegion (402 bytes)
Event: 4.630 Thread 0x00000204ad1938a0 nmethod 1454 0x000002049672b688 code [0x000002049672b820, 0x000002049672c2f0]

GC Heap History (0 events):
No events

Dll operation events (10 events):
Event: 0.018 Loaded shared library C:\Users\aditya\.jdks\openjdk-23.0.1\bin\java.dll
Event: 0.067 Loaded shared library C:\Users\aditya\.jdks\openjdk-23.0.1\bin\jsvml.dll
Event: 0.172 Loaded shared library C:\Users\aditya\.jdks\openjdk-23.0.1\bin\net.dll
Event: 0.177 Loaded shared library C:\Users\aditya\.jdks\openjdk-23.0.1\bin\nio.dll
Event: 0.183 Loaded shared library C:\Users\aditya\.jdks\openjdk-23.0.1\bin\zip.dll
Event: 0.329 Loaded shared library C:\Users\aditya\.jdks\openjdk-23.0.1\bin\jimage.dll
Event: 0.340 Loaded shared library C:\ProgramData\libGDX-temp\libgdxaditya\8d3b5089\gdx64.dll
Event: 0.446 Loaded shared library C:\ProgramData\libGDX-temp\lwjgl_aditya\3.3.4+7\x64\lwjgl.dll
Event: 0.942 Loaded shared library C:\ProgramData\libGDX-temp\lwjgl_aditya\3.3.4+7\x64\lwjgl_opengl.dll
Event: 2.464 Loaded shared library C:\ProgramData\libGDX-temp\libgdxaditya\4ca5c0bf\gdx-box2d64.dll

Deoptimization events (20 events):
Event: 3.542 Thread 0x000002048bb5f290 DEOPT PACKING pc=0x0000020496697325 sp=0x000000dc357fedd0
Event: 3.542 Thread 0x000002048bb5f290 DEOPT UNPACKING pc=0x000002049dac4b22 sp=0x000000dc357fe278 mode 0
Event: 3.542 Thread 0x000002048bb5f290 Uncommon trap: trap_request=0xffffff45 fr.pc=0x000002049e04f764 relative=0x00000000000008c4
Event: 3.542 Thread 0x000002048bb5f290 Uncommon trap: reason=unstable_if action=reinterpret pc=0x000002049e04f764 method=javazoom.jl.decoder.huffcodetab.huffman_decoder(Ljavazoom/jl/decoder/huffcodetab;[I[I[I[ILjavazoom/jl/decoder/BitReserve;)I @ 27 c2
Event: 3.542 Thread 0x000002048bb5f290 DEOPT PACKING pc=0x000002049e04f764 sp=0x000000dc357fec90
Event: 3.542 Thread 0x000002048bb5f290 DEOPT UNPACKING pc=0x000002049dac4402 sp=0x000000dc357fec10 mode 2
Event: 3.543 Thread 0x000002048bb5f290 DEOPT PACKING pc=0x00000204966972b3 sp=0x000000dc357fedd0
Event: 3.543 Thread 0x000002048bb5f290 DEOPT UNPACKING pc=0x000002049dac4b22 sp=0x000000dc357fe278 mode 0
Event: 3.545 Thread 0x000002048bb5f290 DEOPT PACKING pc=0x00000204966972b3 sp=0x000000dc357fedd0
Event: 3.545 Thread 0x000002048bb5f290 DEOPT UNPACKING pc=0x000002049dac4b22 sp=0x000000dc357fe278 mode 0
Event: 3.562 Thread 0x000002048bb5f290 Uncommon trap: trap_request=0xffffff45 fr.pc=0x000002049e067148 relative=0x00000000000000c8
Event: 3.562 Thread 0x000002048bb5f290 Uncommon trap: reason=unstable_if action=reinterpret pc=0x000002049e067148 method=java.util.concurrent.locks.ReentrantLock$Sync.tryRelease(I)Z @ 26 c2
Event: 3.562 Thread 0x000002048bb5f290 DEOPT PACKING pc=0x000002049e067148 sp=0x000000dc357fdd70
Event: 3.562 Thread 0x000002048bb5f290 DEOPT UNPACKING pc=0x000002049dac4402 sp=0x000000dc357fdd10 mode 2
Event: 3.760 Thread 0x000002048bb5f290 DEOPT PACKING pc=0x00000204966a1dc4 sp=0x000000dc357fed40
Event: 3.760 Thread 0x000002048bb5f290 DEOPT UNPACKING pc=0x000002049dac4b22 sp=0x000000dc357fe1e8 mode 0
Event: 4.177 Thread 0x000002048bb5f290 Uncommon trap: trap_request=0xffffff45 fr.pc=0x000002049e048884 relative=0x0000000000000104
Event: 4.177 Thread 0x000002048bb5f290 Uncommon trap: reason=unstable_if action=reinterpret pc=0x000002049e048884 method=javazoom.jl.decoder.BitReserve.hgetbits(I)I @ 22 c2
Event: 4.177 Thread 0x000002048bb5f290 DEOPT PACKING pc=0x000002049e048884 sp=0x000000dc357feb40
Event: 4.177 Thread 0x000002048bb5f290 DEOPT UNPACKING pc=0x000002049dac4402 sp=0x000000dc357feac8 mode 2

Classes loaded (20 events):
Event: 2.057 Loading class java/io/BufferedReader
Event: 2.057 Loading class java/io/BufferedReader done
Event: 2.058 Loading class sun/nio/cs/StreamDecoder
Event: 2.058 Loading class sun/nio/cs/StreamDecoder done
Event: 2.058 Loading class sun/nio/cs/UTF_8$Decoder
Event: 2.058 Loading class sun/nio/cs/UTF_8$Decoder done
Event: 2.071 Loading class java/lang/invoke/DirectMethodHandle$Special
Event: 2.071 Loading class java/lang/invoke/DirectMethodHandle$Special done
Event: 2.076 Loading class java/lang/SecurityException
Event: 2.076 Loading class java/lang/SecurityException done
Event: 2.077 Loading class java/lang/reflect/InvocationTargetException
Event: 2.077 Loading class java/lang/reflect/InvocationTargetException done
Event: 3.518 Loading class java/util/Stack
Event: 3.518 Loading class java/util/Vector
Event: 3.518 Loading class java/util/Vector done
Event: 3.518 Loading class java/util/Stack done
Event: 3.564 Loading class java/lang/FdLibm$Cbrt
Event: 3.564 Loading class java/lang/FdLibm$Cbrt done
Event: 3.564 Loading class java/lang/FdLibm
Event: 3.564 Loading class java/lang/FdLibm done

Classes unloaded (0 events):
No events

Classes redefined (0 events):
No events

Internal exceptions (20 events):
Event: 0.559 Thread 0x000002048bb5f290 Exception <a 'java/lang/NoSuchMethodError'{0x0000000714236fc0}: 'java.lang.Object java.lang.invoke.DirectMethodHandle$Holder.newInvokeSpecial(java.lang.Object, java.lang.Object, int)'> (0x0000000714236fc0) 
thrown [s\open\src\hotspot\share\interpreter\linkResolver.cpp, line 796]
Event: 0.563 Thread 0x000002048bb5f290 Exception <a 'java/lang/NoSuchMethodError'{0x0000000714248f38}: 'int java.lang.invoke.DirectMethodHandle$Holder.invokeStaticInit(java.lang.Object, java.lang.Object, long, long)'> (0x0000000714248f38) 
thrown [s\open\src\hotspot\share\interpreter\linkResolver.cpp, line 796]
Event: 0.564 Thread 0x000002048bb5f290 Exception <a 'java/lang/NoSuchMethodError'{0x000000071424ea08}: 'java.lang.Object java.lang.invoke.DirectMethodHandle$Holder.newInvokeSpecial(java.lang.Object, java.lang.Object, long)'> (0x000000071424ea08) 
thrown [s\open\src\hotspot\share\interpreter\linkResolver.cpp, line 796]
Event: 0.564 Thread 0x000002048bb5f290 Exception <a 'java/lang/NoSuchMethodError'{0x0000000714252900}: 'java.lang.Object java.lang.invoke.Invokers$Holder.linkToTargetMethod(java.lang.Object, long, java.lang.Object)'> (0x0000000714252900) 
thrown [s\open\src\hotspot\share\interpreter\linkResolver.cpp, line 796]
Event: 0.566 Thread 0x000002048bb5f290 Exception <a 'java/lang/NoSuchMethodError'{0x0000000714259b58}: 'int java.lang.invoke.DirectMethodHandle$Holder.invokeStaticInit(java.lang.Object, java.lang.Object, java.lang.Object, long)'> (0x0000000714259b58) 
thrown [s\open\src\hotspot\share\interpreter\linkResolver.cpp, line 796]
Event: 0.593 Thread 0x000002048bb5f290 Exception <a 'sun/nio/fs/WindowsException'{0x00000007142e8e80}> (0x00000007142e8e80) 
thrown [s\open\src\hotspot\share\prims\jni.cpp, line 520]
Event: 0.593 Thread 0x000002048bb5f290 Exception <a 'sun/nio/fs/WindowsException'{0x00000007142e91f0}> (0x00000007142e91f0) 
thrown [s\open\src\hotspot\share\prims\jni.cpp, line 520]
Event: 0.648 Thread 0x000002048bb5f290 Exception <a 'sun/nio/fs/WindowsException'{0x000000071439b7a0}> (0x000000071439b7a0) 
thrown [s\open\src\hotspot\share\prims\jni.cpp, line 520]
Event: 0.648 Thread 0x000002048bb5f290 Exception <a 'sun/nio/fs/WindowsException'{0x000000071439bae0}> (0x000000071439bae0) 
thrown [s\open\src\hotspot\share\prims\jni.cpp, line 520]
Event: 0.670 Thread 0x000002048bb5f290 Exception <a 'java/lang/NoSuchMethodError'{0x00000007143a2ba0}: 'int java.lang.invoke.Invokers$Holder.invokeExact_MT(java.lang.Object, java.lang.Object)'> (0x00000007143a2ba0) 
thrown [s\open\src\hotspot\share\interpreter\linkResolver.cpp, line 796]
Event: 0.734 Thread 0x000002048bb5f290 Exception <a 'sun/nio/fs/WindowsException'{0x000000071406edf8}> (0x000000071406edf8) 
thrown [s\open\src\hotspot\share\prims\jni.cpp, line 520]
Event: 0.734 Thread 0x000002048bb5f290 Exception <a 'sun/nio/fs/WindowsException'{0x000000071406f150}> (0x000000071406f150) 
thrown [s\open\src\hotspot\share\prims\jni.cpp, line 520]
Event: 0.819 Thread 0x000002048bb5f290 Exception <a 'java/lang/NoSuchMethodError'{0x00000007140b0230}: 'java.lang.Object java.lang.invoke.DirectMethodHandle$Holder.newInvokeSpecial(java.lang.Object, long)'> (0x00000007140b0230) 
thrown [s\open\src\hotspot\share\interpreter\linkResolver.cpp, line 796]
Event: 0.930 Thread 0x000002048bb5f290 Exception <a 'java/lang/NoSuchMethodError'{0x0000000713e6b8d8}: 'void java.lang.invoke.DirectMethodHandle$Holder.invokeStatic(java.lang.Object, long)'> (0x0000000713e6b8d8) 
thrown [s\open\src\hotspot\share\interpreter\linkResolver.cpp, line 796]
Event: 0.936 Thread 0x000002048bb5f290 Exception <a 'java/lang/NoSuchMethodError'{0x0000000713e8ebe0}: 'void java.lang.System.load(java.lang.String, java.lang.Class)'> (0x0000000713e8ebe0) 
thrown [s\open\src\hotspot\share\interpreter\linkResolver.cpp, line 796]
Event: 0.937 Thread 0x000002048bb5f290 Exception <a 'java/lang/NoSuchMethodError'{0x0000000713e91670}: 'void java.lang.System.loadLibrary(java.lang.String, java.lang.Class)'> (0x0000000713e91670) 
thrown [s\open\src\hotspot\share\interpreter\linkResolver.cpp, line 796]
Event: 0.940 Thread 0x000002048bb5f290 Exception <a 'sun/nio/fs/WindowsException'{0x0000000713ea2bf0}> (0x0000000713ea2bf0) 
thrown [s\open\src\hotspot\share\prims\jni.cpp, line 520]
Event: 0.941 Thread 0x000002048bb5f290 Exception <a 'sun/nio/fs/WindowsException'{0x0000000713ea2f70}> (0x0000000713ea2f70) 
thrown [s\open\src\hotspot\share\prims\jni.cpp, line 520]
Event: 0.946 Thread 0x000002048bb5f290 Exception <a 'sun/nio/fs/WindowsException'{0x0000000713eafb98}> (0x0000000713eafb98) 
thrown [s\open\src\hotspot\share\prims\jni.cpp, line 520]
Event: 0.946 Thread 0x000002048bb5f290 Exception <a 'sun/nio/fs/WindowsException'{0x0000000713eafe50}> (0x0000000713eafe50) 
thrown [s\open\src\hotspot\share\prims\jni.cpp, line 520]

VM Operations (6 events):
Event: 0.194 Executing VM operation: HandshakeAllThreads (Deoptimize)
Event: 0.195 Executing VM operation: HandshakeAllThreads (Deoptimize) done
Event: 0.335 Executing VM operation: HandshakeAllThreads (Deoptimize)
Event: 0.335 Executing VM operation: HandshakeAllThreads (Deoptimize) done
Event: 0.400 Executing VM operation: HandshakeAllThreads (Deoptimize)
Event: 0.400 Executing VM operation: HandshakeAllThreads (Deoptimize) done

Memory protections (0 events):
No events

Nmethod flushes (0 events):
No events

Events (20 events):
Event: 0.063 Thread 0x000002048bb5f290 Thread added: 0x00000204ad1507e0
Event: 0.063 Thread 0x000002048bb5f290 Thread added: 0x00000204ad152160
Event: 0.064 Thread 0x000002048bb5f290 Thread added: 0x00000204ad1579b0
Event: 0.064 Thread 0x000002048bb5f290 Thread added: 0x00000204ad15a420
Event: 0.064 Thread 0x000002048bb5f290 Thread added: 0x00000204ad1608d0
Event: 0.064 Thread 0x000002048bb5f290 Thread added: 0x00000204ad183020
Event: 0.064 Thread 0x000002048bb5f290 Thread added: 0x00000204ad18e830
Event: 0.065 Thread 0x000002048bb5f290 Thread added: 0x00000204ad1938a0
Event: 0.156 Thread 0x000002048bb5f290 Thread added: 0x00000204ad2e3110
Event: 0.163 Thread 0x000002048bb5f290 Thread added: 0x00000204ad2e2a80
Event: 0.543 Thread 0x00000204ad1938a0 Thread added: 0x00000204ad9273c0
Event: 0.833 Thread 0x000002048bb5f290 Thread added: 0x00000204ad2e37a0
Event: 1.083 Thread 0x00000204ad9273c0 Thread exited: 0x00000204ad9273c0
Event: 1.502 Thread 0x00000204ad1938a0 Thread added: 0x00000204f51c54c0
Event: 1.529 Thread 0x000002048bb5f290 Thread added: 0x00000204ad2e3e30
Event: 1.644 Thread 0x00000204f51c54c0 Thread exited: 0x00000204f51c54c0
Event: 2.363 Thread 0x00000204ad1938a0 Thread added: 0x00000204f521fe90
Event: 2.745 Thread 0x00000204f521fe90 Thread exited: 0x00000204f521fe90
Event: 3.547 Thread 0x00000204ad1938a0 Thread added: 0x00000204f5449f30
Event: 4.076 Thread 0x00000204f5449f30 Thread exited: 0x00000204f5449f30


Dynamic libraries:
0x00007ff7d3840000 - 0x00007ff7d384e000 	C:\Users\aditya\.jdks\openjdk-23.0.1\bin\java.exe
0x00007ffe0fb20000 - 0x00007ffe0fd83000 	C:\WINDOWS\SYSTEM32\ntdll.dll
0x00007ffe0e4c0000 - 0x00007ffe0e588000 	C:\WINDOWS\System32\KERNEL32.DLL
0x00007ffe0d240000 - 0x00007ffe0d5f1000 	C:\WINDOWS\System32\KERNELBASE.dll
0x00007ffe0d0f0000 - 0x00007ffe0d23b000 	C:\WINDOWS\System32\ucrtbase.dll
0x00007ffdf6380000 - 0x00007ffdf6397000 	C:\Users\aditya\.jdks\openjdk-23.0.1\bin\jli.dll
0x00007ffdf6230000 - 0x00007ffdf624b000 	C:\Users\aditya\.jdks\openjdk-23.0.1\bin\VCRUNTIME140.dll
0x00007ffdee810000 - 0x00007ffdeeaa0000 	C:\WINDOWS\WinSxS\amd64_microsoft.windows.common-controls_6595b64144ccf1df_6.0.26100.2161_none_3e0cadb0e33078e1\COMCTL32.dll
0x00007ffe0f150000 - 0x00007ffe0f318000 	C:\WINDOWS\System32\USER32.dll
0x00007ffe0e410000 - 0x00007ffe0e4b9000 	C:\WINDOWS\System32\msvcrt.dll
0x00007ffe0d680000 - 0x00007ffe0d6a7000 	C:\WINDOWS\System32\win32u.dll
0x00007ffe0e2b0000 - 0x00007ffe0e2da000 	C:\WINDOWS\System32\GDI32.dll
0x00007ffe0cf10000 - 0x00007ffe0d035000 	C:\WINDOWS\System32\gdi32full.dll
0x00007ffe0d040000 - 0x00007ffe0d0e3000 	C:\WINDOWS\System32\msvcp_win.dll
0x00007ffe0f4a0000 - 0x00007ffe0f4cf000 	C:\WINDOWS\System32\IMM32.DLL
0x00007ffdf62c0000 - 0x00007ffdf62cc000 	C:\Users\aditya\.jdks\openjdk-23.0.1\bin\vcruntime140_1.dll
0x00007ffde4ce0000 - 0x00007ffde4d6e000 	C:\Users\aditya\.jdks\openjdk-23.0.1\bin\msvcp140.dll
0x00007ffd754e0000 - 0x00007ffd7622f000 	C:\Users\aditya\.jdks\openjdk-23.0.1\bin\server\jvm.dll
0x00007ffe0f320000 - 0x00007ffe0f3d4000 	C:\WINDOWS\System32\ADVAPI32.dll
0x00007ffe0f3e0000 - 0x00007ffe0f486000 	C:\WINDOWS\System32\sechost.dll
0x00007ffe0e2e0000 - 0x00007ffe0e3f6000 	C:\WINDOWS\System32\RPCRT4.dll
0x00007ffe0fa60000 - 0x00007ffe0fad4000 	C:\WINDOWS\System32\WS2_32.dll
0x00007ffe0bb90000 - 0x00007ffe0bbde000 	C:\WINDOWS\SYSTEM32\POWRPROF.dll
0x00007ffe04ac0000 - 0x00007ffe04acb000 	C:\WINDOWS\SYSTEM32\VERSION.dll
0x00007ffde4230000 - 0x00007ffde4266000 	C:\WINDOWS\SYSTEM32\WINMM.dll
0x00007ffe0bb70000 - 0x00007ffe0bb84000 	C:\WINDOWS\SYSTEM32\UMPDC.dll
0x00007ffe0be30000 - 0x00007ffe0be4a000 	C:\WINDOWS\SYSTEM32\kernel.appcore.dll
0x00007ffdf61f0000 - 0x00007ffdf61fa000 	C:\Users\aditya\.jdks\openjdk-23.0.1\bin\jimage.dll
0x00007ffe0a280000 - 0x00007ffe0a4c1000 	C:\WINDOWS\SYSTEM32\DBGHELP.DLL
0x00007ffe0de90000 - 0x00007ffe0e20d000 	C:\WINDOWS\System32\combase.dll
0x00007ffe0e760000 - 0x00007ffe0e836000 	C:\WINDOWS\System32\OLEAUT32.dll
0x00007ffdfb010000 - 0x00007ffdfb049000 	C:\WINDOWS\SYSTEM32\dbgcore.DLL
0x00007ffe0d6b0000 - 0x00007ffe0d749000 	C:\WINDOWS\System32\bcryptPrimitives.dll
0x00007ffdedbf0000 - 0x00007ffdedc0e000 	C:\Users\aditya\.jdks\openjdk-23.0.1\bin\java.dll
0x00007ffe0e5c0000 - 0x00007ffe0e759000 	C:\WINDOWS\System32\ole32.dll
0x00007ffe0e950000 - 0x00007ffe0f04f000 	C:\WINDOWS\System32\SHELL32.dll
0x00007ffe0ac20000 - 0x00007ffe0b44d000 	C:\WINDOWS\SYSTEM32\windows.storage.dll
0x00007ffe0dd20000 - 0x00007ffe0ddf3000 	C:\WINDOWS\System32\SHCORE.dll
0x00007ffe0db60000 - 0x00007ffe0dbbd000 	C:\WINDOWS\System32\shlwapi.dll
0x00007ffe0ce20000 - 0x00007ffe0ce4e000 	C:\WINDOWS\SYSTEM32\profapi.dll
0x00007ffde2f00000 - 0x00007ffde2fd7000 	C:\Users\aditya\.jdks\openjdk-23.0.1\bin\jsvml.dll
0x00007ffdf5e10000 - 0x00007ffdf5e20000 	C:\Users\aditya\.jdks\openjdk-23.0.1\bin\net.dll
0x00007ffe0c310000 - 0x00007ffe0c378000 	C:\WINDOWS\system32\mswsock.dll
0x00007ffde9000000 - 0x00007ffde9016000 	C:\Users\aditya\.jdks\openjdk-23.0.1\bin\nio.dll
0x00007ffdec220000 - 0x00007ffdec237000 	C:\Users\aditya\.jdks\openjdk-23.0.1\bin\zip.dll
0x000000006e700000 - 0x000000006e72d000 	C:\ProgramData\libGDX-temp\libgdxaditya\8d3b5089\gdx64.dll
0x00007ffde4c60000 - 0x00007ffde4cdb000 	C:\ProgramData\libGDX-temp\lwjgl_aditya\3.3.4+7\x64\lwjgl.dll
0x00007ffdbd820000 - 0x00007ffdbda91000 	C:\ProgramData\libGDX-temp\lwjgl_aditya\3.3.4+7\x64\jemalloc.dll
0x00007ffde29d0000 - 0x00007ffde2a55000 	C:\ProgramData\libGDX-temp\lwjgl_aditya\3.3.4+7\x64\glfw.dll
0x00007ffdf7200000 - 0x00007ffdf724b000 	C:\WINDOWS\SYSTEM32\dinput8.dll
0x00007ffdf6fe0000 - 0x00007ffdf6ff2000 	C:\WINDOWS\SYSTEM32\xinput1_4.dll
0x00007ffe0cbb0000 - 0x00007ffe0cc0f000 	C:\WINDOWS\SYSTEM32\cfgmgr32.dll
0x00007ffe0cb80000 - 0x00007ffe0cbad000 	C:\WINDOWS\SYSTEM32\DEVOBJ.dll
0x00007ffe09c30000 - 0x00007ffe09c5e000 	C:\WINDOWS\SYSTEM32\dwmapi.dll
0x00007ffdfa6b0000 - 0x00007ffdfa88c000 	C:\WINDOWS\SYSTEM32\inputhost.dll
0x00007ffe03170000 - 0x00007ffe03295000 	C:\WINDOWS\SYSTEM32\CoreMessaging.dll
0x00007ffe09930000 - 0x00007ffe099dd000 	C:\WINDOWS\system32\uxtheme.dll
0x00007ffe0dbc0000 - 0x00007ffe0dd1b000 	C:\WINDOWS\System32\MSCTF.dll
0x00007ffe0c540000 - 0x00007ffe0c54c000 	C:\WINDOWS\SYSTEM32\CRYPTBASE.DLL
0x00007ffde01e0000 - 0x00007ffde03bd000 	C:\ProgramData\libGDX-temp\lwjgl_aditya\3.3.4+7\x64\OpenAL.dll
0x00007ffe0e840000 - 0x00007ffe0e8e8000 	C:\WINDOWS\System32\clbcatq.dll
0x00007ffe043d0000 - 0x00007ffe04460000 	C:\WINDOWS\System32\MMDevApi.dll
0x00007ffdf8a80000 - 0x00007ffdf8c37000 	C:\WINDOWS\SYSTEM32\AUDIOSES.DLL
0x00007ffe0a820000 - 0x00007ffe0a834000 	C:\WINDOWS\SYSTEM32\resourcepolicyclient.dll
0x00007ffdd85c0000 - 0x00007ffdd86cc000 	C:\WINDOWS\SYSTEM32\opengl32.dll
0x00007ffdda4a0000 - 0x00007ffdda4cd000 	C:\WINDOWS\SYSTEM32\GLU32.dll
0x00007ffe0a570000 - 0x00007ffe0a5b5000 	C:\WINDOWS\SYSTEM32\dxcore.dll
0x00007ffe09a80000 - 0x00007ffe09adc000 	C:\WINDOWS\SYSTEM32\directxdatabasehelper.dll
0x00007ffdf7d90000 - 0x00007ffdf7daa000 	C:\WINDOWS\SYSTEM32\windows.staterepositorycore.dll
0x00007ffd6e050000 - 0x00007ffd6f0f5000 	C:\WINDOWS\System32\DriverStore\FileRepository\iigd_dch.inf_amd64_b198ba49c101df87\ig9icd64.dll
0x00007ffe09ae0000 - 0x00007ffe09c0b000 	C:\WINDOWS\system32\dxgi.dll
0x00007ffddfee0000 - 0x00007ffde000c000 	C:\WINDOWS\System32\DriverStore\FileRepository\iigd_dch.inf_amd64_b198ba49c101df87\igdml64.dll
0x00007ffdfee80000 - 0x00007ffdff289000 	C:\WINDOWS\System32\DriverStore\FileRepository\iigd_dch.inf_amd64_b198ba49c101df87\igdgmm64.dll
0x00007ffdfb160000 - 0x00007ffdfe8f4000 	C:\WINDOWS\System32\DriverStore\FileRepository\iigd_dch.inf_amd64_b198ba49c101df87\igc64.dll
0x00007ffe083d0000 - 0x00007ffe08490000 	C:\WINDOWS\SYSTEM32\mscms.dll
0x00007ffde21d0000 - 0x00007ffde2219000 	C:\WINDOWS\SYSTEM32\icm32.dll
0x00007ffddfe70000 - 0x00007ffddfed1000 	C:\ProgramData\libGDX-temp\lwjgl_aditya\3.3.4+7\x64\lwjgl_opengl.dll
0x00007ffdfae90000 - 0x00007ffdfafd5000 	C:\WINDOWS\SYSTEM32\textinputframework.dll
0x00007ffdffe00000 - 0x00007ffe000e3000 	C:\WINDOWS\SYSTEM32\CoreUIComponents.dll
0x00007ffe087d0000 - 0x00007ffe08938000 	C:\WINDOWS\SYSTEM32\wintypes.dll
0x00007ffde1c00000 - 0x00007ffde1c7c000 	C:\WINDOWS\system32\Oleacc.dll
0x00007ffdef8d0000 - 0x00007ffdef91f000 	C:\WINDOWS\system32\ApplicationTargetedFeatureDatabase.dll
0x00007ffdf9fd0000 - 0x00007ffdfa207000 	C:\Windows\System32\twinapi.appcore.dll
0x0000000066b00000 - 0x0000000066b5a000 	C:\ProgramData\libGDX-temp\libgdxaditya\4ca5c0bf\gdx-box2d64.dll

dbghelp: loaded successfully - version: 4.0.5 - missing functions: none
symbol engine: initialized successfully - sym options: 0x614 - pdb path: .;C:\Users\aditya\.jdks\openjdk-23.0.1\bin;C:\WINDOWS\SYSTEM32;C:\WINDOWS\WinSxS\amd64_microsoft.windows.common-controls_6595b64144ccf1df_6.0.26100.2161_none_3e0cadb0e33078e1;C:\Users\aditya\.jdks\openjdk-23.0.1\bin\server;C:\ProgramData\libGDX-temp\libgdxaditya\8d3b5089;C:\ProgramData\libGDX-temp\lwjgl_aditya\3.3.4+7\x64;C:\WINDOWS\System32\DriverStore\FileRepository\iigd_dch.inf_amd64_b198ba49c101df87;C:\ProgramData\libGDX-temp\libgdxaditya\4ca5c0bf

VM Arguments:
jvm_args: -Dfile.encoding=UTF-8 -Duser.country=US -Duser.language=en -Duser.variant 
java_command: io.angrybirds.lwjgl3.Lwjgl3Launcher
java_class_path (initial): C:\Users\aditya\Downloads\zip\AngryBirds-main\io.angrybirds\lwjgl3\build\classes\java\main;C:\Users\aditya\Downloads\zip\AngryBirds-main\io.angrybirds\lwjgl3\build\resources\main;C:\Users\aditya\.gradle\caches\modules-2\files-2.1\com.badlogicgames.gdx\gdx-backend-lwjgl3\1.13.0\bd205dae964d9e06432a14bc29de98ae22b0e342\gdx-backend-lwjgl3-1.13.0.jar;C:\Users\aditya\.gradle\caches\modules-2\files-2.1\com.badlogicgames.gdx\gdx-box2d-platform\1.13.0\ba92923a9b6b75a20212e8ca215fa22f93810da8\gdx-box2d-platform-1.13.0-natives-desktop.jar;C:\Users\aditya\.gradle\caches\modules-2\files-2.1\com.badlogicgames.gdx\gdx-platform\1.13.0\86a8c9c55b62d5ea3a6532d25f3afa8314f69e78\gdx-platform-1.13.0-natives-desktop.jar;C:\Users\aditya\Downloads\zip\AngryBirds-main\io.angrybirds\core\build\libs\core-$projectVersion.jar;C:\Users\aditya\.gradle\caches\modules-2\files-2.1\com.badlogicgames.gdx\gdx-box2d\1.13.0\4e3dec7944c9f1972a6628922b54390a4f4dea44\gdx-box2d-1.13.0.jar;C:\Users\aditya\.gradle\caches\modules-2\files-2.1\com.badlogicgames.gdx\gdx\1.13.0\5ad34f11004a70f4f2c55456461ab1dbf438eeea\gdx-1.13.0.jar;C:\Users\aditya\.gradle\caches\modules-2\files-2.1\org.lwjgl\lwjgl-glfw\3.3.4\7e46ecdec85db8738053cfde1414352cd62dab74\lwjgl-glfw-3.3.4.jar;C:\Users\aditya\.gradle\caches\modules-2\files-2.1\org.lwjgl\lwjgl-glfw\3.3.4\91e3d4b56d6d1369ef107b9d7801c9f38125c590\lwjgl-glfw-3.3.4-natives-linux.jar;C:\Users\aditya\.gradle\caches\modules-2\files-2.1\org.lwjgl\lwjgl-glfw\3.3.4\449b8e4b7cf5c91b307605196230be84b1c51e9c\lwjgl-glfw-3.3.4-natives-linux-arm32.jar;C:\Users\aditya\.gradle\caches\modules-2\files-2.1\org.lwjgl\lwjgl-glfw\3.3.4\6ed16dab2ee0d1325bcc5c0fdeabf53d2695fce2\lwjgl-glfw-3.3.4-natives-linux-arm64.jar;C:\Users\aditya\.gradle\caches\modules-2\files-2.1\org.lwjgl\lwjgl-glfw\3.3.4\9582481036b6fb762c3f791e2ed26128152a1cec\lwjgl-glfw-3.3.4-natives-linux-riscv64.jar;C:\Users\aditya\.gradle\caches\modules-2\files-2.1\org.lwjgl\lwjgl-glfw\3.3.4\753fa860987242ceefa990a6062a18dff4908a33\lwjgl-glfw-3.3.4-natives-macos.jar;C:\Users\aditya\.gradle\caches\modules-2\files-2.1\org.lwjgl\lwjgl-glfw\3.3.4\4c358e983516fb6318b76c892ac35b79e8f2f8d9\lwjgl-glfw-3.3.4-natives-macos-arm64.jar;C:\Users\aditya\.gradle\caches\modules-2\files-2.1\org.lwjgl\lwjgl-glfw\3.3.4\370ef92d15819a123c643dd2b0fc3a2d40bb263c\lwjgl-glfw-3.3.4-natives-windows.jar;C:\Users\aditya\.gradle\caches\modules-2\files-2.1\org.lwjgl\lwjgl-glfw\3.3.4\3dbc102949a66255b95a31c2471f4c6a22b22737\lwjgl-glfw-3.3.4-natives-windows-x86.jar;C:\Users\aditya\.gradle\caches\modules-2\files-2.1\org.lwjgl\lwjgl-jemalloc\3.3.4\e3f5dcb8e13f3a5ed3f740fd30a114cee2a80bc4\lwjgl-jemalloc-3.3.4.jar;C:\Users\aditya\.gradle\caches\modules-2\files-2.1\org.lwjgl\lwjgl-jemalloc\3.3.4\4cf2f56192436b563f30524a5b389f3b37cae4af\lwjgl-jemalloc-3.3.4-natives-linux.jar;C:\Users\aditya\.gradle\caches\modules-2\files-2.1\org.lwjgl\lwjgl-jemalloc\3.3.4\ff12080e919f34a9fb9dae32c26b36048d1f3393\lwjgl-jemalloc-3.3.4-natives-linux-arm32.jar;C:\Users\aditya\.gradle\caches\modules-2\files-2.1\org.lwjgl\lwjgl-jemalloc\3.3.4\ebb67e23b0b83a8ee30f7b17eba6f289a43fd3f5\lwjgl-jemalloc-3.3.4-natives-linux-arm64.jar;C:\Users\aditya\.gradle\caches\modules-2\files-2.1\org.lwjgl\lwjgl-jemalloc\3.3.4\6c5d38aad1dbd1c4945bcbe86640e616ceb9588f\lwjgl-jemalloc-3.3.4-natives-linux-riscv64.jar;C:\Users\aditya\.gradle\caches\modules-2\files-2.1\org.lwjgl\lwjgl-jemalloc\3.3.4\bc99a9862de25a9bee2e340a2d404cd8933c5299\lwjgl-jemalloc-3.3.4-natives-macos.jar;C:\Users\aditya\.gradle\caches\modules-2\files-2.1\org.lwjgl\lwjgl-jemalloc\3.3.4\f7a7d32a5ec6b5f20756e8ea9aa54ec7e5401c4f\lwjgl-jemalloc-3.3.4-natives-macos-arm64.jar;C:\Users\aditya\.gradle\caches\modules-2\files-2.1\org.lwjgl\lwjgl-jemalloc\3.3.4\4fa19a3d8262e2d73d9632b70b753a2b67552951\lwjgl-jemalloc-3.3.4-natives-windows.jar;C:\Users\aditya\.gradle\caches\modules-2\files-2.1\org.lwjgl\lwjgl-jemalloc\3.3.4\54087cafb7c5e0d5dc440d1aa61fae9a7b384785\lwjgl-jemalloc-3.3.4-natives-windows-x86.jar;C:\Users\aditya\.gradle\caches\modules-2\files-2.1\org.lwjgl\lwjgl-openal\3.3.4\9b74d3ea380c83353d42af43ad9659e04dabe84a\lwjgl-openal-3.3.4.jar;C:\Users\aditya\.gradle\caches\modules-2\files-2.1\org.lwjgl\lwjgl-openal\3.3.4\45189277b5ac64b849de7293e8b1ef2cf2082102\lwjgl-openal-3.3.4-natives-linux.jar;C:\Users\aditya\.gradle\caches\modules-2\files-2.1\org.lwjgl\lwjgl-openal\3.3.4\2f9f237a80067a62ea6b5d2ca8e6ba7f09bdcdc6\lwjgl-openal-3.3.4-natives-linux-arm32.jar;C:\Users\aditya\.gradle\caches\modules-2\files-2.1\org.lwjgl\lwjgl-openal\3.3.4\81d51b1e4c0094d2888bd2fe8452af9afbf9838e\lwjgl-openal-3.3.4-natives-linux-arm64.jar;C:\Users\aditya\.gradle\caches\modules-2\files-2.1\org.lwjgl\lwjgl-openal\3.3.4\74c5ddf47ad6bee41348bbb0735008694b5315af\lwjgl-openal-3.3.4-natives-linux-riscv64.jar;C:\Users\aditya\.gradle\caches\modules-2\files-2.1\org.lwjgl\lwjgl-openal\3.3.4\e2adb6049c1931bdebd98844bca17b9ac2758447\lwjgl-openal-3.3.4-natives-macos.jar;C:\Users\aditya\.gradle\caches\modules-2\files-2.1\org.lwjgl\lwjgl-openal\3.3.4\a5dd94302fe588b081a5e5beecbfc4584a109c97\lwjgl-openal-3.3.4-natives-macos-arm64.jar;C:\Users\aditya\.gradle\caches\modules-2\files-2.1\org.lwjgl\lwjgl-openal\3.3.4\c4de8af803aacda71044418095a71cd63b569a15\lwjgl-openal-3.3.4-natives-windows.jar;C:\Users\aditya\.gradle\caches\modules-2\files-2.1\org.lwjgl\lwjgl-openal\3.3.4\35ccf6e634931b2f980bd232def11f81e66484a6\lwjgl-openal-3.3.4-natives-windows-x86.jar;C:\Users\aditya\.gradle\caches\modules-2\files-2.1\org.lwjgl\lwjgl-opengl\3.3.4\2852ac7d9f6fc71349f1ce28e2708ff1977f18af\lwjgl-opengl-3.3.4.jar;C:\Users\aditya\.gradle\caches\modules-2\files-2.1\org.lwjgl\lwjgl-opengl\3.3.4\789df76d2e3da55349d858dfb81442149af7c7f4\lwjgl-opengl-3.3.4-natives-linux.jar;C:\Users\aditya\.gradle\caches\modules-2\files-2.1\org.lwjgl\lwjgl-opengl\3.3.4\34d3574cdb6acaf41e809f935d8917dbb65ca5e6\lwjgl-opengl-3.3.4-natives-linux-arm32.jar;C:\Users\aditya\.gradle\caches\modules-2\files-2.1\org.lwjgl\lwjgl-opengl\3.3.4\26dfff75b853db7c5f1f37397c6f4899a4e24416\lwjgl-opengl-3.3.4-natives-linux-arm64.jar;C:\Users\aditya\.gradle\caches\modules-2\files-2.1\org.lwjgl\lwjgl-opengl\3.3.4\6ea07b47dd91af8f3ee4a24ddb3cbf086d157a4e\lwjgl-opengl-3.3.4-natives-linux-riscv64.jar;C:\Users\aditya\.gradle\caches\modules-2\files-2.1\org.lwjgl\lwjgl-opengl\3.3.4\ae0dd9d292744114f54d268a98cf1cd748b9994d\lwjgl-opengl-3.3.4-natives-macos.jar;C:\Users\aditya\.gradle\caches\modules-2\files-2.1\org.lwjgl\lwjgl-opengl\3.3.4\832e7deef981577ee7aeb3b9e1c74bc0e5d26cce\lwjgl-opengl-3.3.4-natives-macos-arm64.jar;C:\Users\aditya\.gradle\caches\modules-2\files-2.1\org.lwjgl\lwjgl-opengl\3.3.4\f7ca4e75573a9ce83075bd86bc8a3e49ff106696\lwjgl-opengl-3.3.4-natives-windows.jar;C:\Users\aditya\.gradle\caches\modules-2\files-2.1\org.lwjgl\lwjgl-opengl\3.3.4\b6d5c724826bac85640a6049f0a1ddf431181126\lwjgl-opengl-3.3.4-natives-windows-x86.jar;C:\Users\aditya\.gradle\caches\modules-2\files-2.1\org.lwjgl\lwjgl-stb\3.3.4\5821735d5ef23f6da8542887344e57eb181b7cac\lwjgl-stb-3.3.4.jar;C:\Users\aditya\.gradle\caches\modules-2\files-2.1\org.lwjgl\lwjgl-stb\3.3.4\dfc129f009495e6effe8a023d7c3f9cf519e86e3\lwjgl-stb-3.3.4-natives-linux.jar;C:\Users\aditya\.gradle\caches\modules-2\files-2.1\org.lwjgl\lwjgl-stb\3.3.4\d0df615de25e86afb4fec1ff20410a45797b5954\lwjgl-stb-3.3.4-natives-linux-arm32.jar;C:\Users\aditya\.gradle\caches\modules-2\files-2.1\org.lwjgl\lwjgl-stb\3.3.4\8a3459c48b72822997cb5b417cd8a4fd7766aecb\lwjgl-stb-3.3.4-natives-linux-arm64.jar;C:\Users\aditya\.gradle\caches\modules-2\files-2.1\org.lwjgl\lwjgl-stb\3.3.4\502804ee61eb7adb30bbb5e4459899f9a0cb23cf\lwjgl-stb-3.3.4-natives-linux-riscv64.jar;C:\Users\aditya\.gradle\caches\modules-2\files-2.1\org.lwjgl\lwjgl-stb\3.3.4\7f4d84292e503b155d9c251fdbdf5c3a8ec0545\lwjgl-stb-3.3.4-natives-macos.jar;C:\Users\aditya\.gradle\caches\modules-2\files-2.1\org.lwjgl\lwjgl-stb\3.3.4\42ce7e0be333378860b1aa9c0904478ee854a003\lwjgl-stb-3.3.4-natives-macos-arm64.jar;C:\Users\aditya\.gradle\caches\modules-2\files-2.1\org.lwjgl\lwjgl-stb\3.3.4\8310e565463ec8d369528e8b26a9b1518d079a01\lwjgl-stb-3.3.4-natives-windows.jar;C:\Users\aditya\.gradle\caches\modules-2\files-2.1\org.lwjgl\lwjgl-stb\3.3.4\d09beab94b973d0d919b1ceb3e057508c1f203f8\lwjgl-stb-3.3.4-natives-windows-x86.jar;C:\Users\aditya\.gradle\caches\modules-2\files-2.1\org.lwjgl\lwjgl\3.3.4\b86c3e4832426e8a6b466013b7cb34b40e9ce956\lwjgl-3.3.4.jar;C:\Users\aditya\.gradle\caches\modules-2\files-2.1\org.lwjgl\lwjgl\3.3.4\a7ccba1d3f2fef214943e74335a80cc65d04e49\lwjgl-3.3.4-natives-linux.jar;C:\Users\aditya\.gradle\caches\modules-2\files-2.1\org.lwjgl\lwjgl\3.3.4\da1e9d39555144fd0445e542c6f57abb199d7e79\lwjgl-3.3.4-natives-linux-arm32.jar;C:\Users\aditya\.gradle\caches\modules-2\files-2.1\org.lwjgl\lwjgl\3.3.4\620ead288ea92391f405003bfefcdef4588aa856\lwjgl-3.3.4-natives-linux-arm64.jar;C:\Users\aditya\.gradle\caches\modules-2\files-2.1\org.lwjgl\lwjgl\3.3.4\3ce36a5c5e6feb61bad2ea1426352482e04c6db1\lwjgl-3.3.4-natives-linux-riscv64.jar;C:\Users\aditya\.gradle\caches\modules-2\files-2.1\org.lwjgl\lwjgl\3.3.4\f952bb0894c946445942431de2e311feee635c00\lwjgl-3.3.4-natives-macos.jar;C:\Users\aditya\.gradle\caches\modules-2\files-2.1\org.lwjgl\lwjgl\3.3.4\d12785da7cdca4921603b5dd83f712f5cdba3fc4\lwjgl-3.3.4-natives-macos-arm64.jar;C:\Users\aditya\.gradle\caches\modules-2\files-2.1\org.lwjgl\lwjgl\3.3.4\dd0927c1348cdcd9573fa24b7278ec1ac2bb0a76\lwjgl-3.3.4-natives-windows.jar;C:\Users\aditya\.gradle\caches\modules-2\files-2.1\org.lwjgl\lwjgl\3.3.4\4da2cf3d17e4f8c654f71b0ce003712e540c1a9f\lwjgl-3.3.4-natives-windows-x86.jar;C:\Users\aditya\.gradle\caches\modules-2\files-2.1\com.badlogicgames.jlayer\jlayer\1.0.1-gdx\7cca83cec5c1b2f011362f4d85aabd71a73b049d\jlayer-1.0.1-gdx.jar;C:\Users\aditya\.gradle\caches\modules-2\files-2.1\org.jcraft\jorbis\0.0.17\8872d22b293e8f5d7d56ff92be966e6dc28ebdc6\jorbis-0.0.17.jar;C:\Users\aditya\.gradle\caches\modules-2\files-2.1\com.badlogicgames.gdx\gdx-jnigen-loader\2.5.2\f35e90affe07c46b4f5e5958a1a4c1820c4890e2\gdx-jnigen-loader-2.5.2.jar
Launcher Type: SUN_STANDARD

[Global flags]
     intx CICompilerCount                          = 4                                         {product} {ergonomic}
     uint ConcGCThreads                            = 2                                         {product} {ergonomic}
     uint G1ConcRefinementThreads                  = 8                                         {product} {ergonomic}
   size_t G1HeapRegionSize                         = 2097152                                   {product} {ergonomic}
   size_t InitialHeapSize                          = 264241152                                 {product} {ergonomic}
   size_t MarkStackSize                            = 4194304                                   {product} {ergonomic}
   size_t MarkStackSizeMax                         = 536870912                                 {product} {ergonomic}
   size_t MaxHeapSize                              = 4213178368                                {product} {ergonomic}
   size_t MaxNewSize                               = 2527068160                                {product} {ergonomic}
   size_t MinHeapDeltaBytes                        = 2097152                                   {product} {ergonomic}
   size_t MinHeapSize                              = 8388608                                   {product} {ergonomic}
    uintx NonNMethodCodeHeapSize                   = 5832704                                {pd product} {ergonomic}
    uintx NonProfiledCodeHeapSize                  = 122945536                              {pd product} {ergonomic}
    uintx ProfiledCodeHeapSize                     = 122880000                              {pd product} {ergonomic}
    uintx ReservedCodeCacheSize                    = 251658240                              {pd product} {ergonomic}
     bool SegmentedCodeCache                       = true                                      {product} {ergonomic}
   size_t SoftMaxHeapSize                          = 4213178368                             {manageable} {ergonomic}
     bool UseCompressedOops                        = true                           {product lp64_product} {ergonomic}
     bool UseG1GC                                  = true                                      {product} {ergonomic}
     bool UseLargePagesIndividualAllocation        = false                                  {pd product} {ergonomic}

Logging:
Log output configuration:
 #0: stdout all=warning uptime,level,tags foldmultilines=false
 #1: stderr all=off uptime,level,tags foldmultilines=false

Environment Variables:
PATH=C:\WINDOWS\system32;C:\WINDOWS;C:\WINDOWS\System32\Wbem;C:\WINDOWS\System32\WindowsPowerShell\v1.0\;C:\WINDOWS\System32\OpenSSH\;C:\Program Files\Neovim\bin;C:\Program Files\VSCodium\bin;C:\Program Files\Git\cmd;C:\Program Files\dotnet\;C:\Users\aditya\AppData\Local\Microsoft\WindowsApps
USERNAME=aditya
OS=Windows_NT
PROCESSOR_IDENTIFIER=Intel64 Family 6 Model 142 Stepping 12, GenuineIntel
TMP=C:\Users\aditya\AppData\Local\Temp
TEMP=C:\Users\aditya\AppData\Local\Temp




Periodic native trim disabled

---------------  S Y S T E M  ---------------

OS:
 Windows 11 , 64 bit Build 26100 (10.0.26100.2161)
OS uptime: 0 days 8:12 hours
Hyper-V role detected

CPU: total 8 (initial active 8) (4 cores per cpu, 2 threads per core) family 6 model 142 stepping 12 microcode 0xf8, cx8, cmov, fxsr, ht, mmx, 3dnowpref, sse, sse2, sse3, ssse3, sse4.1, sse4.2, popcnt, lzcnt, tsc, tscinvbit, avx, avx2, aes, erms, clmul, bmi1, bmi2, adx, fma, vzeroupper, clflush, clflushopt, hv, rdtscp, f16c
Processor Information for the first 8 processors :
  Max Mhz: 2304, Current Mhz: 1803, Mhz Limit: 1797

Memory: 4k page, system-wide physical 16066M (7763M free)
TotalPageFile size 19893M (AvailPageFile size 5513M)
current process WorkingSet (physical memory assigned to process): 814M, peak: 824M
current process commit charge ("private bytes"): 1036M, peak: 1048M

vm_info: OpenJDK 64-Bit Server VM (23.0.1+11-39) for windows-amd64 JRE (23.0.1+11-39), built on 2024-09-30T07:20:43Z with MS VC++ 17.6 (VS2022)

END.
