#
# A fatal error has been detected by the Java Runtime Environment:
#
#  EXCEPTION_ACCESS_VIOLATION (0xc0000005) at pc=0x0000000066b20000, pid=9972, tid=15436
#
# JRE version: OpenJDK Runtime Environment (23.0.1+11) (build 23.0.1+11-39)
# Java VM: OpenJDK 64-Bit Server VM (23.0.1+11-39, mixed mode, sharing, tiered, compressed oops, compressed class ptrs, g1 gc, windows-amd64)
# Problematic frame:
# C  [gdx-box2d64.dll+0x20000]
#
# No core dump will be written. Minidumps are not enabled by default on client versions of Windows
#
# If you would like to submit a bug report, please visit:
#   https://bugreport.java.com/bugreport/crash.jsp
# The crash happened outside the Java Virtual Machine in native code.
# See problematic frame for where to report the bug.
#

---------------  S U M M A R Y ------------

Command Line: -Dfile.encoding=UTF-8 -Duser.country=US -Duser.language=en -Duser.variant io.angrybirds.lwjgl3.Lwjgl3Launcher

Host: Intel(R) Core(TM) i7-10610U CPU @ 1.80GHz, 8 cores, 15G,  Windows 11 , 64 bit Build 26100 (10.0.26100.2161)
Time: Wed Nov 27 15:06:38 2024 India Standard Time elapsed time: 5.522696 seconds (0d 0h 0m 5s)

---------------  T H R E A D  ---------------

Current thread (0x000001f3c2dae9e0):  JavaThread "main"             [_thread_in_native, id=15436, stack(0x00000035c4c00000,0x00000035c4d00000) (1024K)]

Stack: [0x00000035c4c00000,0x00000035c4d00000],  sp=0x00000035c4cfecc8,  free space=1019k
Native frames: (J=compiled Java code, j=interpreted, Vv=VM code, C=native code)
C  [gdx-box2d64.dll+0x20000]  (no source info available)
C  [gdx-box2d64.dll+0x263aa]  (no source info available)
C  0x000001f3d4c6d207  (no source info available)

The last pc belongs to native method entry point (kind = native) (printed below).
Java frames: (J=compiled Java code, j=interpreted, Vv=VM code)
j  com.badlogic.gdx.physics.box2d.World.jniStep(JFII)V+0
j  com.badlogic.gdx.physics.box2d.World.step(FII)V+8
j  io.angrybirds.screens.LevelScreen.update(F)V+9
j  io.angrybirds.screens.LevelScreen.render(F)V+30
j  com.badlogic.gdx.Game.render()V+19
j  io.angrybirds.Main.render()V+5
j  com.badlogic.gdx.backends.lwjgl3.Lwjgl3Window.update()Z+282
j  com.badlogic.gdx.backends.lwjgl3.Lwjgl3Application.loop()V+120
j  com.badlogic.gdx.backends.lwjgl3.Lwjgl3Application.<init>(Lcom/badlogic/gdx/ApplicationListener;Lcom/badlogic/gdx/backends/lwjgl3/Lwjgl3ApplicationConfiguration;)V+269
j  io.angrybirds.lwjgl3.Lwjgl3Launcher.createApplication()Lcom/badlogic/gdx/backends/lwjgl3/Lwjgl3Application;+14
j  io.angrybirds.lwjgl3.Lwjgl3Launcher.main([Ljava/lang/String;)V+7
v  ~StubRoutines::call_stub 0x000001f3d4c60fcd

siginfo: EXCEPTION_ACCESS_VIOLATION (0xc0000005), writing address 0x000001f3ef223378


Registers:
RAX=0x0000000066b46700, RBX=0x000001f3e578c458, RCX=0x000001f3ef20a070, RDX=0x00000035c4cfecf0
RSP=0x00000035c4cfecc8, RBP=0x00000035c4cfedf0, RSI=0x0000000000000074, RDI=0x0000000000000074
R8 =0x000001f3ef20a070, R9 =0x00000035c4cfed40, R10=0x000001f3d4c6d1d8, R11=0x0000000000000102
R12=0x000001f3ef20a070, R13=0x000001f3e578c458, R14=0x00000035c4cfee38, R15=0x000001f3c2dae9e0
RIP=0x0000000066b20000, EFLAGS=0x0000000000010202


Register to memory mapping:

RAX=0x0000000066b46700 gdx-box2d64.dll
RBX={method} {0x000001f3e578c460} 'jniStep' '(JFII)V' in 'com/badlogic/gdx/physics/box2d/World'
RCX=0x000001f3ef20a070 points into unknown readable memory: 0x000001f3eff40080 | 80 00 f4 ef f3 01 00 00
RDX=0x00000035c4cfecf0 is pointing into the stack for thread: 0x000001f3c2dae9e0
RSP=0x00000035c4cfecc8 is pointing into the stack for thread: 0x000001f3c2dae9e0
RBP=0x00000035c4cfedf0 is pointing into the stack for thread: 0x000001f3c2dae9e0
RSI=0x0000000000000074 is an unknown value
RDI=0x0000000000000074 is an unknown value
R8 =0x000001f3ef20a070 points into unknown readable memory: 0x000001f3eff40080 | 80 00 f4 ef f3 01 00 00
R9 =0x00000035c4cfed40 is pointing into the stack for thread: 0x000001f3c2dae9e0
R10=0x000001f3d4c6d1d8 is at code_begin+1016 in an Interpreter codelet
native method entry point (kind = native)  [0x000001f3d4c6cde0, 0x000001f3d4c6d938]  2904 bytes
R11=0x0000000000000102 is an unknown value
R12=0x000001f3ef20a070 points into unknown readable memory: 0x000001f3eff40080 | 80 00 f4 ef f3 01 00 00
R13={method} {0x000001f3e578c460} 'jniStep' '(JFII)V' in 'com/badlogic/gdx/physics/box2d/World'
R14=0x00000035c4cfee38 is pointing into the stack for thread: 0x000001f3c2dae9e0
R15=0x000001f3c2dae9e0 is a thread

Top of Stack: (sp=0x00000035c4cfecc8)
0x00000035c4cfecc8:   0000000066b263aa 0000000000000001
0x00000035c4cfecd8:   0000000000000000 000001f3e9d09a00
0x00000035c4cfece8:   00007ffd72b9f746 0000000066b466a0
0x00000035c4cfecf8:   000001f3c2daeda0 00000035c4cfee38
0x00000035c4cfed08:   000001f33f800000 0000000066b46700
0x00000035c4cfed18:   000001f3c2daeda0 00000035c4cfee38
0x00000035c4cfed28:   ffffffffffffff07 00000000bae94eab
0x00000035c4cfed38:   0000000000000000 0000000000000000
0x00000035c4cfed48:   000001f3d4c6d207 00000035c4cfeec0
0x00000035c4cfed58:   00000035c4cfee50 0000000000004000
0x00000035c4cfed68:   00000000000002d0 000001f300000008
0x00000035c4cfed78:   00007ffd00000003 0000000000004000
0x00000035c4cfed88:   0000000000000000 00000000000001e0
0x00000035c4cfed98:   0000000000000000 0000000700000000
0x00000035c4cfeda8:   fffffffffffffff7 0000000000000000
0x00000035c4cfedb8:   0000000000000009 000001f3e579f838
0x00000035c4cfedc8:   0000000000000000 0000000713000e48
0x00000035c4cfedd8:   000001f3e578c458 0000000000000000
0x00000035c4cfede8:   00000035c4cfee10 00000035c4cfee88
0x00000035c4cfedf8:   000001f3d4c68700 0000000000000000
0x00000035c4cfee08:   000001f3d4c6a5d7 0000000000000003
0x00000035c4cfee18:   0000000000000008 000000353c888889
0x00000035c4cfee28:   000001f3ef20a070 0000000000000000
0x00000035c4cfee38:   000000071315de00 fffffffffffffff7
0x00000035c4cfee48:   000001f3e578c388 0000000000000005
0x00000035c4cfee58:   000001f3e579f838 0000000000000000
0x00000035c4cfee68:   0000000713000e48 000001f3e578c3c8
0x00000035c4cfee78:   fffffffffffffff1 00000035c4cfee98
0x00000035c4cfee88:   00000035c4cfef00 000001f3d4c68700
0x00000035c4cfee98:   0000000000000003 0000000000000008
0x00000035c4cfeea8:   00007ffd3c888889 000000071315de00
0x00000035c4cfeeb8:   fffffffffffffff7 000001f3e57e7d71 

Instructions: (pc=0x0000000066b20000)
0x0000000066b1ff00:   89 a4 24 18 93 01 00 49 c7 84 24 60 93 01 00 00
0x0000000066b1ff10:   00 00 00 49 c7 84 24 68 93 01 00 00 00 00 00 49
0x0000000066b1ff20:   c7 84 24 70 93 01 00 00 00 00 00 49 c7 84 24 78
0x0000000066b1ff30:   93 01 00 00 00 00 00 48 83 c4 20 5b 41 5c 41 5d
0x0000000066b1ff40:   c3 49 89 c5 4c 89 e1 e8 24 ae fe ff 4c 89 e9 e8
0x0000000066b1ff50:   7c 37 01 00 48 89 c3 4c 89 e9 e8 91 b7 fe ff 49
0x0000000066b1ff60:   89 dd eb e0 66 66 2e 0f 1f 84 00 00 00 00 00 90
0x0000000066b1ff70:   41 54 56 53 48 83 ec 20 48 8b b1 20 93 01 00 49
0x0000000066b1ff80:   89 cc 48 85 f6 74 39 48 89 f0 48 8b 76 68 48 8b
0x0000000066b1ff90:   58 70 48 85 db 74 eb 66 0f 1f 84 00 00 00 00 00
0x0000000066b1ffa0:   48 89 d9 48 8b 5b 08 4c 89 e2 c7 41 30 00 00 00
0x0000000066b1ffb0:   00 e8 5a e8 ff ff 48 85 db 75 e5 48 85 f6 75 c7
0x0000000066b1ffc0:   49 8d 8c 24 a0 92 01 00 e8 93 35 fe ff 49 8d 8c
0x0000000066b1ffd0:   24 80 00 00 00 e8 16 b7 fe ff 4c 89 e1 48 83 c4
0x0000000066b1ffe0:   20 5b 5e 41 5c e9 86 ad fe ff 66 0f 1f 44 00 00
0x0000000066b1fff0:   48 89 91 48 93 01 00 c3 0f 1f 84 00 00 00 00 00
0x0000000066b20000:   48 89 91 08 93 01 00 c3 0f 1f 84 00 00 00 00 00
0x0000000066b20010:   48 89 91 10 93 01 00 c3 0f 1f 84 00 00 00 00 00
0x0000000066b20020:   48 89 91 50 93 01 00 c3 0f 1f 84 00 00 00 00 00
0x0000000066b20030:   41 55 41 54 53 48 83 ec 20 48 89 cb 49 89 d5 f6
0x0000000066b20040:   81 98 92 01 00 02 75 58 ba b8 00 00 00 48 89 d9
0x0000000066b20050:   e8 6b ad fe ff 49 89 d8 4c 89 ea 49 89 c4 48 89
0x0000000066b20060:   c1 e8 4a cf ff ff 49 c7 44 24 60 00 00 00 00 48
0x0000000066b20070:   8b 83 20 93 01 00 49 89 44 24 68 48 85 c0 74 04
0x0000000066b20080:   4c 89 60 60 83 83 30 93 01 00 01 4c 89 e0 4c 89
0x0000000066b20090:   a3 20 93 01 00 48 83 c4 20 5b 41 5c 41 5d c3 90
0x0000000066b200a0:   41 b8 6d 00 00 00 48 8d 15 73 26 02 00 48 8d 0d
0x0000000066b200b0:   ca 26 02 00 45 31 e4 ff 15 f7 62 03 00 f6 83 98
0x0000000066b200c0:   92 01 00 02 74 82 4c 89 e0 48 83 c4 20 5b 41 5c
0x0000000066b200d0:   41 5d c3 90 66 66 2e 0f 1f 84 00 00 00 00 00 90
0x0000000066b200e0:   56 53 48 83 ec 28 48 89 cb 48 89 d6 f6 81 98 92
0x0000000066b200f0:   01 00 02 0f 85 e7 00 00 00 48 89 da 48 89 f1 e8 


Stack slot to memory mapping:

stack at sp + 0 slots: 0x0000000066b263aa gdx-box2d64.dll
stack at sp + 1 slots: 0x0000000000000001 is an unknown value
stack at sp + 2 slots: 0x0 is null
stack at sp + 3 slots: 0x000001f3e9d09a00 points into unknown readable memory: 0x000001f3e9cba1c0 | c0 a1 cb e9 f3 01 00 00
stack at sp + 4 slots: 0x00007ffd72b9f746 ig9icd64.dll
stack at sp + 5 slots: 0x0000000066b466a0 gdx-box2d64.dll
stack at sp + 6 slots: 0x000001f3c2daeda0 points into unknown readable memory: 0x000001f3c18df060 | 60 f0 8d c1 f3 01 00 00
stack at sp + 7 slots: 0x00000035c4cfee38 is pointing into the stack for thread: 0x000001f3c2dae9e0

Lock stack of current Java thread (top to bottom):

native method entry point (kind = native)  [0x000001f3d4c6cde0, 0x000001f3d4c6d938]  2904 bytes
[MachCode]
  0x000001f3d4c6cde0: 488b 4b08 | 0fb7 492e | 584c 8d74 | ccf8 6800 | 0000 0068 | 0000 0000 | 5055 488b | ec41 5568 
  0x000001f3d4c6ce00: 0000 0000 | 4c8b 6b08 | 4d8d 6d38 | 5348 8b53 | 0848 8b52 | 0848 8b52 | 1848 8b52 | 7048 8b12 
  0x000001f3d4c6ce20: 5248 8b53 | 1048 85d2 | 0f84 0700 | 0000 4881 | c210 0100 | 0052 488b | 5308 488b | 5208 488b 
  0x000001f3d4c6ce40: 5210 5249 | 8bc6 482b | c548 c1e8 | 0350 6800 | 0000 0068 | f7ff ffff | 41c6 8771 | 0400 0001 
  0x000001f3d4c6ce60: 488b 4310 | 4885 c074 | 208b 88cc | 0000 0083 | c102 8988 | cc00 0000 | 2388 e000 | 0000 0f84 
  0x000001f3d4c6ce80: 000a 0000 | e9cf 0000 | 0048 8b43 | 1848 85c0 | 0f85 b000 | 0000 e805 | 0000 00e9 | 9900 0000 
  0x000001f3d4c6cea0: 488b d348 | 8d44 2408 | 4c89 6dc0 | 498b cfc5 | f877 4989 | afb0 0300 | 0049 8987 | a003 0000 
  0x000001f3d4c6cec0: 4883 ec20 | 40f6 c40f | 0f84 1900 | 0000 4883 | ec08 48b8 | 9026 4476 | fd7f 0000 | ffd0 4883 
  0x000001f3d4c6cee0: c408 e90c | 0000 0048 | b890 2644 | 76fd 7f00 | 00ff d048 | 83c4 2049 | c787 a003 | 0000 0000 
  0x000001f3d4c6cf00: 0000 49c7 | 87b0 0300 | 0000 0000 | 0049 c787 | a803 0000 | 0000 0000 | c5f8 7749 | 837f 0800 
  0x000001f3d4c6cf20: 0f84 0500 | 0000 e995 | 3fff ff4c | 8b6d c04c | 8b75 c84e | 8d74 f500 | c348 8b43 | 1848 85c0 
  0x000001f3d4c6cf40: 0f84 1200 | 0000 8b48 | 0883 c102 | 8948 0823 | 481c 0f84 | 2c09 0000 | 493b a7e8 | 0400 000f 
  0x000001f3d4c6cf60: 8748 0000 | 0089 8424 | 00f0 ffff | 8984 2400 | e0ff ff89 | 8424 00d0 | ffff 8984 | 2400 c0ff 
  0x000001f3d4c6cf80: ff89 8424 | 00b0 ffff | 8984 2400 | a0ff ff89 | 8424 0090 | ffff 8984 | 2400 80ff | ff49 3ba7 
  0x000001f3d4c6cfa0: e004 0000 | 7607 4989 | a7e8 0400 | 0041 c687 | 7104 0000 | 0049 ba41 | adcb 76fd | 7f00 0041 
  0x000001f3d4c6cfc0: 803a 000f | 843e 0000 | 0048 8b55 | e849 8bcf | 4883 ec20 | 40f6 c40f | 0f84 1900 | 0000 4883 
  0x000001f3d4c6cfe0: ec08 48b8 | 10ee 7b76 | fd7f 0000 | ffd0 4883 | c408 e90c | 0000 0048 | b810 ee7b | 76fd 7f00 
  0x000001f3d4c6d000: 00ff d048 | 83c4 2048 | 8b5d e84c | 8b5b 0845 | 0fb7 5b2e | 41c1 e303 | 492b e348 | 83ec 2048 
  0x000001f3d4c6d020: 83e4 f04c | 8b5b 604d | 85db 0f85 | ab00 0000 | e805 0000 | 00e9 9900 | 0000 488b | d348 8d44 
  0x000001f3d4c6d040: 2408 4c89 | 6dc0 498b | cfc5 f877 | 4989 afb0 | 0300 0049 | 8987 a003 | 0000 4883 | ec20 40f6 
  0x000001f3d4c6d060: c40f 0f84 | 1900 0000 | 4883 ec08 | 48b8 f04d | 4476 fd7f | 0000 ffd0 | 4883 c408 | e90c 0000 
  0x000001f3d4c6d080: 0048 b8f0 | 4d44 76fd | 7f00 00ff | d048 83c4 | 2049 c787 | a003 0000 | 0000 0000 | 49c7 87b0 
  0x000001f3d4c6d0a0: 0300 0000 | 0000 0049 | c787 a803 | 0000 0000 | 0000 c5f8 | 7749 837f | 0800 0f84 | 0500 0000 
  0x000001f3d4c6d0c0: e9fb 3dff | ff4c 8b6d | c04c 8b75 | c84e 8d74 | f500 c348 | 8b5d e84c | 8b5b 6041 | ffd3 488b 
  0x000001f3d4c6d0e0: 5de8 4889 | 4518 448b | 5b28 41f6 | c308 0f84 | 1b00 0000 | 4c8b 5b08 | 4d8b 5b08 | 4d8b 5b18 
  0x000001f3d4c6d100: 4d8b 5b70 | 4d8b 1b4c | 895d 1048 | 8d55 1048 | 8b43 5849 | ba60 3c7c | 76fd 7f00 | 0049 3bc2 
  0x000001f3d4c6d120: 0f85 ab00 | 0000 e805 | 0000 00e9 | 9900 0000 | 488b d348 | 8d44 2408 | 4c89 6dc0 | 498b cfc5 
  0x000001f3d4c6d140: f877 4989 | afb0 0300 | 0049 8987 | a003 0000 | 4883 ec20 | 40f6 c40f | 0f84 1900 | 0000 4883 
  0x000001f3d4c6d160: ec08 48b8 | f04d 4476 | fd7f 0000 | ffd0 4883 | c408 e90c | 0000 0048 | b8f0 4d44 | 76fd 7f00 
  0x000001f3d4c6d180: 00ff d048 | 83c4 2049 | c787 a003 | 0000 0000 | 0000 49c7 | 87b0 0300 | 0000 0000 | 0049 c787 
  0x000001f3d4c6d1a0: a803 0000 | 0000 0000 | c5f8 7749 | 837f 0800 | 0f84 0500 | 0000 e905 | 3dff ff4c | 8b6d c04c 
  0x000001f3d4c6d1c0: 8b75 c84e | 8d74 f500 | c348 8b5d | e848 8b43 | 5849 8d8f | c003 0000 | c5f8 7749 | 89af b003 
  0x000001f3d4c6d1e0: 0000 49ba | d8d1 c6d4 | f301 0000 | 4d89 97a8 | 0300 0049 | 89a7 a003 | 0000 41c7 | 8744 0400 
  0x000001f3d4c6d200: 0004 0000 | 00ff d0c5 | f877 4883 | ec10 c5fb | 1104 2448 | 83ec 1048 | 8904 2448 | c744 2408 
  0x000001f3d4c6d220: 0000 0000 | 41c7 8744 | 0400 0005 | 0000 00f0 | 8344 24c0 | 0049 3baf | 4804 0000 | 0f87 0e00 
  0x000001f3d4c6d240: 0000 4183 | bf40 0400 | 0000 0f84 | 2000 0000 | 498b cf4c | 8be4 4883 | ec20 4883 | e4f0 48b8 
  0x000001f3d4c6d260: 90a9 4576 | fd7f 0000 | ffd0 498b | e44d 33e4 | 41c7 8744 | 0400 0008 | 0000 0049 | c787 a003 
  0x000001f3d4c6d280: 0000 0000 | 0000 49c7 | 87b0 0300 | 0000 0000 | 0049 c787 | a803 0000 | 0000 0000 | c5f8 774d 
  0x000001f3d4c6d2a0: 8b9f 3004 | 0000 41c7 | 8300 0100 | 0000 0000 | 0049 bbda | a5c6 d4f3 | 0100 004c | 3b5d 180f 
  0x000001f3d4c6d2c0: 8524 0200 | 0048 8b04 | 2448 83c4 | 1048 85c0 | 0f84 fe01 | 0000 a803 | 0f85 0800 | 0000 488b 
  0x000001f3d4c6d2e0: 00e9 ee01 | 0000 a801 | 0f85 0900 | 0000 488b | 40fe e9dd | 0100 0048 | 8b40 ff41 | 807f 3800 
  0x000001f3d4c6d300: 0f84 ce01 | 0000 4883 | f800 0f84 | c401 0000 | 4d8b 5f28 | 4983 fb00 | 0f84 1400 | 0000 4983 
  0x000001f3d4c6d320: eb08 4d89 | 5f28 4d03 | 5f30 4989 | 03e9 a201 | 0000 4881 | ecd0 0000 | 0048 8904 | 2448 894c 
  0x000001f3d4c6d340: 2408 4889 | 5424 1048 | 8974 2418 | 4889 7c24 | 204c 8944 | 2428 4c89 | 4c24 304c | 8954 2438 
  0x000001f3d4c6d360: 4c89 5c24 | 40c5 fb11 | 4424 50c5 | fb11 4c24 | 58c5 fb11 | 5424 60c5 | fb11 5c24 | 68c5 fb11 
  0x000001f3d4c6d380: 6424 70c5 | fb11 6c24 | 78c5 fb11 | b424 8000 | 0000 c5fb | 11bc 2488 | 0000 00c5 | 7b11 8424 
  0x000001f3d4c6d3a0: 9000 0000 | c57b 118c | 2498 0000 | 00c5 7b11 | 9424 a000 | 0000 c57b | 119c 24a8 | 0000 00c5 
  0x000001f3d4c6d3c0: 7b11 a424 | b000 0000 | c57b 11ac | 24b8 0000 | 00c5 7b11 | b424 c000 | 0000 c57b | 11bc 24c8 
  0x000001f3d4c6d3e0: 0000 0049 | 8bd7 488b | c848 83ec | 2040 f6c4 | 0f0f 8419 | 0000 0048 | 83ec 0848 | b8e0 0739 
  0x000001f3d4c6d400: 76fd 7f00 | 00ff d048 | 83c4 08e9 | 0c00 0000 | 48b8 e007 | 3976 fd7f | 0000 ffd0 | 4883 c420 
  0x000001f3d4c6d420: c57b 10bc | 24c8 0000 | 00c5 7b10 | b424 c000 | 0000 c57b | 10ac 24b8 | 0000 00c5 | 7b10 a424 
  0x000001f3d4c6d440: b000 0000 | c57b 109c | 24a8 0000 | 00c5 7b10 | 9424 a000 | 0000 c57b | 108c 2498 | 0000 00c5 
  0x000001f3d4c6d460: 7b10 8424 | 9000 0000 | c5fb 10bc | 2488 0000 | 00c5 fb10 | b424 8000 | 0000 c5fb | 106c 2478 
  0x000001f3d4c6d480: c5fb 1064 | 2470 c5fb | 105c 2468 | c5fb 1054 | 2460 c5fb | 104c 2458 | c5fb 1044 | 2450 4c8b 
  0x000001f3d4c6d4a0: 5c24 404c | 8b54 2438 | 4c8b 4c24 | 304c 8b44 | 2428 488b | 7c24 2048 | 8b74 2418 | 488b 5424 
  0x000001f3d4c6d4c0: 1048 8b4c | 2408 488b | 0424 4881 | c4d0 0000 | 00c5 f877 | 4889 4510 | 4883 ec10 | 4889 0424 
  0x000001f3d4c6d4e0: 48c7 4424 | 0800 0000 | 0041 83bf | c804 0000 | 020f 85bf | 0000 0048 | 81ec 8000 | 0000 4889 
  0x000001f3d4c6d500: 4424 7848 | 894c 2470 | 4889 5424 | 6848 895c | 2460 4889 | 6c24 5048 | 8974 2448 | 4889 7c24 
  0x000001f3d4c6d520: 404c 8944 | 2438 4c89 | 4c24 304c | 8954 2428 | 4c89 5c24 | 204c 8964 | 2418 4c89 | 6c24 104c 
  0x000001f3d4c6d540: 8974 2408 | 4c89 3c24 | 4c8b e448 | 83ec 2048 | 83e4 f048 | b8c0 227c | 76fd 7f00 | 00ff d049 
  0x000001f3d4c6d560: 8be4 4c8b | 3c24 4c8b | 7424 084c | 8b6c 2410 | 4c8b 6424 | 184c 8b5c | 2420 4c8b | 5424 284c 
  0x000001f3d4c6d580: 8b4c 2430 | 4c8b 4424 | 3848 8b7c | 2440 488b | 7424 4848 | 8b6c 2450 | 488b 5c24 | 6048 8b54 
  0x000001f3d4c6d5a0: 2468 488b | 4c24 7048 | 8b44 2478 | 4881 c480 | 0000 004d | 33e4 488b | 5de8 4c8b | 6b08 4d8d 
  0x000001f3d4c6d5c0: 6d38 4983 | 7f08 000f | 84bb 0000 | 00e8 0500 | 0000 e996 | 0000 0048 | 8d44 2408 | 4c89 6dc0 
  0x000001f3d4c6d5e0: 498b cfc5 | f877 4989 | afb0 0300 | 0049 8987 | a003 0000 | 4883 ec20 | 40f6 c40f | 0f84 1900 
  0x000001f3d4c6d600: 0000 4883 | ec08 48b8 | 006c 4476 | fd7f 0000 | ffd0 4883 | c408 e90c | 0000 0048 | b800 6c44 
  0x000001f3d4c6d620: 76fd 7f00 | 00ff d048 | 83c4 2049 | c787 a003 | 0000 0000 | 0000 49c7 | 87b0 0300 | 0000 0000 
  0x000001f3d4c6d640: 0049 c787 | a803 0000 | 0000 0000 | c5f8 7749 | 837f 0800 | 0f84 0500 | 0000 e961 | 38ff ff4c 
  0x000001f3d4c6d660: 8b6d c04c | 8b75 c84e | 8d74 f500 | c348 b930 | d5a3 76fd | 7f00 0048 | 83e4 f048 | b870 4a6a 
  0x000001f3d4c6d680: 76fd 7f00 | 00ff d0f4 | 448b 5b28 | 41f6 c320 | 0f84 7901 | 0000 488d | 55a8 4c8b | 5a08 4d85 
  0x000001f3d4c6d6a0: db0f 85bb | 0000 00e8 | 0500 0000 | e996 0000 | 0048 8d44 | 2408 4c89 | 6dc0 498b | cfc5 f877 
  0x000001f3d4c6d6c0: 4989 afb0 | 0300 0049 | 8987 a003 | 0000 4883 | ec20 40f6 | c40f 0f84 | 1900 0000 | 4883 ec08 
  0x000001f3d4c6d6e0: 48b8 306b | 4476 fd7f | 0000 ffd0 | 4883 c408 | e90c 0000 | 0048 b830 | 6b44 76fd | 7f00 00ff 
  0x000001f3d4c6d700: d048 83c4 | 2049 c787 | a003 0000 | 0000 0000 | 49c7 87b0 | 0300 0000 | 0000 0049 | c787 a803 
  0x000001f3d4c6d720: 0000 0000 | 0000 c5f8 | 7749 837f | 0800 0f84 | 0500 0000 | e987 37ff | ff4c 8b6d | c04c 8b75 
  0x000001f3d4c6d740: c84e 8d74 | f500 c348 | b930 d5a3 | 76fd 7f00 | 0048 83e4 | f048 b870 | 4a6a 76fd | 7f00 00ff 
  0x000001f3d4c6d760: d0f4 4c89 | 6dc0 4c8b | 4a08 48c7 | 4208 0000 | 0000 458b | 8718 0600 | 004f 3b4c | 07f8 0f85 
  0x000001f3d4c6d780: 4900 0000 | 4183 af18 | 0600 0008 | 4f3b 4c07 | f00f 842a | 0000 0049 | 8b01 a802 | 0f85 1200 
  0x000001f3d4c6d7a0: 0000 4c8b | c049 83c8 | 01f0 4d0f | b101 0f84 | 0d00 0000 | 4183 8718 | 0600 0008 | e90c 0000 
  0x000001f3d4c6d7c0: 0049 ff8f | 5005 0000 | e93e 0000 | 004c 894a | 0848 8bca | 4883 ec20 | 40f6 c40f | 0f84 1900 
  0x000001f3d4c6d7e0: 0000 4883 | ec08 48b8 | f03d 4476 | fd7f 0000 | ffd0 4883 | c408 e90c | 0000 0048 | b8f0 3d44 
  0x000001f3d4c6d800: 76fd 7f00 | 00ff d048 | 83c4 204c | 8b6d c049 | ba41 adcb | 76fd 7f00 | 0041 803a | 000f 843e 
  0x000001f3d4c6d820: 0000 0048 | 8b55 e849 | 8bcf 4883 | ec20 40f6 | c40f 0f84 | 1900 0000 | 4883 ec08 | 48b8 10ee 
  0x000001f3d4c6d840: 7b76 fd7f | 0000 ffd0 | 4883 c408 | e90c 0000 | 0048 b810 | ee7b 76fd | 7f00 00ff | d048 83c4 
  0x000001f3d4c6d860: 2048 8b04 | 2448 83c4 | 10c5 fb10 | 0424 4883 | c410 4c8b | 5d18 41ff | d34c 8b5d | f8c9 5f49 
  0x000001f3d4c6d880: 8be3 ffe7 | ba00 0000 | 00e8 0500 | 0000 e996 | 0000 0048 | 8d44 2408 | 4c89 6dc0 | 498b cfc5 
  0x000001f3d4c6d8a0: f877 4989 | afb0 0300 | 0049 8987 | a003 0000 | 4883 ec20 | 40f6 c40f | 0f84 1900 | 0000 4883 
  0x000001f3d4c6d8c0: ec08 48b8 | a031 4476 | fd7f 0000 | ffd0 4883 | c408 e90c | 0000 0048 | b8a0 3144 | 76fd 7f00 
  0x000001f3d4c6d8e0: 00ff d048 | 83c4 2049 | c787 a003 | 0000 0000 | 0000 49c7 | 87b0 0300 | 0000 0000 | 0049 c787 
  0x000001f3d4c6d900: a803 0000 | 0000 0000 | c5f8 7749 | 837f 0800 | 0f84 0500 | 0000 e9a5 | 35ff ff4c | 8b6d c04c 
  0x000001f3d4c6d920: 8b75 c84e | 8d74 f500 | c348 8b5d | e8e9 26f6 | ffff 660f | 1f44 0000 
[/MachCode]

---------------  P R O C E S S  ---------------

Threads class SMR info:
_java_thread_list=0x000001f3ea49a120, length=13, elements={
0x000001f3c2dae9e0, 0x000001f3e1aeabb0, 0x000001f3e1aeb810, 0x000001f3e1aeeaf0,
0x000001f3e1aef550, 0x000001f3e1af1fc0, 0x000001f3e1af2b50, 0x000001f3c1028500,
0x000001f3c10490f0, 0x000001f3c11866a0, 0x000001f3c118acd0, 0x000001f3e9c44b50,
0x000001f3ea1043c0
}

Java Threads: ( => current thread )
=>0x000001f3c2dae9e0 JavaThread "main"                              [_thread_in_native, id=15436, stack(0x00000035c4c00000,0x00000035c4d00000) (1024K)]
  0x000001f3e1aeabb0 JavaThread "Reference Handler"          daemon [_thread_blocked, id=7124, stack(0x00000035c5400000,0x00000035c5500000) (1024K)]
  0x000001f3e1aeb810 JavaThread "Finalizer"                  daemon [_thread_blocked, id=14520, stack(0x00000035c5500000,0x00000035c5600000) (1024K)]
  0x000001f3e1aeeaf0 JavaThread "Signal Dispatcher"          daemon [_thread_blocked, id=2572, stack(0x00000035c5600000,0x00000035c5700000) (1024K)]
  0x000001f3e1aef550 JavaThread "Attach Listener"            daemon [_thread_blocked, id=12728, stack(0x00000035c5700000,0x00000035c5800000) (1024K)]
  0x000001f3e1af1fc0 JavaThread "Service Thread"             daemon [_thread_blocked, id=14820, stack(0x00000035c5800000,0x00000035c5900000) (1024K)]
  0x000001f3e1af2b50 JavaThread "Monitor Deflation Thread"   daemon [_thread_blocked, id=14096, stack(0x00000035c5900000,0x00000035c5a00000) (1024K)]
  0x000001f3c1028500 JavaThread "C2 CompilerThread0"         daemon [_thread_blocked, id=17016, stack(0x00000035c5a00000,0x00000035c5b00000) (1024K)]
  0x000001f3c10490f0 JavaThread "C1 CompilerThread0"         daemon [_thread_blocked, id=12068, stack(0x00000035c5b00000,0x00000035c5c00000) (1024K)]
  0x000001f3c11866a0 JavaThread "Notification Thread"        daemon [_thread_blocked, id=596, stack(0x00000035c5c00000,0x00000035c5d00000) (1024K)]
  0x000001f3c118acd0 JavaThread "Common-Cleaner"             daemon [_thread_blocked, id=16804, stack(0x00000035c5d00000,0x00000035c5e00000) (1024K)]
  0x000001f3e9c44b50 JavaThread "Thread-0"                   daemon [_thread_blocked, id=10100, stack(0x00000035c6400000,0x00000035c6500000) (1024K)]
  0x000001f3ea1043c0 JavaThread "LWJGL3 Timer"               daemon [_thread_blocked, id=8112, stack(0x00000035c6900000,0x00000035c6a00000) (1024K)]
Total: 13

Other Threads:
  0x000001f3e1ad0800 VMThread "VM Thread"                           [id=4132, stack(0x00000035c5300000,0x00000035c5400000) (1024K)]
  0x000001f3e1ab8ab0 WatcherThread "VM Periodic Task Thread"        [id=7272, stack(0x00000035c5200000,0x00000035c5300000) (1024K)]
  0x000001f3c506dab0 WorkerThread "GC Thread#0"                     [id=6304, stack(0x00000035c4d00000,0x00000035c4e00000) (1024K)]
  0x000001f3ea69f770 WorkerThread "GC Thread#1"                     [id=16268, stack(0x00000035c6a00000,0x00000035c6b00000) (1024K)]
  0x000001f3ea6bed50 WorkerThread "GC Thread#2"                     [id=13224, stack(0x00000035c6b00000,0x00000035c6c00000) (1024K)]
  0x000001f3ea6bf100 WorkerThread "GC Thread#3"                     [id=2592, stack(0x00000035c6c00000,0x00000035c6d00000) (1024K)]
  0x000001f3ea6bf4b0 WorkerThread "GC Thread#4"                     [id=17044, stack(0x00000035c6d00000,0x00000035c6e00000) (1024K)]
  0x000001f3ea69fb20 WorkerThread "GC Thread#5"                     [id=5876, stack(0x00000035c6e00000,0x00000035c6f00000) (1024K)]
  0x000001f3ea8dc860 WorkerThread "GC Thread#6"                     [id=15808, stack(0x00000035c6f00000,0x00000035c7000000) (1024K)]
  0x000001f3ea8dd020 WorkerThread "GC Thread#7"                     [id=15624, stack(0x00000035c7000000,0x00000035c7100000) (1024K)]
  0x000001f3c507e9b0 ConcurrentGCThread "G1 Main Marker"            [id=6368, stack(0x00000035c4e00000,0x00000035c4f00000) (1024K)]
  0x000001f3c507fb10 WorkerThread "G1 Conc#0"                       [id=16484, stack(0x00000035c4f00000,0x00000035c5000000) (1024K)]
  0x000001f3c50be9e0 ConcurrentGCThread "G1 Refine#0"               [id=10460, stack(0x00000035c5000000,0x00000035c5100000) (1024K)]
  0x000001f3e198a590 ConcurrentGCThread "G1 Service"                [id=17028, stack(0x00000035c5100000,0x00000035c5200000) (1024K)]
Total: 14

Threads with active compile tasks:
Total: 0

VM state: not at safepoint (normal execution)

VM Mutex/Monitor currently owned by a thread: None

Heap address: 0x0000000704e00000, size: 4018 MB, Compressed Oops mode: Zero based, Oop shift amount: 3

CDS archive(s) mapped at: [0x000001f380000000-0x000001f380d70000-0x000001f380d70000), size 14090240, SharedBaseAddress: 0x000001f380000000, ArchiveRelocationMode: 1.
Compressed class space mapped at: 0x000001f381000000-0x000001f3c1000000, reserved size: 1073741824
Narrow klass base: 0x000001f380000000, Narrow klass shift: 0, Narrow klass range: 0x41000000

GC Precious Log:
 CardTable entry size: 512
 Card Set container configuration: InlinePtr #cards 4 size 8 Array Of Cards #cards 16 size 48 Howl #buckets 8 coarsen threshold 3686 Howl Bitmap #cards 512 size 80 coarsen threshold 460 Card regions per heap region 1 cards per card region 4096
 CPUs: 8 total, 8 available
 Memory: 16066M
 Large Page Support: Disabled
 NUMA Support: Disabled
 Compressed Oops: Enabled (Zero based)
 Heap Region Size: 2M
 Heap Min Capacity: 8M
 Heap Initial Capacity: 252M
 Heap Max Capacity: 4018M
 Pre-touch: Disabled
 Parallel Workers: 8
 Concurrent Workers: 2
 Concurrent Refinement Workers: 8
 Periodic GC: Disabled

Heap:
 garbage-first heap   total reserved 4114432K, committed 258048K, used 11510K [0x0000000704e00000, 0x0000000800000000)
  region size 2048K, 8 young (16384K), 2 survivors (4096K)
 Metaspace       used 7063K, committed 7296K, reserved 1114112K
  class space    used 520K, committed 640K, reserved 1048576K

Heap Regions: E=young(eden), S=young(survivor), O=old, HS=humongous(starts), HC=humongous(continues), CS=collection set, F=free, TAMS=top-at-mark-start, PB=parsable bottom
|   0|0x0000000704e00000, 0x0000000704e00000, 0x0000000705000000|  0%| F|  |TAMS 0x0000000704e00000| PB 0x0000000704e00000| Untracked |  0
|   1|0x0000000705000000, 0x0000000705000000, 0x0000000705200000|  0%| F|  |TAMS 0x0000000705000000| PB 0x0000000705000000| Untracked |  0
|   2|0x0000000705200000, 0x0000000705200000, 0x0000000705400000|  0%| F|  |TAMS 0x0000000705200000| PB 0x0000000705200000| Untracked |  0
|   3|0x0000000705400000, 0x0000000705400000, 0x0000000705600000|  0%| F|  |TAMS 0x0000000705400000| PB 0x0000000705400000| Untracked |  0
|   4|0x0000000705600000, 0x0000000705600000, 0x0000000705800000|  0%| F|  |TAMS 0x0000000705600000| PB 0x0000000705600000| Untracked |  0
|   5|0x0000000705800000, 0x0000000705800000, 0x0000000705a00000|  0%| F|  |TAMS 0x0000000705800000| PB 0x0000000705800000| Untracked |  0
|   6|0x0000000705a00000, 0x0000000705a00000, 0x0000000705c00000|  0%| F|  |TAMS 0x0000000705a00000| PB 0x0000000705a00000| Untracked |  0
|   7|0x0000000705c00000, 0x0000000705c00000, 0x0000000705e00000|  0%| F|  |TAMS 0x0000000705c00000| PB 0x0000000705c00000| Untracked |  0
|   8|0x0000000705e00000, 0x0000000705e00000, 0x0000000706000000|  0%| F|  |TAMS 0x0000000705e00000| PB 0x0000000705e00000| Untracked |  0
|   9|0x0000000706000000, 0x0000000706000000, 0x0000000706200000|  0%| F|  |TAMS 0x0000000706000000| PB 0x0000000706000000| Untracked |  0
|  10|0x0000000706200000, 0x0000000706200000, 0x0000000706400000|  0%| F|  |TAMS 0x0000000706200000| PB 0x0000000706200000| Untracked |  0
|  11|0x0000000706400000, 0x0000000706400000, 0x0000000706600000|  0%| F|  |TAMS 0x0000000706400000| PB 0x0000000706400000| Untracked |  0
|  12|0x0000000706600000, 0x0000000706600000, 0x0000000706800000|  0%| F|  |TAMS 0x0000000706600000| PB 0x0000000706600000| Untracked |  0
|  13|0x0000000706800000, 0x0000000706800000, 0x0000000706a00000|  0%| F|  |TAMS 0x0000000706800000| PB 0x0000000706800000| Untracked |  0
|  14|0x0000000706a00000, 0x0000000706a00000, 0x0000000706c00000|  0%| F|  |TAMS 0x0000000706a00000| PB 0x0000000706a00000| Untracked |  0
|  15|0x0000000706c00000, 0x0000000706c00000, 0x0000000706e00000|  0%| F|  |TAMS 0x0000000706c00000| PB 0x0000000706c00000| Untracked |  0
|  16|0x0000000706e00000, 0x0000000706e00000, 0x0000000707000000|  0%| F|  |TAMS 0x0000000706e00000| PB 0x0000000706e00000| Untracked |  0
|  17|0x0000000707000000, 0x0000000707000000, 0x0000000707200000|  0%| F|  |TAMS 0x0000000707000000| PB 0x0000000707000000| Untracked |  0
|  18|0x0000000707200000, 0x0000000707200000, 0x0000000707400000|  0%| F|  |TAMS 0x0000000707200000| PB 0x0000000707200000| Untracked |  0
|  19|0x0000000707400000, 0x0000000707400000, 0x0000000707600000|  0%| F|  |TAMS 0x0000000707400000| PB 0x0000000707400000| Untracked |  0
|  20|0x0000000707600000, 0x0000000707600000, 0x0000000707800000|  0%| F|  |TAMS 0x0000000707600000| PB 0x0000000707600000| Untracked |  0
|  21|0x0000000707800000, 0x0000000707800000, 0x0000000707a00000|  0%| F|  |TAMS 0x0000000707800000| PB 0x0000000707800000| Untracked |  0
|  22|0x0000000707a00000, 0x0000000707a00000, 0x0000000707c00000|  0%| F|  |TAMS 0x0000000707a00000| PB 0x0000000707a00000| Untracked |  0
|  23|0x0000000707c00000, 0x0000000707c00000, 0x0000000707e00000|  0%| F|  |TAMS 0x0000000707c00000| PB 0x0000000707c00000| Untracked |  0
|  24|0x0000000707e00000, 0x0000000707e00000, 0x0000000708000000|  0%| F|  |TAMS 0x0000000707e00000| PB 0x0000000707e00000| Untracked |  0
|  25|0x0000000708000000, 0x0000000708000000, 0x0000000708200000|  0%| F|  |TAMS 0x0000000708000000| PB 0x0000000708000000| Untracked |  0
|  26|0x0000000708200000, 0x0000000708200000, 0x0000000708400000|  0%| F|  |TAMS 0x0000000708200000| PB 0x0000000708200000| Untracked |  0
|  27|0x0000000708400000, 0x0000000708400000, 0x0000000708600000|  0%| F|  |TAMS 0x0000000708400000| PB 0x0000000708400000| Untracked |  0
|  28|0x0000000708600000, 0x0000000708600000, 0x0000000708800000|  0%| F|  |TAMS 0x0000000708600000| PB 0x0000000708600000| Untracked |  0
|  29|0x0000000708800000, 0x0000000708800000, 0x0000000708a00000|  0%| F|  |TAMS 0x0000000708800000| PB 0x0000000708800000| Untracked |  0
|  30|0x0000000708a00000, 0x0000000708a00000, 0x0000000708c00000|  0%| F|  |TAMS 0x0000000708a00000| PB 0x0000000708a00000| Untracked |  0
|  31|0x0000000708c00000, 0x0000000708c00000, 0x0000000708e00000|  0%| F|  |TAMS 0x0000000708c00000| PB 0x0000000708c00000| Untracked |  0
|  32|0x0000000708e00000, 0x0000000708e00000, 0x0000000709000000|  0%| F|  |TAMS 0x0000000708e00000| PB 0x0000000708e00000| Untracked |  0
|  33|0x0000000709000000, 0x0000000709000000, 0x0000000709200000|  0%| F|  |TAMS 0x0000000709000000| PB 0x0000000709000000| Untracked |  0
|  34|0x0000000709200000, 0x0000000709200000, 0x0000000709400000|  0%| F|  |TAMS 0x0000000709200000| PB 0x0000000709200000| Untracked |  0
|  35|0x0000000709400000, 0x0000000709400000, 0x0000000709600000|  0%| F|  |TAMS 0x0000000709400000| PB 0x0000000709400000| Untracked |  0
|  36|0x0000000709600000, 0x0000000709600000, 0x0000000709800000|  0%| F|  |TAMS 0x0000000709600000| PB 0x0000000709600000| Untracked |  0
|  37|0x0000000709800000, 0x0000000709800000, 0x0000000709a00000|  0%| F|  |TAMS 0x0000000709800000| PB 0x0000000709800000| Untracked |  0
|  38|0x0000000709a00000, 0x0000000709a00000, 0x0000000709c00000|  0%| F|  |TAMS 0x0000000709a00000| PB 0x0000000709a00000| Untracked |  0
|  39|0x0000000709c00000, 0x0000000709c00000, 0x0000000709e00000|  0%| F|  |TAMS 0x0000000709c00000| PB 0x0000000709c00000| Untracked |  0
|  40|0x0000000709e00000, 0x0000000709e00000, 0x000000070a000000|  0%| F|  |TAMS 0x0000000709e00000| PB 0x0000000709e00000| Untracked |  0
|  41|0x000000070a000000, 0x000000070a000000, 0x000000070a200000|  0%| F|  |TAMS 0x000000070a000000| PB 0x000000070a000000| Untracked |  0
|  42|0x000000070a200000, 0x000000070a200000, 0x000000070a400000|  0%| F|  |TAMS 0x000000070a200000| PB 0x000000070a200000| Untracked |  0
|  43|0x000000070a400000, 0x000000070a400000, 0x000000070a600000|  0%| F|  |TAMS 0x000000070a400000| PB 0x000000070a400000| Untracked |  0
|  44|0x000000070a600000, 0x000000070a600000, 0x000000070a800000|  0%| F|  |TAMS 0x000000070a600000| PB 0x000000070a600000| Untracked |  0
|  45|0x000000070a800000, 0x000000070a800000, 0x000000070aa00000|  0%| F|  |TAMS 0x000000070a800000| PB 0x000000070a800000| Untracked |  0
|  46|0x000000070aa00000, 0x000000070aa00000, 0x000000070ac00000|  0%| F|  |TAMS 0x000000070aa00000| PB 0x000000070aa00000| Untracked |  0
|  47|0x000000070ac00000, 0x000000070ac00000, 0x000000070ae00000|  0%| F|  |TAMS 0x000000070ac00000| PB 0x000000070ac00000| Untracked |  0
|  48|0x000000070ae00000, 0x000000070ae00000, 0x000000070b000000|  0%| F|  |TAMS 0x000000070ae00000| PB 0x000000070ae00000| Untracked |  0
|  49|0x000000070b000000, 0x000000070b000000, 0x000000070b200000|  0%| F|  |TAMS 0x000000070b000000| PB 0x000000070b000000| Untracked |  0
|  50|0x000000070b200000, 0x000000070b200000, 0x000000070b400000|  0%| F|  |TAMS 0x000000070b200000| PB 0x000000070b200000| Untracked |  0
|  51|0x000000070b400000, 0x000000070b400000, 0x000000070b600000|  0%| F|  |TAMS 0x000000070b400000| PB 0x000000070b400000| Untracked |  0
|  52|0x000000070b600000, 0x000000070b600000, 0x000000070b800000|  0%| F|  |TAMS 0x000000070b600000| PB 0x000000070b600000| Untracked |  0
|  53|0x000000070b800000, 0x000000070b800000, 0x000000070ba00000|  0%| F|  |TAMS 0x000000070b800000| PB 0x000000070b800000| Untracked |  0
|  54|0x000000070ba00000, 0x000000070ba00000, 0x000000070bc00000|  0%| F|  |TAMS 0x000000070ba00000| PB 0x000000070ba00000| Untracked |  0
|  55|0x000000070bc00000, 0x000000070bc00000, 0x000000070be00000|  0%| F|  |TAMS 0x000000070bc00000| PB 0x000000070bc00000| Untracked |  0
|  56|0x000000070be00000, 0x000000070be00000, 0x000000070c000000|  0%| F|  |TAMS 0x000000070be00000| PB 0x000000070be00000| Untracked |  0
|  57|0x000000070c000000, 0x000000070c000000, 0x000000070c200000|  0%| F|  |TAMS 0x000000070c000000| PB 0x000000070c000000| Untracked |  0
|  58|0x000000070c200000, 0x000000070c200000, 0x000000070c400000|  0%| F|  |TAMS 0x000000070c200000| PB 0x000000070c200000| Untracked |  0
|  59|0x000000070c400000, 0x000000070c400000, 0x000000070c600000|  0%| F|  |TAMS 0x000000070c400000| PB 0x000000070c400000| Untracked |  0
|  60|0x000000070c600000, 0x000000070c600000, 0x000000070c800000|  0%| F|  |TAMS 0x000000070c600000| PB 0x000000070c600000| Untracked |  0
|  61|0x000000070c800000, 0x000000070c800000, 0x000000070ca00000|  0%| F|  |TAMS 0x000000070c800000| PB 0x000000070c800000| Untracked |  0
|  62|0x000000070ca00000, 0x000000070ca00000, 0x000000070cc00000|  0%| F|  |TAMS 0x000000070ca00000| PB 0x000000070ca00000| Untracked |  0
|  63|0x000000070cc00000, 0x000000070cc00000, 0x000000070ce00000|  0%| F|  |TAMS 0x000000070cc00000| PB 0x000000070cc00000| Untracked |  0
|  64|0x000000070ce00000, 0x000000070ce00000, 0x000000070d000000|  0%| F|  |TAMS 0x000000070ce00000| PB 0x000000070ce00000| Untracked |  0
|  65|0x000000070d000000, 0x000000070d000000, 0x000000070d200000|  0%| F|  |TAMS 0x000000070d000000| PB 0x000000070d000000| Untracked |  0
|  66|0x000000070d200000, 0x000000070d200000, 0x000000070d400000|  0%| F|  |TAMS 0x000000070d200000| PB 0x000000070d200000| Untracked |  0
|  67|0x000000070d400000, 0x000000070d400000, 0x000000070d600000|  0%| F|  |TAMS 0x000000070d400000| PB 0x000000070d400000| Untracked |  0
|  68|0x000000070d600000, 0x000000070d600000, 0x000000070d800000|  0%| F|  |TAMS 0x000000070d600000| PB 0x000000070d600000| Untracked |  0
|  69|0x000000070d800000, 0x000000070d800000, 0x000000070da00000|  0%| F|  |TAMS 0x000000070d800000| PB 0x000000070d800000| Untracked |  0
|  70|0x000000070da00000, 0x000000070da00000, 0x000000070dc00000|  0%| F|  |TAMS 0x000000070da00000| PB 0x000000070da00000| Untracked |  0
|  71|0x000000070dc00000, 0x000000070dc00000, 0x000000070de00000|  0%| F|  |TAMS 0x000000070dc00000| PB 0x000000070dc00000| Untracked |  0
|  72|0x000000070de00000, 0x000000070de00000, 0x000000070e000000|  0%| F|  |TAMS 0x000000070de00000| PB 0x000000070de00000| Untracked |  0
|  73|0x000000070e000000, 0x000000070e000000, 0x000000070e200000|  0%| F|  |TAMS 0x000000070e000000| PB 0x000000070e000000| Untracked |  0
|  74|0x000000070e200000, 0x000000070e200000, 0x000000070e400000|  0%| F|  |TAMS 0x000000070e200000| PB 0x000000070e200000| Untracked |  0
|  75|0x000000070e400000, 0x000000070e400000, 0x000000070e600000|  0%| F|  |TAMS 0x000000070e400000| PB 0x000000070e400000| Untracked |  0
|  76|0x000000070e600000, 0x000000070e600000, 0x000000070e800000|  0%| F|  |TAMS 0x000000070e600000| PB 0x000000070e600000| Untracked |  0
|  77|0x000000070e800000, 0x000000070e800000, 0x000000070ea00000|  0%| F|  |TAMS 0x000000070e800000| PB 0x000000070e800000| Untracked |  0
|  78|0x000000070ea00000, 0x000000070ea00000, 0x000000070ec00000|  0%| F|  |TAMS 0x000000070ea00000| PB 0x000000070ea00000| Untracked |  0
|  79|0x000000070ec00000, 0x000000070ec00000, 0x000000070ee00000|  0%| F|  |TAMS 0x000000070ec00000| PB 0x000000070ec00000| Untracked |  0
|  80|0x000000070ee00000, 0x000000070ee00000, 0x000000070f000000|  0%| F|  |TAMS 0x000000070ee00000| PB 0x000000070ee00000| Untracked |  0
|  81|0x000000070f000000, 0x000000070f000000, 0x000000070f200000|  0%| F|  |TAMS 0x000000070f000000| PB 0x000000070f000000| Untracked |  0
|  82|0x000000070f200000, 0x000000070f200000, 0x000000070f400000|  0%| F|  |TAMS 0x000000070f200000| PB 0x000000070f200000| Untracked |  0
|  83|0x000000070f400000, 0x000000070f400000, 0x000000070f600000|  0%| F|  |TAMS 0x000000070f400000| PB 0x000000070f400000| Untracked |  0
|  84|0x000000070f600000, 0x000000070f600000, 0x000000070f800000|  0%| F|  |TAMS 0x000000070f600000| PB 0x000000070f600000| Untracked |  0
|  85|0x000000070f800000, 0x000000070f800000, 0x000000070fa00000|  0%| F|  |TAMS 0x000000070f800000| PB 0x000000070f800000| Untracked |  0
|  86|0x000000070fa00000, 0x000000070fa00000, 0x000000070fc00000|  0%| F|  |TAMS 0x000000070fa00000| PB 0x000000070fa00000| Untracked |  0
|  87|0x000000070fc00000, 0x000000070fc00000, 0x000000070fe00000|  0%| F|  |TAMS 0x000000070fc00000| PB 0x000000070fc00000| Untracked |  0
|  88|0x000000070fe00000, 0x000000070fe00000, 0x0000000710000000|  0%| F|  |TAMS 0x000000070fe00000| PB 0x000000070fe00000| Untracked |  0
|  89|0x0000000710000000, 0x0000000710000000, 0x0000000710200000|  0%| F|  |TAMS 0x0000000710000000| PB 0x0000000710000000| Untracked |  0
|  90|0x0000000710200000, 0x0000000710200000, 0x0000000710400000|  0%| F|  |TAMS 0x0000000710200000| PB 0x0000000710200000| Untracked |  0
|  91|0x0000000710400000, 0x0000000710400000, 0x0000000710600000|  0%| F|  |TAMS 0x0000000710400000| PB 0x0000000710400000| Untracked |  0
|  92|0x0000000710600000, 0x0000000710600000, 0x0000000710800000|  0%| F|  |TAMS 0x0000000710600000| PB 0x0000000710600000| Untracked |  0
|  93|0x0000000710800000, 0x0000000710800000, 0x0000000710a00000|  0%| F|  |TAMS 0x0000000710800000| PB 0x0000000710800000| Untracked |  0
|  94|0x0000000710a00000, 0x0000000710a00000, 0x0000000710c00000|  0%| F|  |TAMS 0x0000000710a00000| PB 0x0000000710a00000| Untracked |  0
|  95|0x0000000710c00000, 0x0000000710c00000, 0x0000000710e00000|  0%| F|  |TAMS 0x0000000710c00000| PB 0x0000000710c00000| Untracked |  0
|  96|0x0000000710e00000, 0x0000000710e00000, 0x0000000711000000|  0%| F|  |TAMS 0x0000000710e00000| PB 0x0000000710e00000| Untracked |  0
|  97|0x0000000711000000, 0x0000000711000000, 0x0000000711200000|  0%| F|  |TAMS 0x0000000711000000| PB 0x0000000711000000| Untracked |  0
|  98|0x0000000711200000, 0x0000000711200000, 0x0000000711400000|  0%| F|  |TAMS 0x0000000711200000| PB 0x0000000711200000| Untracked |  0
|  99|0x0000000711400000, 0x0000000711400000, 0x0000000711600000|  0%| F|  |TAMS 0x0000000711400000| PB 0x0000000711400000| Untracked |  0
| 100|0x0000000711600000, 0x0000000711600000, 0x0000000711800000|  0%| F|  |TAMS 0x0000000711600000| PB 0x0000000711600000| Untracked |  0
| 101|0x0000000711800000, 0x0000000711800000, 0x0000000711a00000|  0%| F|  |TAMS 0x0000000711800000| PB 0x0000000711800000| Untracked |  0
| 102|0x0000000711a00000, 0x0000000711a00000, 0x0000000711c00000|  0%| F|  |TAMS 0x0000000711a00000| PB 0x0000000711a00000| Untracked |  0
| 103|0x0000000711c00000, 0x0000000711c00000, 0x0000000711e00000|  0%| F|  |TAMS 0x0000000711c00000| PB 0x0000000711c00000| Untracked |  0
| 104|0x0000000711e00000, 0x0000000711e00000, 0x0000000712000000|  0%| F|  |TAMS 0x0000000711e00000| PB 0x0000000711e00000| Untracked |  0
| 105|0x0000000712000000, 0x0000000712000000, 0x0000000712200000|  0%| F|  |TAMS 0x0000000712000000| PB 0x0000000712000000| Untracked |  0
| 106|0x0000000712200000, 0x0000000712200000, 0x0000000712400000|  0%| F|  |TAMS 0x0000000712200000| PB 0x0000000712200000| Untracked |  0
| 107|0x0000000712400000, 0x0000000712400000, 0x0000000712600000|  0%| F|  |TAMS 0x0000000712400000| PB 0x0000000712400000| Untracked |  0
| 108|0x0000000712600000, 0x0000000712600000, 0x0000000712800000|  0%| F|  |TAMS 0x0000000712600000| PB 0x0000000712600000| Untracked |  0
| 109|0x0000000712800000, 0x0000000712800000, 0x0000000712a00000|  0%| F|  |TAMS 0x0000000712800000| PB 0x0000000712800000| Untracked |  0
| 110|0x0000000712a00000, 0x0000000712a00000, 0x0000000712c00000|  0%| F|  |TAMS 0x0000000712a00000| PB 0x0000000712a00000| Untracked |  0
| 111|0x0000000712c00000, 0x0000000712c00000, 0x0000000712e00000|  0%| F|  |TAMS 0x0000000712c00000| PB 0x0000000712c00000| Untracked |  0
| 112|0x0000000712e00000, 0x0000000712f3d858, 0x0000000713000000| 62%| S|CS|TAMS 0x0000000712e00000| PB 0x0000000712e00000| Complete |  0
| 113|0x0000000713000000, 0x0000000713200000, 0x0000000713200000|100%| S|CS|TAMS 0x0000000713000000| PB 0x0000000713000000| Complete |  0
| 114|0x0000000713200000, 0x0000000713200000, 0x0000000713400000|  0%| F|  |TAMS 0x0000000713200000| PB 0x0000000713200000| Untracked |  0
| 115|0x0000000713400000, 0x0000000713400000, 0x0000000713600000|  0%| F|  |TAMS 0x0000000713400000| PB 0x0000000713400000| Untracked |  0
| 116|0x0000000713600000, 0x0000000713600000, 0x0000000713800000|  0%| F|  |TAMS 0x0000000713600000| PB 0x0000000713600000| Untracked |  0
| 117|0x0000000713800000, 0x0000000713800000, 0x0000000713a00000|  0%| F|  |TAMS 0x0000000713800000| PB 0x0000000713800000| Untracked |  0
| 118|0x0000000713a00000, 0x0000000713a00000, 0x0000000713c00000|  0%| F|  |TAMS 0x0000000713a00000| PB 0x0000000713a00000| Untracked |  0
| 119|0x0000000713c00000, 0x0000000713c00000, 0x0000000713e00000|  0%| F|  |TAMS 0x0000000713c00000| PB 0x0000000713c00000| Untracked |  0
| 120|0x0000000713e00000, 0x0000000713e534c0, 0x0000000714000000| 16%| E|  |TAMS 0x0000000713e00000| PB 0x0000000713e00000| Complete |  0
| 121|0x0000000714000000, 0x0000000714200000, 0x0000000714200000|100%| E|  |TAMS 0x0000000714000000| PB 0x0000000714000000| Complete |  0
| 122|0x0000000714200000, 0x0000000714400000, 0x0000000714400000|100%| E|CS|TAMS 0x0000000714200000| PB 0x0000000714200000| Complete |  0
| 123|0x0000000714400000, 0x0000000714600000, 0x0000000714600000|100%| E|CS|TAMS 0x0000000714400000| PB 0x0000000714400000| Complete |  0
| 124|0x0000000714600000, 0x0000000714800000, 0x0000000714800000|100%| E|CS|TAMS 0x0000000714600000| PB 0x0000000714600000| Complete |  0
| 125|0x0000000714800000, 0x0000000714a00000, 0x0000000714a00000|100%| E|CS|TAMS 0x0000000714800000| PB 0x0000000714800000| Complete |  0

Card table byte_map: [0x000001f3dd250000,0x000001f3dda30000] _byte_map_base: 0x000001f3d9a29000

Marking Bits: (CMBitMap*) 0x000001f3c506e1c0
 Bits: [0x000001f3dda30000, 0x000001f3e18f8000)

Polling page: 0x000001f3c2ea0000

Metaspace:

Usage:
  Non-class:      6.39 MB used.
      Class:    520.05 KB used.
       Both:      6.90 MB used.

Virtual space:
  Non-class space:       64.00 MB reserved,       6.50 MB ( 10%) committed,  1 nodes.
      Class space:        1.00 GB reserved,     640.00 KB ( <1%) committed,  1 nodes.
             Both:        1.06 GB reserved,       7.12 MB ( <1%) committed. 

Chunk freelists:
   Non-Class:  7.84 MB
       Class:  15.41 MB
        Both:  23.25 MB

MaxMetaspaceSize: unlimited
CompressedClassSpaceSize: 1.00 GB
Initial GC threshold: 21.00 MB
Current GC threshold: 21.00 MB
CDS: on
 - commit_granule_bytes: 65536.
 - commit_granule_words: 8192.
 - virtual_space_node_default_size: 8388608.
 - enlarge_chunks_in_place: 1.
 - use_allocation_guard: 0.


Internal statistics:

num_allocs_failed_limit: 0.
num_arena_births: 104.
num_arena_deaths: 0.
num_vsnodes_births: 2.
num_vsnodes_deaths: 0.
num_space_committed: 113.
num_space_uncommitted: 0.
num_chunks_returned_to_freelist: 0.
num_chunks_taken_from_freelist: 297.
num_chunk_merges: 0.
num_chunk_splits: 205.
num_chunks_enlarged: 156.
num_inconsistent_stats: 0.

CodeHeap 'non-profiled nmethods': size=120064Kb used=538Kb max_used=538Kb free=119525Kb
 bounds [0x000001f3d51f0000, 0x000001f3d5460000, 0x000001f3dc730000]
CodeHeap 'profiled nmethods': size=120000Kb used=2044Kb max_used=2044Kb free=117955Kb
 bounds [0x000001f3cd730000, 0x000001f3cd9a0000, 0x000001f3d4c60000]
CodeHeap 'non-nmethods': size=5696Kb used=2165Kb max_used=2191Kb free=3530Kb
 bounds [0x000001f3d4c60000, 0x000001f3d4ed0000, 0x000001f3d51f0000]
CodeCache: size=245760Kb, used=4747Kb, max_used=4773Kb, free=241010Kb
 total_blobs=2630, nmethods=1471, adapters=1065, full_count=0
Compilation: enabled, stopped_count=0, restarted_count=0

Compilation events (20 events):
Event: 5.436 Thread 0x000001f3c10490f0 1461       3       com.badlogic.gdx.backends.lwjgl3.Lwjgl3FileHandle::file (61 bytes)
Event: 5.436 Thread 0x000001f3c10490f0 nmethod 1461 0x000001f3cd92ac08 code [0x000001f3cd92ad60, 0x000001f3cd92b100]
Event: 5.436 Thread 0x000001f3c10490f0 1462  s    3       sun.net.www.protocol.file.FileURLConnection::getInputStream (156 bytes)
Event: 5.437 Thread 0x000001f3c10490f0 nmethod 1462 0x000001f3cd92b188 code [0x000001f3cd92b460, 0x000001f3cd92c7c0]
Event: 5.457 Thread 0x000001f3c10490f0 1463   !   3       com.badlogic.gdx.utils.StreamUtils::closeQuietly (15 bytes)
Event: 5.457 Thread 0x000001f3c10490f0 nmethod 1463 0x000001f3cd92c888 code [0x000001f3cd92c9c0, 0x000001f3cd92cbf0]
Event: 5.457 Thread 0x000001f3c10490f0 1464       3       java.io.BufferedInputStream::close (44 bytes)
Event: 5.457 Thread 0x000001f3c10490f0 nmethod 1464 0x000001f3cd92cc08 code [0x000001f3cd92cd60, 0x000001f3cd92d158]
Event: 5.475 Thread 0x000001f3c10490f0 1466       1       com.badlogic.gdx.graphics.g2d.Gdx2DPixmap::getPixels (5 bytes)
Event: 5.475 Thread 0x000001f3c10490f0 nmethod 1466 0x000001f3d5274488 code [0x000001f3d52745a0, 0x000001f3d5274670]
Event: 5.476 Thread 0x000001f3c10490f0 1468       3       com.badlogic.gdx.physics.box2d.Contact::<init> (34 bytes)
Event: 5.476 Thread 0x000001f3c10490f0 nmethod 1468 0x000001f3cd92d188 code [0x000001f3cd92d2c0, 0x000001f3cd92d6a8]
Event: 5.476 Thread 0x000001f3c10490f0 1469       3       com.badlogic.gdx.physics.box2d.WorldManifold::<init> (51 bytes)
Event: 5.476 Thread 0x000001f3c1028500 1470       4       java.io.WinNTFileSystem::normalize (224 bytes)
Event: 5.476 Thread 0x000001f3c10490f0 nmethod 1469 0x000001f3cd92d708 code [0x000001f3cd92d880, 0x000001f3cd92e268]
Event: 5.492 Thread 0x000001f3c10490f0 1471       3       com.badlogic.gdx.graphics.Pixmap::getFormat (11 bytes)
Event: 5.492 Thread 0x000001f3c10490f0 nmethod 1471 0x000001f3cd92e308 code [0x000001f3cd92e440, 0x000001f3cd92e5b0]
Event: 5.492 Thread 0x000001f3c10490f0 1472       3       com.badlogic.gdx.graphics.Pixmap$Format::fromGdx2DPixmapFormat (82 bytes)
Event: 5.493 Thread 0x000001f3c10490f0 nmethod 1472 0x000001f3cd92e608 code [0x000001f3cd92e800, 0x000001f3cd92f038]
Event: 5.501 Thread 0x000001f3c1028500 nmethod 1470 0x000001f3d5274b08 code [0x000001f3d5274dc0, 0x000001f3d5276908]

GC Heap History (2 events):
Event: 3.765 GC heap before
{Heap before GC invocations=0 (full 0):
 garbage-first heap   total reserved 4114432K, committed 258048K, used 24576K [0x0000000704e00000, 0x0000000800000000)
  region size 2048K, 12 young (24576K), 0 survivors (0K)
 Metaspace       used 6994K, committed 7168K, reserved 1114112K
  class space    used 520K, committed 640K, reserved 1048576K
}
Event: 3.769 GC heap after
{Heap after GC invocations=1 (full 0):
 garbage-first heap   total reserved 4114432K, committed 258048K, used 3318K [0x0000000704e00000, 0x0000000800000000)
  region size 2048K, 2 young (4096K), 2 survivors (4096K)
 Metaspace       used 6994K, committed 7168K, reserved 1114112K
  class space    used 520K, committed 640K, reserved 1048576K
}

Dll operation events (10 events):
Event: 0.011 Loaded shared library C:\Users\aditya\.jdks\openjdk-23.0.1\bin\java.dll
Event: 0.051 Loaded shared library C:\Users\aditya\.jdks\openjdk-23.0.1\bin\jsvml.dll
Event: 0.112 Loaded shared library C:\Users\aditya\.jdks\openjdk-23.0.1\bin\net.dll
Event: 0.114 Loaded shared library C:\Users\aditya\.jdks\openjdk-23.0.1\bin\nio.dll
Event: 0.117 Loaded shared library C:\Users\aditya\.jdks\openjdk-23.0.1\bin\zip.dll
Event: 0.201 Loaded shared library C:\Users\aditya\.jdks\openjdk-23.0.1\bin\jimage.dll
Event: 0.209 Loaded shared library C:\ProgramData\libGDX-temp\libgdxaditya\8d3b5089\gdx64.dll
Event: 0.262 Loaded shared library C:\ProgramData\libGDX-temp\lwjgl_aditya\3.3.4+7\x64\lwjgl.dll
Event: 1.153 Loaded shared library C:\ProgramData\libGDX-temp\lwjgl_aditya\3.3.4+7\x64\lwjgl_opengl.dll
Event: 2.333 Loaded shared library C:\ProgramData\libGDX-temp\libgdxaditya\4ca5c0bf\gdx-box2d64.dll

Deoptimization events (20 events):
Event: 2.782 Thread 0x000001f3c2dae9e0 DEOPT PACKING pc=0x000001f3cd890b44 sp=0x00000035c4cfed00
Event: 2.782 Thread 0x000001f3c2dae9e0 DEOPT UNPACKING pc=0x000001f3d4cb4b22 sp=0x00000035c4cfe1a8 mode 0
Event: 2.783 Thread 0x000001f3c2dae9e0 DEOPT PACKING pc=0x000001f3cd890b44 sp=0x00000035c4cfed00
Event: 2.783 Thread 0x000001f3c2dae9e0 DEOPT UNPACKING pc=0x000001f3d4cb4b22 sp=0x00000035c4cfe1a8 mode 0
Event: 2.783 Thread 0x000001f3c2dae9e0 DEOPT PACKING pc=0x000001f3cd88ada1 sp=0x00000035c4cfeda0
Event: 2.783 Thread 0x000001f3c2dae9e0 DEOPT UNPACKING pc=0x000001f3d4cb4b22 sp=0x00000035c4cfe248 mode 0
Event: 2.988 Thread 0x000001f3c2dae9e0 DEOPT PACKING pc=0x000001f3cd8a269b sp=0x00000035c4cfed50
Event: 2.988 Thread 0x000001f3c2dae9e0 DEOPT UNPACKING pc=0x000001f3d4cb4b22 sp=0x00000035c4cfe1b0 mode 0
Event: 2.988 Thread 0x000001f3c2dae9e0 DEOPT PACKING pc=0x000001f3cd88acb3 sp=0x00000035c4cfeda0
Event: 2.988 Thread 0x000001f3c2dae9e0 DEOPT UNPACKING pc=0x000001f3d4cb4b22 sp=0x00000035c4cfe248 mode 0
Event: 2.989 Thread 0x000001f3c2dae9e0 Uncommon trap: trap_request=0xffffff45 fr.pc=0x000001f3d523ed64 relative=0x00000000000008c4
Event: 2.989 Thread 0x000001f3c2dae9e0 Uncommon trap: reason=unstable_if action=reinterpret pc=0x000001f3d523ed64 method=javazoom.jl.decoder.huffcodetab.huffman_decoder(Ljavazoom/jl/decoder/huffcodetab;[I[I[I[ILjavazoom/jl/decoder/BitReserve;)I @ 27 c2
Event: 2.989 Thread 0x000001f3c2dae9e0 DEOPT PACKING pc=0x000001f3d523ed64 sp=0x00000035c4cfecf0
Event: 2.989 Thread 0x000001f3c2dae9e0 DEOPT UNPACKING pc=0x000001f3d4cb4402 sp=0x00000035c4cfec70 mode 2
Event: 3.837 Thread 0x000001f3c2dae9e0 Uncommon trap: trap_request=0xffffff45 fr.pc=0x000001f3d5241804 relative=0x0000000000000104
Event: 3.837 Thread 0x000001f3c2dae9e0 Uncommon trap: reason=unstable_if action=reinterpret pc=0x000001f3d5241804 method=javazoom.jl.decoder.BitReserve.hgetbits(I)I @ 22 c2
Event: 3.837 Thread 0x000001f3c2dae9e0 DEOPT PACKING pc=0x000001f3d5241804 sp=0x00000035c4cfeb10
Event: 3.837 Thread 0x000001f3c2dae9e0 DEOPT UNPACKING pc=0x000001f3d4cb4402 sp=0x00000035c4cfea98 mode 2
Event: 5.476 Thread 0x000001f3c2dae9e0 DEOPT PACKING pc=0x000001f3cd7792ac sp=0x00000035c4cfe460
Event: 5.476 Thread 0x000001f3c2dae9e0 DEOPT UNPACKING pc=0x000001f3d4cb4b22 sp=0x00000035c4cfd960 mode 0

Classes loaded (20 events):
Event: 1.694 Loading class java/io/ObjectStreamClass$FieldReflectorKey
Event: 1.694 Loading class java/io/ObjectStreamClass$FieldReflectorKey done
Event: 1.694 Loading class java/io/ObjectStreamClass$FieldReflector
Event: 1.694 Loading class java/io/ObjectStreamClass$FieldReflector done
Event: 1.694 Loading class java/io/ObjectStreamClass$ExceptionInfo
Event: 1.694 Loading class java/io/ObjectStreamClass$ExceptionInfo done
Event: 1.694 Loading class jdk/internal/event/SerializationMisdeclarationEvent
Event: 1.695 Loading class jdk/internal/event/SerializationMisdeclarationEvent done
Event: 2.440 Loading class java/io/BufferedReader
Event: 2.440 Loading class java/io/BufferedReader done
Event: 2.440 Loading class sun/nio/cs/StreamDecoder
Event: 2.440 Loading class sun/nio/cs/StreamDecoder done
Event: 2.440 Loading class sun/nio/cs/UTF_8$Decoder
Event: 2.440 Loading class sun/nio/cs/UTF_8$Decoder done
Event: 2.460 Loading class java/lang/invoke/DirectMethodHandle$Special
Event: 2.460 Loading class java/lang/invoke/DirectMethodHandle$Special done
Event: 2.464 Loading class java/lang/SecurityException
Event: 2.465 Loading class java/lang/SecurityException done
Event: 2.465 Loading class java/lang/reflect/InvocationTargetException
Event: 2.465 Loading class java/lang/reflect/InvocationTargetException done

Classes unloaded (0 events):
No events

Classes redefined (0 events):
No events

Internal exceptions (20 events):
Event: 0.338 Thread 0x000001f3c2dae9e0 Exception <a 'java/lang/NoSuchMethodError'{0x0000000714236b50}: 'java.lang.Object java.lang.invoke.DirectMethodHandle$Holder.newInvokeSpecial(java.lang.Object, java.lang.Object, int)'> (0x0000000714236b50) 
thrown [s\open\src\hotspot\share\interpreter\linkResolver.cpp, line 796]
Event: 0.341 Thread 0x000001f3c2dae9e0 Exception <a 'java/lang/NoSuchMethodError'{0x0000000714248ac8}: 'int java.lang.invoke.DirectMethodHandle$Holder.invokeStaticInit(java.lang.Object, java.lang.Object, long, long)'> (0x0000000714248ac8) 
thrown [s\open\src\hotspot\share\interpreter\linkResolver.cpp, line 796]
Event: 0.341 Thread 0x000001f3c2dae9e0 Exception <a 'java/lang/NoSuchMethodError'{0x000000071424e598}: 'java.lang.Object java.lang.invoke.DirectMethodHandle$Holder.newInvokeSpecial(java.lang.Object, java.lang.Object, long)'> (0x000000071424e598) 
thrown [s\open\src\hotspot\share\interpreter\linkResolver.cpp, line 796]
Event: 0.342 Thread 0x000001f3c2dae9e0 Exception <a 'java/lang/NoSuchMethodError'{0x0000000714252490}: 'java.lang.Object java.lang.invoke.Invokers$Holder.linkToTargetMethod(java.lang.Object, long, java.lang.Object)'> (0x0000000714252490) 
thrown [s\open\src\hotspot\share\interpreter\linkResolver.cpp, line 796]
Event: 0.343 Thread 0x000001f3c2dae9e0 Exception <a 'java/lang/NoSuchMethodError'{0x00000007142596e8}: 'int java.lang.invoke.DirectMethodHandle$Holder.invokeStaticInit(java.lang.Object, java.lang.Object, java.lang.Object, long)'> (0x00000007142596e8) 
thrown [s\open\src\hotspot\share\interpreter\linkResolver.cpp, line 796]
Event: 0.366 Thread 0x000001f3c2dae9e0 Exception <a 'sun/nio/fs/WindowsException'{0x00000007142e72d0}> (0x00000007142e72d0) 
thrown [s\open\src\hotspot\share\prims\jni.cpp, line 520]
Event: 0.366 Thread 0x000001f3c2dae9e0 Exception <a 'sun/nio/fs/WindowsException'{0x00000007142e7640}> (0x00000007142e7640) 
thrown [s\open\src\hotspot\share\prims\jni.cpp, line 520]
Event: 0.417 Thread 0x000001f3c2dae9e0 Exception <a 'sun/nio/fs/WindowsException'{0x000000071439a638}> (0x000000071439a638) 
thrown [s\open\src\hotspot\share\prims\jni.cpp, line 520]
Event: 0.417 Thread 0x000001f3c2dae9e0 Exception <a 'sun/nio/fs/WindowsException'{0x000000071439a978}> (0x000000071439a978) 
thrown [s\open\src\hotspot\share\prims\jni.cpp, line 520]
Event: 0.438 Thread 0x000001f3c2dae9e0 Exception <a 'java/lang/NoSuchMethodError'{0x00000007143a1a38}: 'int java.lang.invoke.Invokers$Holder.invokeExact_MT(java.lang.Object, java.lang.Object)'> (0x00000007143a1a38) 
thrown [s\open\src\hotspot\share\interpreter\linkResolver.cpp, line 796]
Event: 0.509 Thread 0x000001f3c2dae9e0 Exception <a 'sun/nio/fs/WindowsException'{0x000000071406b5e8}> (0x000000071406b5e8) 
thrown [s\open\src\hotspot\share\prims\jni.cpp, line 520]
Event: 0.509 Thread 0x000001f3c2dae9e0 Exception <a 'sun/nio/fs/WindowsException'{0x000000071406b940}> (0x000000071406b940) 
thrown [s\open\src\hotspot\share\prims\jni.cpp, line 520]
Event: 1.018 Thread 0x000001f3c2dae9e0 Exception <a 'java/lang/NoSuchMethodError'{0x00000007140ac698}: 'java.lang.Object java.lang.invoke.DirectMethodHandle$Holder.newInvokeSpecial(java.lang.Object, long)'> (0x00000007140ac698) 
thrown [s\open\src\hotspot\share\interpreter\linkResolver.cpp, line 796]
Event: 1.140 Thread 0x000001f3c2dae9e0 Exception <a 'java/lang/NoSuchMethodError'{0x0000000713e69948}: 'void java.lang.invoke.DirectMethodHandle$Holder.invokeStatic(java.lang.Object, long)'> (0x0000000713e69948) 
thrown [s\open\src\hotspot\share\interpreter\linkResolver.cpp, line 796]
Event: 1.147 Thread 0x000001f3c2dae9e0 Exception <a 'java/lang/NoSuchMethodError'{0x0000000713e8c598}: 'void java.lang.System.load(java.lang.String, java.lang.Class)'> (0x0000000713e8c598) 
thrown [s\open\src\hotspot\share\interpreter\linkResolver.cpp, line 796]
Event: 1.148 Thread 0x000001f3c2dae9e0 Exception <a 'java/lang/NoSuchMethodError'{0x0000000713e8f028}: 'void java.lang.System.loadLibrary(java.lang.String, java.lang.Class)'> (0x0000000713e8f028) 
thrown [s\open\src\hotspot\share\interpreter\linkResolver.cpp, line 796]
Event: 1.151 Thread 0x000001f3c2dae9e0 Exception <a 'sun/nio/fs/WindowsException'{0x0000000713ea05a8}> (0x0000000713ea05a8) 
thrown [s\open\src\hotspot\share\prims\jni.cpp, line 520]
Event: 1.151 Thread 0x000001f3c2dae9e0 Exception <a 'sun/nio/fs/WindowsException'{0x0000000713ea0928}> (0x0000000713ea0928) 
thrown [s\open\src\hotspot\share\prims\jni.cpp, line 520]
Event: 1.156 Thread 0x000001f3c2dae9e0 Exception <a 'sun/nio/fs/WindowsException'{0x0000000713ead550}> (0x0000000713ead550) 
thrown [s\open\src\hotspot\share\prims\jni.cpp, line 520]
Event: 1.157 Thread 0x000001f3c2dae9e0 Exception <a 'sun/nio/fs/WindowsException'{0x0000000713ead808}> (0x0000000713ead808) 
thrown [s\open\src\hotspot\share\prims\jni.cpp, line 520]

VM Operations (10 events):
Event: 0.124 Executing VM operation: HandshakeAllThreads (Deoptimize)
Event: 0.124 Executing VM operation: HandshakeAllThreads (Deoptimize) done
Event: 0.205 Executing VM operation: HandshakeAllThreads (Deoptimize)
Event: 0.205 Executing VM operation: HandshakeAllThreads (Deoptimize) done
Event: 0.238 Executing VM operation: HandshakeAllThreads (Deoptimize)
Event: 0.238 Executing VM operation: HandshakeAllThreads (Deoptimize) done
Event: 2.984 Executing VM operation: HandshakeAllThreads (Deoptimize)
Event: 2.984 Executing VM operation: HandshakeAllThreads (Deoptimize) done
Event: 3.765 Executing VM operation: G1CollectForAllocation (G1 Evacuation Pause)
Event: 3.769 Executing VM operation: G1CollectForAllocation (G1 Evacuation Pause) done

Memory protections (0 events):
No events

Nmethod flushes (0 events):
No events

Events (17 events):
Event: 0.031 Thread 0x000001f3c2dae9e0 Thread added: 0x000001f3c2dae9e0
Event: 0.047 Thread 0x000001f3c2dae9e0 Thread added: 0x000001f3e1aeabb0
Event: 0.048 Thread 0x000001f3c2dae9e0 Thread added: 0x000001f3e1aeb810
Event: 0.048 Thread 0x000001f3c2dae9e0 Thread added: 0x000001f3e1aeeaf0
Event: 0.048 Thread 0x000001f3c2dae9e0 Thread added: 0x000001f3e1aef550
Event: 0.048 Thread 0x000001f3c2dae9e0 Thread added: 0x000001f3e1af1fc0
Event: 0.048 Thread 0x000001f3c2dae9e0 Thread added: 0x000001f3e1af2b50
Event: 0.048 Thread 0x000001f3c2dae9e0 Thread added: 0x000001f3c1028500
Event: 0.048 Thread 0x000001f3c2dae9e0 Thread added: 0x000001f3c10490f0
Event: 0.105 Thread 0x000001f3c2dae9e0 Thread added: 0x000001f3c11866a0
Event: 0.107 Thread 0x000001f3c2dae9e0 Thread added: 0x000001f3c118acd0
Event: 1.037 Thread 0x000001f3c2dae9e0 Thread added: 0x000001f3e9c44b50
Event: 1.729 Thread 0x000001f3c10490f0 Thread added: 0x000001f3ea1dc200
Event: 1.765 Thread 0x000001f3c2dae9e0 Thread added: 0x000001f3ea1043c0
Event: 1.945 Thread 0x000001f3ea1dc200 Thread exited: 0x000001f3ea1dc200
Event: 2.618 Thread 0x000001f3c10490f0 Thread added: 0x000001f3ea496340
Event: 2.916 Thread 0x000001f3ea496340 Thread exited: 0x000001f3ea496340


Dynamic libraries:
0x00007ff7d3840000 - 0x00007ff7d384e000 	C:\Users\aditya\.jdks\openjdk-23.0.1\bin\java.exe
0x00007ffe0fb20000 - 0x00007ffe0fd83000 	C:\WINDOWS\SYSTEM32\ntdll.dll
0x00007ffe0e4c0000 - 0x00007ffe0e588000 	C:\WINDOWS\System32\KERNEL32.DLL
0x00007ffe0d240000 - 0x00007ffe0d5f1000 	C:\WINDOWS\System32\KERNELBASE.dll
0x00007ffe0d0f0000 - 0x00007ffe0d23b000 	C:\WINDOWS\System32\ucrtbase.dll
0x00007ffdf7300000 - 0x00007ffdf7317000 	C:\Users\aditya\.jdks\openjdk-23.0.1\bin\jli.dll
0x00007ffdf72e0000 - 0x00007ffdf72fb000 	C:\Users\aditya\.jdks\openjdk-23.0.1\bin\VCRUNTIME140.dll
0x00007ffe0f150000 - 0x00007ffe0f318000 	C:\WINDOWS\System32\USER32.dll
0x00007ffdee810000 - 0x00007ffdeeaa0000 	C:\WINDOWS\WinSxS\amd64_microsoft.windows.common-controls_6595b64144ccf1df_6.0.26100.2161_none_3e0cadb0e33078e1\COMCTL32.dll
0x00007ffe0d680000 - 0x00007ffe0d6a7000 	C:\WINDOWS\System32\win32u.dll
0x00007ffe0e410000 - 0x00007ffe0e4b9000 	C:\WINDOWS\System32\msvcrt.dll
0x00007ffe0e2b0000 - 0x00007ffe0e2da000 	C:\WINDOWS\System32\GDI32.dll
0x00007ffe0cf10000 - 0x00007ffe0d035000 	C:\WINDOWS\System32\gdi32full.dll
0x00007ffe0d040000 - 0x00007ffe0d0e3000 	C:\WINDOWS\System32\msvcp_win.dll
0x00007ffe0f4a0000 - 0x00007ffe0f4cf000 	C:\WINDOWS\System32\IMM32.DLL
0x00007ffe01250000 - 0x00007ffe0125c000 	C:\Users\aditya\.jdks\openjdk-23.0.1\bin\vcruntime140_1.dll
0x00007ffdf7250000 - 0x00007ffdf72de000 	C:\Users\aditya\.jdks\openjdk-23.0.1\bin\msvcp140.dll
0x00007ffd76070000 - 0x00007ffd76dbf000 	C:\Users\aditya\.jdks\openjdk-23.0.1\bin\server\jvm.dll
0x00007ffe0f320000 - 0x00007ffe0f3d4000 	C:\WINDOWS\System32\ADVAPI32.dll
0x00007ffe0f3e0000 - 0x00007ffe0f486000 	C:\WINDOWS\System32\sechost.dll
0x00007ffe0e2e0000 - 0x00007ffe0e3f6000 	C:\WINDOWS\System32\RPCRT4.dll
0x00007ffe0fa60000 - 0x00007ffe0fad4000 	C:\WINDOWS\System32\WS2_32.dll
0x00007ffe0bb90000 - 0x00007ffe0bbde000 	C:\WINDOWS\SYSTEM32\POWRPROF.dll
0x00007ffde4230000 - 0x00007ffde4266000 	C:\WINDOWS\SYSTEM32\WINMM.dll
0x00007ffe04ac0000 - 0x00007ffe04acb000 	C:\WINDOWS\SYSTEM32\VERSION.dll
0x00007ffe0bb70000 - 0x00007ffe0bb84000 	C:\WINDOWS\SYSTEM32\UMPDC.dll
0x00007ffe0be30000 - 0x00007ffe0be4a000 	C:\WINDOWS\SYSTEM32\kernel.appcore.dll
0x00007ffe01190000 - 0x00007ffe0119a000 	C:\Users\aditya\.jdks\openjdk-23.0.1\bin\jimage.dll
0x00007ffe0a280000 - 0x00007ffe0a4c1000 	C:\WINDOWS\SYSTEM32\DBGHELP.DLL
0x00007ffe0de90000 - 0x00007ffe0e20d000 	C:\WINDOWS\System32\combase.dll
0x00007ffe0e760000 - 0x00007ffe0e836000 	C:\WINDOWS\System32\OLEAUT32.dll
0x00007ffdfb010000 - 0x00007ffdfb049000 	C:\WINDOWS\SYSTEM32\dbgcore.DLL
0x00007ffe0d6b0000 - 0x00007ffe0d749000 	C:\WINDOWS\System32\bcryptPrimitives.dll
0x00007ffdf7230000 - 0x00007ffdf724e000 	C:\Users\aditya\.jdks\openjdk-23.0.1\bin\java.dll
0x00007ffe0e5c0000 - 0x00007ffe0e759000 	C:\WINDOWS\System32\ole32.dll
0x00007ffe0e950000 - 0x00007ffe0f04f000 	C:\WINDOWS\System32\SHELL32.dll
0x00007ffe0ac20000 - 0x00007ffe0b44d000 	C:\WINDOWS\SYSTEM32\windows.storage.dll
0x00007ffe0dd20000 - 0x00007ffe0ddf3000 	C:\WINDOWS\System32\SHCORE.dll
0x00007ffe0db60000 - 0x00007ffe0dbbd000 	C:\WINDOWS\System32\shlwapi.dll
0x00007ffe0ce20000 - 0x00007ffe0ce4e000 	C:\WINDOWS\SYSTEM32\profapi.dll
0x00007ffdf7150000 - 0x00007ffdf7227000 	C:\Users\aditya\.jdks\openjdk-23.0.1\bin\jsvml.dll
0x00007ffdf8f30000 - 0x00007ffdf8f40000 	C:\Users\aditya\.jdks\openjdk-23.0.1\bin\net.dll
0x00007ffe0c310000 - 0x00007ffe0c378000 	C:\WINDOWS\system32\mswsock.dll
0x00007ffdf7110000 - 0x00007ffdf7126000 	C:\Users\aditya\.jdks\openjdk-23.0.1\bin\nio.dll
0x00007ffdf7130000 - 0x00007ffdf7147000 	C:\Users\aditya\.jdks\openjdk-23.0.1\bin\zip.dll
0x000000006e700000 - 0x000000006e72d000 	C:\ProgramData\libGDX-temp\libgdxaditya\8d3b5089\gdx64.dll
0x00007ffdef730000 - 0x00007ffdef7ab000 	C:\ProgramData\libGDX-temp\lwjgl_aditya\3.3.4+7\x64\lwjgl.dll
0x00007ffde0290000 - 0x00007ffde0501000 	C:\ProgramData\libGDX-temp\lwjgl_aditya\3.3.4+7\x64\jemalloc.dll
0x00007ffde7880000 - 0x00007ffde7905000 	C:\ProgramData\libGDX-temp\lwjgl_aditya\3.3.4+7\x64\glfw.dll
0x00007ffdf62b0000 - 0x00007ffdf62fb000 	C:\WINDOWS\SYSTEM32\dinput8.dll
0x00007ffdf7350000 - 0x00007ffdf7362000 	C:\WINDOWS\SYSTEM32\xinput1_4.dll
0x00007ffe0cbb0000 - 0x00007ffe0cc0f000 	C:\WINDOWS\SYSTEM32\cfgmgr32.dll
0x00007ffe0cb80000 - 0x00007ffe0cbad000 	C:\WINDOWS\SYSTEM32\DEVOBJ.dll
0x00007ffe09c30000 - 0x00007ffe09c5e000 	C:\WINDOWS\SYSTEM32\dwmapi.dll
0x00007ffdfa6b0000 - 0x00007ffdfa88c000 	C:\WINDOWS\SYSTEM32\inputhost.dll
0x00007ffe03170000 - 0x00007ffe03295000 	C:\WINDOWS\SYSTEM32\CoreMessaging.dll
0x00007ffe0c540000 - 0x00007ffe0c54c000 	C:\WINDOWS\SYSTEM32\CRYPTBASE.DLL
0x00007ffe09930000 - 0x00007ffe099dd000 	C:\WINDOWS\system32\uxtheme.dll
0x00007ffe0dbc0000 - 0x00007ffe0dd1b000 	C:\WINDOWS\System32\MSCTF.dll
0x00007ffddfe30000 - 0x00007ffde000d000 	C:\ProgramData\libGDX-temp\lwjgl_aditya\3.3.4+7\x64\OpenAL.dll
0x00007ffe0e840000 - 0x00007ffe0e8e8000 	C:\WINDOWS\System32\clbcatq.dll
0x00007ffe043d0000 - 0x00007ffe04460000 	C:\WINDOWS\System32\MMDevApi.dll
0x00007ffdf8a80000 - 0x00007ffdf8c37000 	C:\WINDOWS\SYSTEM32\AUDIOSES.DLL
0x00007ffe0a820000 - 0x00007ffe0a834000 	C:\WINDOWS\SYSTEM32\resourcepolicyclient.dll
0x00007ffdd85c0000 - 0x00007ffdd86cc000 	C:\WINDOWS\SYSTEM32\opengl32.dll
0x00007ffdda4a0000 - 0x00007ffdda4cd000 	C:\WINDOWS\SYSTEM32\GLU32.dll
0x00007ffe0a570000 - 0x00007ffe0a5b5000 	C:\WINDOWS\SYSTEM32\dxcore.dll
0x00007ffe09a80000 - 0x00007ffe09adc000 	C:\WINDOWS\SYSTEM32\directxdatabasehelper.dll
0x00007ffdf7d90000 - 0x00007ffdf7daa000 	C:\WINDOWS\SYSTEM32\windows.staterepositorycore.dll
0x00007ffd72290000 - 0x00007ffd73335000 	C:\WINDOWS\System32\DriverStore\FileRepository\iigd_dch.inf_amd64_b198ba49c101df87\ig9icd64.dll
0x00007ffe09ae0000 - 0x00007ffe09c0b000 	C:\WINDOWS\system32\dxgi.dll
0x00007ffdcabc0000 - 0x00007ffdcacec000 	C:\WINDOWS\System32\DriverStore\FileRepository\iigd_dch.inf_amd64_b198ba49c101df87\igdml64.dll
0x00007ffdfee80000 - 0x00007ffdff289000 	C:\WINDOWS\System32\DriverStore\FileRepository\iigd_dch.inf_amd64_b198ba49c101df87\igdgmm64.dll
0x00007ffdfb160000 - 0x00007ffdfe8f4000 	C:\WINDOWS\System32\DriverStore\FileRepository\iigd_dch.inf_amd64_b198ba49c101df87\igc64.dll
0x00007ffe083d0000 - 0x00007ffe08490000 	C:\WINDOWS\SYSTEM32\mscms.dll
0x00007ffdf6230000 - 0x00007ffdf6279000 	C:\WINDOWS\SYSTEM32\icm32.dll
0x00007ffde9560000 - 0x00007ffde95c1000 	C:\ProgramData\libGDX-temp\lwjgl_aditya\3.3.4+7\x64\lwjgl_opengl.dll
0x00007ffdfae90000 - 0x00007ffdfafd5000 	C:\WINDOWS\SYSTEM32\textinputframework.dll
0x00007ffdffe00000 - 0x00007ffe000e3000 	C:\WINDOWS\SYSTEM32\CoreUIComponents.dll
0x00007ffe087d0000 - 0x00007ffe08938000 	C:\WINDOWS\SYSTEM32\wintypes.dll
0x00007ffde1c00000 - 0x00007ffde1c7c000 	C:\WINDOWS\system32\Oleacc.dll
0x00007ffdef8d0000 - 0x00007ffdef91f000 	C:\WINDOWS\system32\ApplicationTargetedFeatureDatabase.dll
0x00007ffdf9fd0000 - 0x00007ffdfa207000 	C:\Windows\System32\twinapi.appcore.dll
0x0000000066b00000 - 0x0000000066b5a000 	C:\ProgramData\libGDX-temp\libgdxaditya\4ca5c0bf\gdx-box2d64.dll

dbghelp: loaded successfully - version: 4.0.5 - missing functions: none
symbol engine: initialized successfully - sym options: 0x614 - pdb path: .;C:\Users\aditya\.jdks\openjdk-23.0.1\bin;C:\WINDOWS\SYSTEM32;C:\WINDOWS\WinSxS\amd64_microsoft.windows.common-controls_6595b64144ccf1df_6.0.26100.2161_none_3e0cadb0e33078e1;C:\Users\aditya\.jdks\openjdk-23.0.1\bin\server;C:\ProgramData\libGDX-temp\libgdxaditya\8d3b5089;C:\ProgramData\libGDX-temp\lwjgl_aditya\3.3.4+7\x64;C:\WINDOWS\System32\DriverStore\FileRepository\iigd_dch.inf_amd64_b198ba49c101df87;C:\ProgramData\libGDX-temp\libgdxaditya\4ca5c0bf

VM Arguments:
jvm_args: -Dfile.encoding=UTF-8 -Duser.country=US -Duser.language=en -Duser.variant 
java_command: io.angrybirds.lwjgl3.Lwjgl3Launcher
java_class_path (initial): C:\Users\aditya\Downloads\zip\AngryBirds-main\io.angrybirds\lwjgl3\build\classes\java\main;C:\Users\aditya\Downloads\zip\AngryBirds-main\io.angrybirds\lwjgl3\build\resources\main;C:\Users\aditya\.gradle\caches\modules-2\files-2.1\com.badlogicgames.gdx\gdx-backend-lwjgl3\1.13.0\bd205dae964d9e06432a14bc29de98ae22b0e342\gdx-backend-lwjgl3-1.13.0.jar;C:\Users\aditya\.gradle\caches\modules-2\files-2.1\com.badlogicgames.gdx\gdx-box2d-platform\1.13.0\ba92923a9b6b75a20212e8ca215fa22f93810da8\gdx-box2d-platform-1.13.0-natives-desktop.jar;C:\Users\aditya\.gradle\caches\modules-2\files-2.1\com.badlogicgames.gdx\gdx-platform\1.13.0\86a8c9c55b62d5ea3a6532d25f3afa8314f69e78\gdx-platform-1.13.0-natives-desktop.jar;C:\Users\aditya\Downloads\zip\AngryBirds-main\io.angrybirds\core\build\libs\core-$projectVersion.jar;C:\Users\aditya\.gradle\caches\modules-2\files-2.1\com.badlogicgames.gdx\gdx-box2d\1.13.0\4e3dec7944c9f1972a6628922b54390a4f4dea44\gdx-box2d-1.13.0.jar;C:\Users\aditya\.gradle\caches\modules-2\files-2.1\com.badlogicgames.gdx\gdx\1.13.0\5ad34f11004a70f4f2c55456461ab1dbf438eeea\gdx-1.13.0.jar;C:\Users\aditya\.gradle\caches\modules-2\files-2.1\org.lwjgl\lwjgl-glfw\3.3.4\7e46ecdec85db8738053cfde1414352cd62dab74\lwjgl-glfw-3.3.4.jar;C:\Users\aditya\.gradle\caches\modules-2\files-2.1\org.lwjgl\lwjgl-glfw\3.3.4\91e3d4b56d6d1369ef107b9d7801c9f38125c590\lwjgl-glfw-3.3.4-natives-linux.jar;C:\Users\aditya\.gradle\caches\modules-2\files-2.1\org.lwjgl\lwjgl-glfw\3.3.4\449b8e4b7cf5c91b307605196230be84b1c51e9c\lwjgl-glfw-3.3.4-natives-linux-arm32.jar;C:\Users\aditya\.gradle\caches\modules-2\files-2.1\org.lwjgl\lwjgl-glfw\3.3.4\6ed16dab2ee0d1325bcc5c0fdeabf53d2695fce2\lwjgl-glfw-3.3.4-natives-linux-arm64.jar;C:\Users\aditya\.gradle\caches\modules-2\files-2.1\org.lwjgl\lwjgl-glfw\3.3.4\9582481036b6fb762c3f791e2ed26128152a1cec\lwjgl-glfw-3.3.4-natives-linux-riscv64.jar;C:\Users\aditya\.gradle\caches\modules-2\files-2.1\org.lwjgl\lwjgl-glfw\3.3.4\753fa860987242ceefa990a6062a18dff4908a33\lwjgl-glfw-3.3.4-natives-macos.jar;C:\Users\aditya\.gradle\caches\modules-2\files-2.1\org.lwjgl\lwjgl-glfw\3.3.4\4c358e983516fb6318b76c892ac35b79e8f2f8d9\lwjgl-glfw-3.3.4-natives-macos-arm64.jar;C:\Users\aditya\.gradle\caches\modules-2\files-2.1\org.lwjgl\lwjgl-glfw\3.3.4\370ef92d15819a123c643dd2b0fc3a2d40bb263c\lwjgl-glfw-3.3.4-natives-windows.jar;C:\Users\aditya\.gradle\caches\modules-2\files-2.1\org.lwjgl\lwjgl-glfw\3.3.4\3dbc102949a66255b95a31c2471f4c6a22b22737\lwjgl-glfw-3.3.4-natives-windows-x86.jar;C:\Users\aditya\.gradle\caches\modules-2\files-2.1\org.lwjgl\lwjgl-jemalloc\3.3.4\e3f5dcb8e13f3a5ed3f740fd30a114cee2a80bc4\lwjgl-jemalloc-3.3.4.jar;C:\Users\aditya\.gradle\caches\modules-2\files-2.1\org.lwjgl\lwjgl-jemalloc\3.3.4\4cf2f56192436b563f30524a5b389f3b37cae4af\lwjgl-jemalloc-3.3.4-natives-linux.jar;C:\Users\aditya\.gradle\caches\modules-2\files-2.1\org.lwjgl\lwjgl-jemalloc\3.3.4\ff12080e919f34a9fb9dae32c26b36048d1f3393\lwjgl-jemalloc-3.3.4-natives-linux-arm32.jar;C:\Users\aditya\.gradle\caches\modules-2\files-2.1\org.lwjgl\lwjgl-jemalloc\3.3.4\ebb67e23b0b83a8ee30f7b17eba6f289a43fd3f5\lwjgl-jemalloc-3.3.4-natives-linux-arm64.jar;C:\Users\aditya\.gradle\caches\modules-2\files-2.1\org.lwjgl\lwjgl-jemalloc\3.3.4\6c5d38aad1dbd1c4945bcbe86640e616ceb9588f\lwjgl-jemalloc-3.3.4-natives-linux-riscv64.jar;C:\Users\aditya\.gradle\caches\modules-2\files-2.1\org.lwjgl\lwjgl-jemalloc\3.3.4\bc99a9862de25a9bee2e340a2d404cd8933c5299\lwjgl-jemalloc-3.3.4-natives-macos.jar;C:\Users\aditya\.gradle\caches\modules-2\files-2.1\org.lwjgl\lwjgl-jemalloc\3.3.4\f7a7d32a5ec6b5f20756e8ea9aa54ec7e5401c4f\lwjgl-jemalloc-3.3.4-natives-macos-arm64.jar;C:\Users\aditya\.gradle\caches\modules-2\files-2.1\org.lwjgl\lwjgl-jemalloc\3.3.4\4fa19a3d8262e2d73d9632b70b753a2b67552951\lwjgl-jemalloc-3.3.4-natives-windows.jar;C:\Users\aditya\.gradle\caches\modules-2\files-2.1\org.lwjgl\lwjgl-jemalloc\3.3.4\54087cafb7c5e0d5dc440d1aa61fae9a7b384785\lwjgl-jemalloc-3.3.4-natives-windows-x86.jar;C:\Users\aditya\.gradle\caches\modules-2\files-2.1\org.lwjgl\lwjgl-openal\3.3.4\9b74d3ea380c83353d42af43ad9659e04dabe84a\lwjgl-openal-3.3.4.jar;C:\Users\aditya\.gradle\caches\modules-2\files-2.1\org.lwjgl\lwjgl-openal\3.3.4\45189277b5ac64b849de7293e8b1ef2cf2082102\lwjgl-openal-3.3.4-natives-linux.jar;C:\Users\aditya\.gradle\caches\modules-2\files-2.1\org.lwjgl\lwjgl-openal\3.3.4\2f9f237a80067a62ea6b5d2ca8e6ba7f09bdcdc6\lwjgl-openal-3.3.4-natives-linux-arm32.jar;C:\Users\aditya\.gradle\caches\modules-2\files-2.1\org.lwjgl\lwjgl-openal\3.3.4\81d51b1e4c0094d2888bd2fe8452af9afbf9838e\lwjgl-openal-3.3.4-natives-linux-arm64.jar;C:\Users\aditya\.gradle\caches\modules-2\files-2.1\org.lwjgl\lwjgl-openal\3.3.4\74c5ddf47ad6bee41348bbb0735008694b5315af\lwjgl-openal-3.3.4-natives-linux-riscv64.jar;C:\Users\aditya\.gradle\caches\modules-2\files-2.1\org.lwjgl\lwjgl-openal\3.3.4\e2adb6049c1931bdebd98844bca17b9ac2758447\lwjgl-openal-3.3.4-natives-macos.jar;C:\Users\aditya\.gradle\caches\modules-2\files-2.1\org.lwjgl\lwjgl-openal\3.3.4\a5dd94302fe588b081a5e5beecbfc4584a109c97\lwjgl-openal-3.3.4-natives-macos-arm64.jar;C:\Users\aditya\.gradle\caches\modules-2\files-2.1\org.lwjgl\lwjgl-openal\3.3.4\c4de8af803aacda71044418095a71cd63b569a15\lwjgl-openal-3.3.4-natives-windows.jar;C:\Users\aditya\.gradle\caches\modules-2\files-2.1\org.lwjgl\lwjgl-openal\3.3.4\35ccf6e634931b2f980bd232def11f81e66484a6\lwjgl-openal-3.3.4-natives-windows-x86.jar;C:\Users\aditya\.gradle\caches\modules-2\files-2.1\org.lwjgl\lwjgl-opengl\3.3.4\2852ac7d9f6fc71349f1ce28e2708ff1977f18af\lwjgl-opengl-3.3.4.jar;C:\Users\aditya\.gradle\caches\modules-2\files-2.1\org.lwjgl\lwjgl-opengl\3.3.4\789df76d2e3da55349d858dfb81442149af7c7f4\lwjgl-opengl-3.3.4-natives-linux.jar;C:\Users\aditya\.gradle\caches\modules-2\files-2.1\org.lwjgl\lwjgl-opengl\3.3.4\34d3574cdb6acaf41e809f935d8917dbb65ca5e6\lwjgl-opengl-3.3.4-natives-linux-arm32.jar;C:\Users\aditya\.gradle\caches\modules-2\files-2.1\org.lwjgl\lwjgl-opengl\3.3.4\26dfff75b853db7c5f1f37397c6f4899a4e24416\lwjgl-opengl-3.3.4-natives-linux-arm64.jar;C:\Users\aditya\.gradle\caches\modules-2\files-2.1\org.lwjgl\lwjgl-opengl\3.3.4\6ea07b47dd91af8f3ee4a24ddb3cbf086d157a4e\lwjgl-opengl-3.3.4-natives-linux-riscv64.jar;C:\Users\aditya\.gradle\caches\modules-2\files-2.1\org.lwjgl\lwjgl-opengl\3.3.4\ae0dd9d292744114f54d268a98cf1cd748b9994d\lwjgl-opengl-3.3.4-natives-macos.jar;C:\Users\aditya\.gradle\caches\modules-2\files-2.1\org.lwjgl\lwjgl-opengl\3.3.4\832e7deef981577ee7aeb3b9e1c74bc0e5d26cce\lwjgl-opengl-3.3.4-natives-macos-arm64.jar;C:\Users\aditya\.gradle\caches\modules-2\files-2.1\org.lwjgl\lwjgl-opengl\3.3.4\f7ca4e75573a9ce83075bd86bc8a3e49ff106696\lwjgl-opengl-3.3.4-natives-windows.jar;C:\Users\aditya\.gradle\caches\modules-2\files-2.1\org.lwjgl\lwjgl-opengl\3.3.4\b6d5c724826bac85640a6049f0a1ddf431181126\lwjgl-opengl-3.3.4-natives-windows-x86.jar;C:\Users\aditya\.gradle\caches\modules-2\files-2.1\org.lwjgl\lwjgl-stb\3.3.4\5821735d5ef23f6da8542887344e57eb181b7cac\lwjgl-stb-3.3.4.jar;C:\Users\aditya\.gradle\caches\modules-2\files-2.1\org.lwjgl\lwjgl-stb\3.3.4\dfc129f009495e6effe8a023d7c3f9cf519e86e3\lwjgl-stb-3.3.4-natives-linux.jar;C:\Users\aditya\.gradle\caches\modules-2\files-2.1\org.lwjgl\lwjgl-stb\3.3.4\d0df615de25e86afb4fec1ff20410a45797b5954\lwjgl-stb-3.3.4-natives-linux-arm32.jar;C:\Users\aditya\.gradle\caches\modules-2\files-2.1\org.lwjgl\lwjgl-stb\3.3.4\8a3459c48b72822997cb5b417cd8a4fd7766aecb\lwjgl-stb-3.3.4-natives-linux-arm64.jar;C:\Users\aditya\.gradle\caches\modules-2\files-2.1\org.lwjgl\lwjgl-stb\3.3.4\502804ee61eb7adb30bbb5e4459899f9a0cb23cf\lwjgl-stb-3.3.4-natives-linux-riscv64.jar;C:\Users\aditya\.gradle\caches\modules-2\files-2.1\org.lwjgl\lwjgl-stb\3.3.4\7f4d84292e503b155d9c251fdbdf5c3a8ec0545\lwjgl-stb-3.3.4-natives-macos.jar;C:\Users\aditya\.gradle\caches\modules-2\files-2.1\org.lwjgl\lwjgl-stb\3.3.4\42ce7e0be333378860b1aa9c0904478ee854a003\lwjgl-stb-3.3.4-natives-macos-arm64.jar;C:\Users\aditya\.gradle\caches\modules-2\files-2.1\org.lwjgl\lwjgl-stb\3.3.4\8310e565463ec8d369528e8b26a9b1518d079a01\lwjgl-stb-3.3.4-natives-windows.jar;C:\Users\aditya\.gradle\caches\modules-2\files-2.1\org.lwjgl\lwjgl-stb\3.3.4\d09beab94b973d0d919b1ceb3e057508c1f203f8\lwjgl-stb-3.3.4-natives-windows-x86.jar;C:\Users\aditya\.gradle\caches\modules-2\files-2.1\org.lwjgl\lwjgl\3.3.4\b86c3e4832426e8a6b466013b7cb34b40e9ce956\lwjgl-3.3.4.jar;C:\Users\aditya\.gradle\caches\modules-2\files-2.1\org.lwjgl\lwjgl\3.3.4\a7ccba1d3f2fef214943e74335a80cc65d04e49\lwjgl-3.3.4-natives-linux.jar;C:\Users\aditya\.gradle\caches\modules-2\files-2.1\org.lwjgl\lwjgl\3.3.4\da1e9d39555144fd0445e542c6f57abb199d7e79\lwjgl-3.3.4-natives-linux-arm32.jar;C:\Users\aditya\.gradle\caches\modules-2\files-2.1\org.lwjgl\lwjgl\3.3.4\620ead288ea92391f405003bfefcdef4588aa856\lwjgl-3.3.4-natives-linux-arm64.jar;C:\Users\aditya\.gradle\caches\modules-2\files-2.1\org.lwjgl\lwjgl\3.3.4\3ce36a5c5e6feb61bad2ea1426352482e04c6db1\lwjgl-3.3.4-natives-linux-riscv64.jar;C:\Users\aditya\.gradle\caches\modules-2\files-2.1\org.lwjgl\lwjgl\3.3.4\f952bb0894c946445942431de2e311feee635c00\lwjgl-3.3.4-natives-macos.jar;C:\Users\aditya\.gradle\caches\modules-2\files-2.1\org.lwjgl\lwjgl\3.3.4\d12785da7cdca4921603b5dd83f712f5cdba3fc4\lwjgl-3.3.4-natives-macos-arm64.jar;C:\Users\aditya\.gradle\caches\modules-2\files-2.1\org.lwjgl\lwjgl\3.3.4\dd0927c1348cdcd9573fa24b7278ec1ac2bb0a76\lwjgl-3.3.4-natives-windows.jar;C:\Users\aditya\.gradle\caches\modules-2\files-2.1\org.lwjgl\lwjgl\3.3.4\4da2cf3d17e4f8c654f71b0ce003712e540c1a9f\lwjgl-3.3.4-natives-windows-x86.jar;C:\Users\aditya\.gradle\caches\modules-2\files-2.1\com.badlogicgames.jlayer\jlayer\1.0.1-gdx\7cca83cec5c1b2f011362f4d85aabd71a73b049d\jlayer-1.0.1-gdx.jar;C:\Users\aditya\.gradle\caches\modules-2\files-2.1\org.jcraft\jorbis\0.0.17\8872d22b293e8f5d7d56ff92be966e6dc28ebdc6\jorbis-0.0.17.jar;C:\Users\aditya\.gradle\caches\modules-2\files-2.1\com.badlogicgames.gdx\gdx-jnigen-loader\2.5.2\f35e90affe07c46b4f5e5958a1a4c1820c4890e2\gdx-jnigen-loader-2.5.2.jar
Launcher Type: SUN_STANDARD

[Global flags]
     intx CICompilerCount                          = 4                                         {product} {ergonomic}
     uint ConcGCThreads                            = 2                                         {product} {ergonomic}
     uint G1ConcRefinementThreads                  = 8                                         {product} {ergonomic}
   size_t G1HeapRegionSize                         = 2097152                                   {product} {ergonomic}
   size_t InitialHeapSize                          = 264241152                                 {product} {ergonomic}
   size_t MarkStackSize                            = 4194304                                   {product} {ergonomic}
   size_t MarkStackSizeMax                         = 536870912                                 {product} {ergonomic}
   size_t MaxHeapSize                              = 4213178368                                {product} {ergonomic}
   size_t MaxNewSize                               = 2527068160                                {product} {ergonomic}
   size_t MinHeapDeltaBytes                        = 2097152                                   {product} {ergonomic}
   size_t MinHeapSize                              = 8388608                                   {product} {ergonomic}
    uintx NonNMethodCodeHeapSize                   = 5832704                                {pd product} {ergonomic}
    uintx NonProfiledCodeHeapSize                  = 122945536                              {pd product} {ergonomic}
    uintx ProfiledCodeHeapSize                     = 122880000                              {pd product} {ergonomic}
    uintx ReservedCodeCacheSize                    = 251658240                              {pd product} {ergonomic}
     bool SegmentedCodeCache                       = true                                      {product} {ergonomic}
   size_t SoftMaxHeapSize                          = 4213178368                             {manageable} {ergonomic}
     bool UseCompressedOops                        = true                           {product lp64_product} {ergonomic}
     bool UseG1GC                                  = true                                      {product} {ergonomic}
     bool UseLargePagesIndividualAllocation        = false                                  {pd product} {ergonomic}

Logging:
Log output configuration:
 #0: stdout all=warning uptime,level,tags foldmultilines=false
 #1: stderr all=off uptime,level,tags foldmultilines=false

Environment Variables:
PATH=C:\WINDOWS\system32;C:\WINDOWS;C:\WINDOWS\System32\Wbem;C:\WINDOWS\System32\WindowsPowerShell\v1.0\;C:\WINDOWS\System32\OpenSSH\;C:\Program Files\Neovim\bin;C:\Program Files\VSCodium\bin;C:\Program Files\Git\cmd;C:\Program Files\dotnet\;C:\Users\aditya\AppData\Local\Microsoft\WindowsApps
USERNAME=aditya
OS=Windows_NT
PROCESSOR_IDENTIFIER=Intel64 Family 6 Model 142 Stepping 12, GenuineIntel
TMP=C:\Users\aditya\AppData\Local\Temp
TEMP=C:\Users\aditya\AppData\Local\Temp




Periodic native trim disabled

---------------  S Y S T E M  ---------------

OS:
 Windows 11 , 64 bit Build 26100 (10.0.26100.2161)
OS uptime: 0 days 4:33 hours
Hyper-V role detected

CPU: total 8 (initial active 8) (4 cores per cpu, 2 threads per core) family 6 model 142 stepping 12 microcode 0xf8, cx8, cmov, fxsr, ht, mmx, 3dnowpref, sse, sse2, sse3, ssse3, sse4.1, sse4.2, popcnt, lzcnt, tsc, tscinvbit, avx, avx2, aes, erms, clmul, bmi1, bmi2, adx, fma, vzeroupper, clflush, clflushopt, hv, rdtscp, f16c
Processor Information for the first 8 processors :
  Max Mhz: 2304, Current Mhz: 1803, Mhz Limit: 1797

Memory: 4k page, system-wide physical 16066M (7887M free)
TotalPageFile size 19470M (AvailPageFile size 5780M)
current process WorkingSet (physical memory assigned to process): 867M, peak: 867M
current process commit charge ("private bytes"): 1106M, peak: 1108M

vm_info: OpenJDK 64-Bit Server VM (23.0.1+11-39) for windows-amd64 JRE (23.0.1+11-39), built on 2024-09-30T07:20:43Z with MS VC++ 17.6 (VS2022)

END.
